[ 2017-05-26T00:00:21+08:00 ] ::1 /sys/admin.php/User/login.html
INFO: [ app_init ] --START--
INFO: Run Behavior\BuildLiteBehavior [ RunTime:0.000027s ]
INFO: [ app_init ] --END-- [ RunTime:0.000695s ]
INFO: [ app_begin ] --START--
INFO: Run Behavior\ReadHtmlCacheBehavior [ RunTime:0.000780s ]
INFO: [ app_begin ] --END-- [ RunTime:0.000895s ]
INFO: [ view_parse ] --START--
INFO: [ template_filter ] --START--
INFO: Run Behavior\ContentReplaceBehavior [ RunTime:0.000065s ]
INFO: [ template_filter ] --END-- [ RunTime:0.000169s ]
INFO: Run Behavior\ParseTemplateBehavior [ RunTime:0.006378s ]
INFO: [ view_parse ] --END-- [ RunTime:0.006471s ]
INFO: [ view_filter ] --START--
INFO: Run Behavior\WriteHtmlCacheBehavior [ RunTime:0.000456s ]
INFO: [ view_filter ] --END-- [ RunTime:0.000555s ]
INFO: [ app_end ] --START--
INFO: Run Behavior\ShowPageTraceBehavior [ RunTime:0.000779s ]
INFO: [ app_end ] --END-- [ RunTime:0.000884s ]

[ 2017-05-26T00:00:21+08:00 ] ::1 /sys/admin.php/User/css/master.css
INFO: [ app_init ] --START--
INFO: Run Behavior\BuildLiteBehavior [ RunTime:0.000029s ]
INFO: [ app_init ] --END-- [ RunTime:0.000419s ]
INFO: [ app_begin ] --START--
INFO: Run Behavior\ReadHtmlCacheBehavior [ RunTime:0.000569s ]
INFO: [ app_begin ] --END-- [ RunTime:0.000751s ]
ERR: 非法操作:css

[ 2017-05-26T00:52:11+08:00 ] ::1 /sys/admin.php/StuInfo/index.html
INFO: [ app_init ] --START--
INFO: Run Behavior\BuildLiteBehavior [ RunTime:0.000028s ]
INFO: [ app_init ] --END-- [ RunTime:0.000817s ]
INFO: [ app_begin ] --START--
INFO: Run Behavior\ReadHtmlCacheBehavior [ RunTime:0.000687s ]
INFO: [ app_begin ] --END-- [ RunTime:0.000853s ]
SQL: SHOW COLUMNS FROM `acm_user` [ RunTime:0.0006s ]
SQL: SELECT COUNT(*) AS tp_count FROM `acm_user` WHERE `is_passed` = 1 AND `nickname` LIKE '%%' LIMIT 1   [ RunTime:0.0003s ]
SQL: SELECT `id`,`nickname`,`institude`,`grade` FROM `acm_user` WHERE `is_passed` = 1 AND `nickname` LIKE '%%' LIMIT 0,8   [ RunTime:0.0004s ]
INFO: [ view_parse ] --START--
INFO: [ template_filter ] --START--
INFO: Run Behavior\ContentReplaceBehavior [ RunTime:0.000077s ]
INFO: [ template_filter ] --END-- [ RunTime:0.000173s ]
SQL: SELECT COUNT(*) AS tp_count FROM `acm_user` WHERE `is_passed` = 0 LIMIT 1   [ RunTime:0.0003s ]
INFO: [ view_parse ] --START--
INFO: Run Behavior\ParseTemplateBehavior [ RunTime:0.000677s ]
INFO: [ view_parse ] --END-- [ RunTime:0.000841s ]
INFO: [ view_filter ] --START--
INFO: Run Behavior\WriteHtmlCacheBehavior [ RunTime:0.000482s ]
INFO: [ view_filter ] --END-- [ RunTime:0.000570s ]
INFO: Run Behavior\ParseTemplateBehavior [ RunTime:0.002809s ]
INFO: [ view_parse ] --END-- [ RunTime:0.000841s ]
INFO: [ view_filter ] --START--
INFO: Run Behavior\WriteHtmlCacheBehavior [ RunTime:0.000021s ]
INFO: [ view_filter ] --END-- [ RunTime:-0.001465s ]
INFO: [ app_end ] --START--
INFO: Run Behavior\ShowPageTraceBehavior [ RunTime:0.000898s ]
INFO: [ app_end ] --END-- [ RunTime:0.001050s ]

[ 2017-05-26T00:52:13+08:00 ] ::1 /sys/admin.php/Class/ShowClass.html
INFO: [ app_init ] --START--
INFO: Run Behavior\BuildLiteBehavior [ RunTime:0.000017s ]
INFO: [ app_init ] --END-- [ RunTime:0.000272s ]
INFO: [ app_begin ] --START--
INFO: Run Behavior\ReadHtmlCacheBehavior [ RunTime:0.000301s ]
INFO: [ app_begin ] --END-- [ RunTime:0.000385s ]
SQL: SHOW COLUMNS FROM `acm_clazz` [ RunTime:0.0008s ]
SQL: SELECT COUNT(*) AS tp_count FROM `acm_clazz` LIMIT 1   [ RunTime:0.0004s ]
SQL: SELECT `id`,`clazzname`,`level` FROM `acm_clazz` LIMIT 0,12   [ RunTime:0.0005s ]
INFO: [ view_parse ] --START--
INFO: [ template_filter ] --START--
INFO: Run Behavior\ContentReplaceBehavior [ RunTime:0.000115s ]
INFO: [ template_filter ] --END-- [ RunTime:0.000270s ]
SQL: SHOW COLUMNS FROM `acm_user` [ RunTime:0.0006s ]
SQL: SELECT COUNT(*) AS tp_count FROM `acm_user` WHERE `is_passed` = 0 LIMIT 1   [ RunTime:0.0004s ]
INFO: [ view_parse ] --START--
INFO: Run Behavior\ParseTemplateBehavior [ RunTime:0.000342s ]
INFO: [ view_parse ] --END-- [ RunTime:0.000483s ]
INFO: [ view_filter ] --START--
INFO: Run Behavior\WriteHtmlCacheBehavior [ RunTime:0.000221s ]
INFO: [ view_filter ] --END-- [ RunTime:0.000347s ]
INFO: Run Behavior\ParseTemplateBehavior [ RunTime:0.002740s ]
INFO: [ view_parse ] --END-- [ RunTime:0.000483s ]
INFO: [ view_filter ] --START--
INFO: Run Behavior\WriteHtmlCacheBehavior [ RunTime:0.000022s ]
INFO: [ view_filter ] --END-- [ RunTime:-0.002038s ]
INFO: [ app_end ] --START--
INFO: Run Behavior\ShowPageTraceBehavior [ RunTime:0.000593s ]
INFO: [ app_end ] --END-- [ RunTime:0.000723s ]

[ 2017-05-26T00:52:14+08:00 ] ::1 /sys/admin.php/Check/CheckStuSelect.html
INFO: [ app_init ] --START--
INFO: Run Behavior\BuildLiteBehavior [ RunTime:0.000017s ]
INFO: [ app_init ] --END-- [ RunTime:0.000252s ]
INFO: [ app_begin ] --START--
INFO: Run Behavior\ReadHtmlCacheBehavior [ RunTime:0.000287s ]
INFO: [ app_begin ] --END-- [ RunTime:0.000393s ]
SQL: SHOW COLUMNS FROM `acm_check_clazz` [ RunTime:0.0005s ]
SQL: SELECT * FROM `acm_check_clazz`  [ RunTime:0.0002s ]
SQL: SHOW COLUMNS FROM `acm_check_clazz` [ RunTime:0.0003s ]
SQL: SELECT a.id as id,user.id as userid,user.nickname as nickname,clazz.id as clazzid,clazz.clazzname as clazzname,a.checktime as checktime FROM acm_check_clazz a,acm_user user,acm_clazz clazz WHERE ( a.id_clazz = clazz.id and a.id_stu = user.id )  [ RunTime:0.0003s ]
INFO: [ view_parse ] --START--
INFO: [ template_filter ] --START--
INFO: Run Behavior\ContentReplaceBehavior [ RunTime:0.000073s ]
INFO: [ template_filter ] --END-- [ RunTime:0.000168s ]
SQL: SHOW COLUMNS FROM `acm_user` [ RunTime:0.0007s ]
SQL: SELECT COUNT(*) AS tp_count FROM `acm_user` WHERE `is_passed` = 0 LIMIT 1   [ RunTime:0.0003s ]
INFO: [ view_parse ] --START--
INFO: Run Behavior\ParseTemplateBehavior [ RunTime:0.000205s ]
INFO: [ view_parse ] --END-- [ RunTime:0.000285s ]
INFO: [ view_filter ] --START--
INFO: Run Behavior\WriteHtmlCacheBehavior [ RunTime:0.000134s ]
INFO: [ view_filter ] --END-- [ RunTime:0.000203s ]
INFO: Run Behavior\ParseTemplateBehavior [ RunTime:0.001738s ]
INFO: [ view_parse ] --END-- [ RunTime:0.000285s ]
INFO: [ view_filter ] --START--
INFO: Run Behavior\WriteHtmlCacheBehavior [ RunTime:0.000019s ]
INFO: [ view_filter ] --END-- [ RunTime:-0.001330s ]
INFO: [ app_end ] --START--
INFO: Run Behavior\ShowPageTraceBehavior [ RunTime:0.000687s ]
INFO: [ app_end ] --END-- [ RunTime:0.000884s ]

[ 2017-05-26T00:52:14+08:00 ] ::1 /sys/admin.php/Class/ShowClass.html
INFO: [ app_init ] --START--
INFO: Run Behavior\BuildLiteBehavior [ RunTime:0.000021s ]
INFO: [ app_init ] --END-- [ RunTime:0.000291s ]
INFO: [ app_begin ] --START--
INFO: Run Behavior\ReadHtmlCacheBehavior [ RunTime:0.000332s ]
INFO: [ app_begin ] --END-- [ RunTime:0.000421s ]
SQL: SHOW COLUMNS FROM `acm_clazz` [ RunTime:0.0005s ]
SQL: SELECT COUNT(*) AS tp_count FROM `acm_clazz` LIMIT 1   [ RunTime:0.0002s ]
SQL: SELECT `id`,`clazzname`,`level` FROM `acm_clazz` LIMIT 0,12   [ RunTime:0.0003s ]
INFO: [ view_parse ] --START--
INFO: [ template_filter ] --START--
INFO: Run Behavior\ContentReplaceBehavior [ RunTime:0.000064s ]
INFO: [ template_filter ] --END-- [ RunTime:0.000148s ]
SQL: SHOW COLUMNS FROM `acm_user` [ RunTime:0.0006s ]
SQL: SELECT COUNT(*) AS tp_count FROM `acm_user` WHERE `is_passed` = 0 LIMIT 1   [ RunTime:0.0003s ]
INFO: [ view_parse ] --START--
INFO: Run Behavior\ParseTemplateBehavior [ RunTime:0.000214s ]
INFO: [ view_parse ] --END-- [ RunTime:0.000299s ]
INFO: [ view_filter ] --START--
INFO: Run Behavior\WriteHtmlCacheBehavior [ RunTime:0.000132s ]
INFO: [ view_filter ] --END-- [ RunTime:0.000201s ]
INFO: Run Behavior\ParseTemplateBehavior [ RunTime:0.001584s ]
INFO: [ view_parse ] --END-- [ RunTime:0.000299s ]
INFO: [ view_filter ] --START--
INFO: Run Behavior\WriteHtmlCacheBehavior [ RunTime:0.000017s ]
INFO: [ view_filter ] --END-- [ RunTime:-0.001142s ]
INFO: [ app_end ] --START--
INFO: Run Behavior\ShowPageTraceBehavior [ RunTime:0.000547s ]
INFO: [ app_end ] --END-- [ RunTime:0.000717s ]

[ 2017-05-26T00:52:16+08:00 ] ::1 /sys/admin.php/OneClass/1
INFO: [ app_init ] --START--
INFO: Run Behavior\BuildLiteBehavior [ RunTime:0.000020s ]
INFO: [ app_init ] --END-- [ RunTime:0.000289s ]
INFO: [ app_begin ] --START--
INFO: Run Behavior\ReadHtmlCacheBehavior [ RunTime:0.000286s ]
INFO: [ app_begin ] --END-- [ RunTime:0.000362s ]
SQL: SHOW COLUMNS FROM `acm_clazz` [ RunTime:0.0004s ]
SQL: SELECT * FROM `acm_clazz` WHERE `id` = 1  [ RunTime:0.0003s ]
SQL: SHOW COLUMNS FROM `acm_user_clazz` [ RunTime:0.0003s ]
SQL: SELECT COUNT(*) AS tp_count FROM `acm_user_clazz` WHERE ( clazz_id=1 ) LIMIT 1   [ RunTime:0.0003s ]
SQL: SHOW COLUMNS FROM `acm_user_clazz` [ RunTime:0.0004s ]
SQL: SELECT stu.id as id,stu.nickname as nickname FROM acm_user_clazz a,acm_user stu WHERE ( a.clazz_id=1 and stu.id = a.user_id and stu.level = 0 )  [ RunTime:0.0003s ]
SQL: SHOW COLUMNS FROM `acm_user_clazz` [ RunTime:0.0003s ]
SQL: SELECT stu.id as id,stu.nickname as nickname,stu.grade as grade FROM acm_user_clazz a,acm_user stu,acm_user_admin ad WHERE ( a.clazz_id=1 and stu.id = a.user_id and stu.level = 1 and ad.clazz_id=1 )  [ RunTime:0.0003s ]
SQL: SHOW COLUMNS FROM `acm_clazz_work` [ RunTime:0.0004s ]
SQL: SELECT * FROM `acm_clazz_work` WHERE ( clazz_id=1 )  [ RunTime:0.0003s ]
INFO: [ view_parse ] --START--
INFO: [ template_filter ] --START--
INFO: Run Behavior\ContentReplaceBehavior [ RunTime:0.000090s ]
INFO: [ template_filter ] --END-- [ RunTime:0.000170s ]
SQL: SHOW COLUMNS FROM `acm_user` [ RunTime:0.0008s ]
SQL: SELECT COUNT(*) AS tp_count FROM `acm_user` WHERE `is_passed` = 0 LIMIT 1   [ RunTime:0.0004s ]
INFO: [ view_parse ] --START--
INFO: Run Behavior\ParseTemplateBehavior [ RunTime:0.000255s ]
INFO: [ view_parse ] --END-- [ RunTime:0.000339s ]
INFO: [ view_filter ] --START--
INFO: Run Behavior\WriteHtmlCacheBehavior [ RunTime:0.000145s ]
INFO: [ view_filter ] --END-- [ RunTime:0.000217s ]
NOTIC: [8] A non well formed numeric value encountered /Library/WebServer/Documents/sys/Application/Runtime/Cache/Admin/12b9db679feabfac0f049c0ff352ce47.php 第 208 行.
INFO: Run Behavior\ParseTemplateBehavior [ RunTime:0.003296s ]
INFO: [ view_parse ] --END-- [ RunTime:0.000339s ]
INFO: [ view_filter ] --START--
INFO: Run Behavior\WriteHtmlCacheBehavior [ RunTime:0.000030s ]
INFO: [ view_filter ] --END-- [ RunTime:-0.002869s ]
INFO: [ app_end ] --START--
INFO: Run Behavior\ShowPageTraceBehavior [ RunTime:0.000652s ]
INFO: [ app_end ] --END-- [ RunTime:0.000911s ]

[ 2017-05-26T00:52:24+08:00 ] ::1 /sys/admin.php/StuInfo/index.html
INFO: [ app_init ] --START--
INFO: Run Behavior\BuildLiteBehavior [ RunTime:0.000035s ]
INFO: [ app_init ] --END-- [ RunTime:0.000778s ]
INFO: [ app_begin ] --START--
INFO: Run Behavior\ReadHtmlCacheBehavior [ RunTime:0.000493s ]
INFO: [ app_begin ] --END-- [ RunTime:0.000633s ]
SQL: SHOW COLUMNS FROM `acm_user` [ RunTime:0.0009s ]
SQL: SELECT COUNT(*) AS tp_count FROM `acm_user` WHERE `is_passed` = 1 AND `nickname` LIKE '%%' LIMIT 1   [ RunTime:0.0009s ]
SQL: SELECT `id`,`nickname`,`institude`,`grade` FROM `acm_user` WHERE `is_passed` = 1 AND `nickname` LIKE '%%' LIMIT 0,8   [ RunTime:0.0008s ]
INFO: [ view_parse ] --START--
INFO: [ template_filter ] --START--
INFO: Run Behavior\ContentReplaceBehavior [ RunTime:0.000124s ]
INFO: [ template_filter ] --END-- [ RunTime:0.000314s ]
SQL: SELECT COUNT(*) AS tp_count FROM `acm_user` WHERE `is_passed` = 0 LIMIT 1   [ RunTime:0.0004s ]
INFO: [ view_parse ] --START--
INFO: Run Behavior\ParseTemplateBehavior [ RunTime:0.000226s ]
INFO: [ view_parse ] --END-- [ RunTime:0.000307s ]
INFO: [ view_filter ] --START--
INFO: Run Behavior\WriteHtmlCacheBehavior [ RunTime:0.000141s ]
INFO: [ view_filter ] --END-- [ RunTime:0.000212s ]
INFO: Run Behavior\ParseTemplateBehavior [ RunTime:0.002187s ]
INFO: [ view_parse ] --END-- [ RunTime:0.000307s ]
INFO: [ view_filter ] --START--
INFO: Run Behavior\WriteHtmlCacheBehavior [ RunTime:0.000041s ]
INFO: [ view_filter ] --END-- [ RunTime:-0.001798s ]
INFO: [ app_end ] --START--
INFO: Run Behavior\ShowPageTraceBehavior [ RunTime:0.000646s ]
INFO: [ app_end ] --END-- [ RunTime:0.000801s ]

[ 2017-05-26T00:53:39+08:00 ] ::1 /sys/admin.php/StuInfo/addStu.html
INFO: [ app_init ] --START--
INFO: Run Behavior\BuildLiteBehavior [ RunTime:0.000027s ]
INFO: [ app_init ] --END-- [ RunTime:0.000895s ]
INFO: [ app_begin ] --START--
INFO: Run Behavior\ReadHtmlCacheBehavior [ RunTime:0.000886s ]
INFO: [ app_begin ] --END-- [ RunTime:0.001022s ]
INFO: [ view_parse ] --START--
INFO: [ template_filter ] --START--
INFO: Run Behavior\ContentReplaceBehavior [ RunTime:0.000141s ]
INFO: [ template_filter ] --END-- [ RunTime:0.000316s ]
SQL: SHOW COLUMNS FROM `acm_user` [ RunTime:0.0006s ]
SQL: SELECT COUNT(*) AS tp_count FROM `acm_user` WHERE `is_passed` = 0 LIMIT 1   [ RunTime:0.0004s ]
INFO: [ view_parse ] --START--
INFO: Run Behavior\ParseTemplateBehavior [ RunTime:0.000639s ]
INFO: [ view_parse ] --END-- [ RunTime:0.000761s ]
INFO: [ view_filter ] --START--
INFO: Run Behavior\WriteHtmlCacheBehavior [ RunTime:0.000528s ]
INFO: [ view_filter ] --END-- [ RunTime:0.000659s ]
INFO: Run Behavior\ParseTemplateBehavior [ RunTime:0.003324s ]
INFO: [ view_parse ] --END-- [ RunTime:0.000761s ]
INFO: [ view_filter ] --START--
INFO: Run Behavior\WriteHtmlCacheBehavior [ RunTime:0.000027s ]
INFO: [ view_filter ] --END-- [ RunTime:-0.002010s ]
INFO: [ app_end ] --START--
INFO: Run Behavior\ShowPageTraceBehavior [ RunTime:0.001139s ]
INFO: [ app_end ] --END-- [ RunTime:0.001381s ]

[ 2017-05-26T00:58:44+08:00 ] ::1 /sys/admin.php/StuInfo/index.html
INFO: [ app_init ] --START--
INFO: Run Behavior\BuildLiteBehavior [ RunTime:0.000024s ]
INFO: [ app_init ] --END-- [ RunTime:0.000587s ]
INFO: [ app_begin ] --START--
INFO: Run Behavior\ReadHtmlCacheBehavior [ RunTime:0.000794s ]
INFO: [ app_begin ] --END-- [ RunTime:0.000910s ]
SQL: SHOW COLUMNS FROM `acm_user` [ RunTime:0.0005s ]
SQL: SELECT COUNT(*) AS tp_count FROM `acm_user` WHERE `is_passed` = 1 AND `nickname` LIKE '%%' LIMIT 1   [ RunTime:0.0003s ]
SQL: SELECT `id`,`nickname`,`institude`,`grade` FROM `acm_user` WHERE `is_passed` = 1 AND `nickname` LIKE '%%' LIMIT 0,8   [ RunTime:0.0004s ]
INFO: [ view_parse ] --START--
INFO: [ template_filter ] --START--
INFO: Run Behavior\ContentReplaceBehavior [ RunTime:0.000070s ]
INFO: [ template_filter ] --END-- [ RunTime:0.000153s ]
SQL: SELECT COUNT(*) AS tp_count FROM `acm_user` WHERE `is_passed` = 0 LIMIT 1   [ RunTime:0.0003s ]
INFO: [ view_parse ] --START--
INFO: Run Behavior\ParseTemplateBehavior [ RunTime:0.000523s ]
INFO: [ view_parse ] --END-- [ RunTime:0.000616s ]
INFO: [ view_filter ] --START--
INFO: Run Behavior\WriteHtmlCacheBehavior [ RunTime:0.000485s ]
INFO: [ view_filter ] --END-- [ RunTime:0.000582s ]
INFO: Run Behavior\ParseTemplateBehavior [ RunTime:0.002656s ]
INFO: [ view_parse ] --END-- [ RunTime:0.000616s ]
INFO: [ view_filter ] --START--
INFO: Run Behavior\WriteHtmlCacheBehavior [ RunTime:0.000018s ]
INFO: [ view_filter ] --END-- [ RunTime:-0.001520s ]
INFO: [ app_end ] --START--
INFO: Run Behavior\ShowPageTraceBehavior [ RunTime:0.000989s ]
INFO: [ app_end ] --END-- [ RunTime:0.001108s ]

[ 2017-05-26T01:02:59+08:00 ] ::1 /sys/admin.php/Account/index.html
INFO: [ app_init ] --START--
INFO: Run Behavior\BuildLiteBehavior [ RunTime:0.000019s ]
INFO: [ app_init ] --END-- [ RunTime:0.000270s ]
INFO: [ app_begin ] --START--
INFO: Run Behavior\ReadHtmlCacheBehavior [ RunTime:0.000291s ]
INFO: [ app_begin ] --END-- [ RunTime:0.000364s ]
SQL: SHOW COLUMNS FROM `acm_user` [ RunTime:0.0006s ]
SQL: SELECT COUNT(*) AS tp_count FROM `acm_user` WHERE `is_passed` = 1 AND `is_locked` = 0 AND `nickname` LIKE '%%' LIMIT 1   [ RunTime:0.0003s ]
SQL: SELECT `id`,`username`,`nickname`,`level` FROM `acm_user` WHERE `is_passed` = 1 AND `is_locked` = 0 AND `nickname` LIKE '%%' LIMIT 0,8   [ RunTime:0.0003s ]
INFO: [ view_parse ] --START--
INFO: [ template_filter ] --START--
INFO: Run Behavior\ContentReplaceBehavior [ RunTime:0.000188s ]
INFO: [ template_filter ] --END-- [ RunTime:0.000347s ]
SQL: SELECT COUNT(*) AS tp_count FROM `acm_user` WHERE `is_passed` = 0 LIMIT 1   [ RunTime:0.0004s ]
INFO: [ view_parse ] --START--
INFO: Run Behavior\ParseTemplateBehavior [ RunTime:0.000234s ]
INFO: [ view_parse ] --END-- [ RunTime:0.000371s ]
INFO: [ view_filter ] --START--
INFO: Run Behavior\WriteHtmlCacheBehavior [ RunTime:0.000141s ]
INFO: [ view_filter ] --END-- [ RunTime:0.000214s ]
INFO: Run Behavior\ParseTemplateBehavior [ RunTime:0.002630s ]
INFO: [ view_parse ] --END-- [ RunTime:0.000371s ]
INFO: [ view_filter ] --START--
INFO: Run Behavior\WriteHtmlCacheBehavior [ RunTime:0.000022s ]
INFO: [ view_filter ] --END-- [ RunTime:-0.002220s ]
INFO: [ app_end ] --START--
INFO: Run Behavior\ShowPageTraceBehavior [ RunTime:0.000787s ]
INFO: [ app_end ] --END-- [ RunTime:0.000953s ]

[ 2017-05-26T01:03:00+08:00 ] ::1 /sys/admin.php/Manager/index.html
INFO: [ app_init ] --START--
INFO: Run Behavior\BuildLiteBehavior [ RunTime:0.000017s ]
INFO: [ app_init ] --END-- [ RunTime:0.000244s ]
INFO: [ app_begin ] --START--
INFO: Run Behavior\ReadHtmlCacheBehavior [ RunTime:0.000262s ]
INFO: [ app_begin ] --END-- [ RunTime:0.000333s ]
SQL: SHOW COLUMNS FROM `acm_admin` [ RunTime:0.0006s ]
SQL: SELECT COUNT(*) AS tp_count FROM `acm_admin` WHERE `id` <> '1' LIMIT 1   [ RunTime:0.0007s ]
SQL: SELECT `id`,`username`,`nickname` FROM `acm_admin` WHERE `id` <> '1' LIMIT 0,8   [ RunTime:0.0004s ]
INFO: [ view_parse ] --START--
INFO: [ template_filter ] --START--
INFO: Run Behavior\ContentReplaceBehavior [ RunTime:0.000074s ]
INFO: [ template_filter ] --END-- [ RunTime:0.000164s ]
SQL: SHOW COLUMNS FROM `acm_user` [ RunTime:0.0006s ]
SQL: SELECT COUNT(*) AS tp_count FROM `acm_user` WHERE `is_passed` = 0 LIMIT 1   [ RunTime:0.0003s ]
INFO: [ view_parse ] --START--
INFO: Run Behavior\ParseTemplateBehavior [ RunTime:0.000225s ]
INFO: [ view_parse ] --END-- [ RunTime:0.000315s ]
INFO: [ view_filter ] --START--
INFO: Run Behavior\WriteHtmlCacheBehavior [ RunTime:0.000147s ]
INFO: [ view_filter ] --END-- [ RunTime:0.000225s ]
INFO: Run Behavior\ParseTemplateBehavior [ RunTime:0.001963s ]
INFO: [ view_parse ] --END-- [ RunTime:0.000315s ]
INFO: [ view_filter ] --START--
INFO: Run Behavior\WriteHtmlCacheBehavior [ RunTime:0.000020s ]
INFO: [ view_filter ] --END-- [ RunTime:-0.001504s ]
INFO: [ app_end ] --START--
INFO: Run Behavior\ShowPageTraceBehavior [ RunTime:0.000919s ]
INFO: [ app_end ] --END-- [ RunTime:0.001220s ]

[ 2017-05-26T01:03:09+08:00 ] ::1 /sys/admin.php/Manager/returnOneAdminInfo.html?id=15&_=1495731780973
INFO: [ app_init ] --START--
INFO: Run Behavior\BuildLiteBehavior [ RunTime:0.000017s ]
INFO: [ app_init ] --END-- [ RunTime:0.000260s ]
INFO: [ app_begin ] --START--
INFO: Run Behavior\ReadHtmlCacheBehavior [ RunTime:0.000272s ]
INFO: [ app_begin ] --END-- [ RunTime:0.000336s ]
SQL: SHOW COLUMNS FROM `acm_admin` [ RunTime:0.0006s ]
SQL: SELECT `id`,`username`,`password`,`nickname`,`email`,`position`,`tecentNumber`,`phoneNumber`,`signUpTime` FROM `acm_admin` WHERE ( id=15 )  [ RunTime:0.0003s ]

[ 2017-05-26T01:03:11+08:00 ] ::1 /sys/admin.php/Manager/index.html
INFO: [ app_init ] --START--
INFO: Run Behavior\BuildLiteBehavior [ RunTime:0.000031s ]
INFO: [ app_init ] --END-- [ RunTime:0.000443s ]
INFO: [ app_begin ] --START--
INFO: Run Behavior\ReadHtmlCacheBehavior [ RunTime:0.000494s ]
INFO: [ app_begin ] --END-- [ RunTime:0.000634s ]
SQL: SHOW COLUMNS FROM `acm_admin` [ RunTime:0.0005s ]
SQL: SELECT COUNT(*) AS tp_count FROM `acm_admin` WHERE `id` <> '1' LIMIT 1   [ RunTime:0.0003s ]
SQL: SELECT `id`,`username`,`nickname` FROM `acm_admin` WHERE `id` <> '1' LIMIT 0,8   [ RunTime:0.0003s ]
INFO: [ view_parse ] --START--
INFO: [ template_filter ] --START--
INFO: Run Behavior\ContentReplaceBehavior [ RunTime:0.000067s ]
INFO: [ template_filter ] --END-- [ RunTime:0.000146s ]
SQL: SHOW COLUMNS FROM `acm_user` [ RunTime:0.0007s ]
SQL: SELECT COUNT(*) AS tp_count FROM `acm_user` WHERE `is_passed` = 0 LIMIT 1   [ RunTime:0.0003s ]
INFO: [ view_parse ] --START--
INFO: Run Behavior\ParseTemplateBehavior [ RunTime:0.000275s ]
INFO: [ view_parse ] --END-- [ RunTime:0.000363s ]
INFO: [ view_filter ] --START--
INFO: Run Behavior\WriteHtmlCacheBehavior [ RunTime:0.000152s ]
INFO: [ view_filter ] --END-- [ RunTime:0.000222s ]
INFO: Run Behavior\ParseTemplateBehavior [ RunTime:0.001773s ]
INFO: [ view_parse ] --END-- [ RunTime:0.000363s ]
INFO: [ view_filter ] --START--
INFO: Run Behavior\WriteHtmlCacheBehavior [ RunTime:0.000020s ]
INFO: [ view_filter ] --END-- [ RunTime:-0.001265s ]
INFO: [ app_end ] --START--
INFO: Run Behavior\ShowPageTraceBehavior [ RunTime:0.000720s ]
INFO: [ app_end ] --END-- [ RunTime:0.000958s ]

[ 2017-05-26T01:03:13+08:00 ] ::1 /sys/admin.php/Account/index.html
INFO: [ app_init ] --START--
INFO: Run Behavior\BuildLiteBehavior [ RunTime:0.000019s ]
INFO: [ app_init ] --END-- [ RunTime:0.000254s ]
INFO: [ app_begin ] --START--
INFO: Run Behavior\ReadHtmlCacheBehavior [ RunTime:0.000488s ]
INFO: [ app_begin ] --END-- [ RunTime:0.000607s ]
SQL: SHOW COLUMNS FROM `acm_user` [ RunTime:0.0005s ]
SQL: SELECT COUNT(*) AS tp_count FROM `acm_user` WHERE `is_passed` = 1 AND `is_locked` = 0 AND `nickname` LIKE '%%' LIMIT 1   [ RunTime:0.0002s ]
SQL: SELECT `id`,`username`,`nickname`,`level` FROM `acm_user` WHERE `is_passed` = 1 AND `is_locked` = 0 AND `nickname` LIKE '%%' LIMIT 0,8   [ RunTime:0.0004s ]
INFO: [ view_parse ] --START--
INFO: [ template_filter ] --START--
INFO: Run Behavior\ContentReplaceBehavior [ RunTime:0.000074s ]
INFO: [ template_filter ] --END-- [ RunTime:0.000157s ]
SQL: SELECT COUNT(*) AS tp_count FROM `acm_user` WHERE `is_passed` = 0 LIMIT 1   [ RunTime:0.0003s ]
INFO: [ view_parse ] --START--
INFO: Run Behavior\ParseTemplateBehavior [ RunTime:0.000192s ]
INFO: [ view_parse ] --END-- [ RunTime:0.000273s ]
INFO: [ view_filter ] --START--
INFO: Run Behavior\WriteHtmlCacheBehavior [ RunTime:0.000130s ]
INFO: [ view_filter ] --END-- [ RunTime:0.000202s ]
INFO: Run Behavior\ParseTemplateBehavior [ RunTime:0.002099s ]
INFO: [ view_parse ] --END-- [ RunTime:0.000273s ]
INFO: [ view_filter ] --START--
INFO: Run Behavior\WriteHtmlCacheBehavior [ RunTime:0.000035s ]
INFO: [ view_filter ] --END-- [ RunTime:-0.001708s ]
INFO: [ app_end ] --START--
INFO: Run Behavior\ShowPageTraceBehavior [ RunTime:0.000590s ]
INFO: [ app_end ] --END-- [ RunTime:0.000746s ]

[ 2017-05-26T01:03:17+08:00 ] ::1 /sys/admin.php/Database/ShowExport.html
INFO: [ app_init ] --START--
INFO: Run Behavior\BuildLiteBehavior [ RunTime:0.000018s ]
INFO: [ app_init ] --END-- [ RunTime:0.000255s ]
INFO: [ app_begin ] --START--
INFO: Run Behavior\ReadHtmlCacheBehavior [ RunTime:0.000296s ]
INFO: [ app_begin ] --END-- [ RunTime:0.000375s ]
SQL: SHOW TABLE STATUS [ RunTime:0.0008s ]
INFO: [ view_parse ] --START--
INFO: [ template_filter ] --START--
INFO: Run Behavior\ContentReplaceBehavior [ RunTime:0.000076s ]
INFO: [ template_filter ] --END-- [ RunTime:0.000168s ]
NOTIC: [8] Undefined variable: name /Library/WebServer/Documents/sys/Application/Runtime/Cache/Admin/630a07003a26008c48356c9049b49302.php 第 40 行.
SQL: SHOW COLUMNS FROM `acm_user` [ RunTime:0.0012s ]
SQL: SELECT COUNT(*) AS tp_count FROM `acm_user` WHERE `is_passed` = 0 LIMIT 1   [ RunTime:0.0004s ]
INFO: [ view_parse ] --START--
INFO: Run Behavior\ParseTemplateBehavior [ RunTime:0.000279s ]
INFO: [ view_parse ] --END-- [ RunTime:0.000365s ]
INFO: [ view_filter ] --START--
INFO: Run Behavior\WriteHtmlCacheBehavior [ RunTime:0.000287s ]
INFO: [ view_filter ] --END-- [ RunTime:0.000440s ]
INFO: Run Behavior\ParseTemplateBehavior [ RunTime:0.003391s ]
INFO: [ view_parse ] --END-- [ RunTime:0.000365s ]
INFO: [ view_filter ] --START--
INFO: Run Behavior\WriteHtmlCacheBehavior [ RunTime:0.000017s ]
INFO: [ view_filter ] --END-- [ RunTime:-0.002659s ]
INFO: [ app_end ] --START--
INFO: Run Behavior\ShowPageTraceBehavior [ RunTime:0.000528s ]
INFO: [ app_end ] --END-- [ RunTime:0.000695s ]

[ 2017-05-26T01:03:21+08:00 ] ::1 /sys/admin.php/Database/ShowExport.html
INFO: [ app_init ] --START--
INFO: Run Behavior\BuildLiteBehavior [ RunTime:0.000019s ]
INFO: [ app_init ] --END-- [ RunTime:0.000276s ]
INFO: [ app_begin ] --START--
INFO: Run Behavior\ReadHtmlCacheBehavior [ RunTime:0.000295s ]
INFO: [ app_begin ] --END-- [ RunTime:0.000375s ]
SQL: SHOW TABLE STATUS [ RunTime:0.0006s ]
INFO: [ view_parse ] --START--
INFO: [ template_filter ] --START--
INFO: Run Behavior\ContentReplaceBehavior [ RunTime:0.000114s ]
INFO: [ template_filter ] --END-- [ RunTime:0.000251s ]
NOTIC: [8] Undefined variable: name /Library/WebServer/Documents/sys/Application/Runtime/Cache/Admin/630a07003a26008c48356c9049b49302.php 第 40 行.
SQL: SHOW COLUMNS FROM `acm_user` [ RunTime:0.0007s ]
SQL: SELECT COUNT(*) AS tp_count FROM `acm_user` WHERE `is_passed` = 0 LIMIT 1   [ RunTime:0.0003s ]
INFO: [ view_parse ] --START--
INFO: Run Behavior\ParseTemplateBehavior [ RunTime:0.000240s ]
INFO: [ view_parse ] --END-- [ RunTime:0.000328s ]
INFO: [ view_filter ] --START--
INFO: Run Behavior\WriteHtmlCacheBehavior [ RunTime:0.000153s ]
INFO: [ view_filter ] --END-- [ RunTime:0.000230s ]
INFO: Run Behavior\ParseTemplateBehavior [ RunTime:0.003643s ]
INFO: [ view_parse ] --END-- [ RunTime:0.000328s ]
INFO: [ view_filter ] --START--
INFO: Run Behavior\WriteHtmlCacheBehavior [ RunTime:0.000019s ]
INFO: [ view_filter ] --END-- [ RunTime:-0.003158s ]
INFO: [ app_end ] --START--
INFO: Run Behavior\ShowPageTraceBehavior [ RunTime:0.000641s ]
INFO: [ app_end ] --END-- [ RunTime:0.000846s ]

[ 2017-05-26T01:03:22+08:00 ] ::1 /sys/admin.php/Database/ShowImport.html
INFO: [ app_init ] --START--
INFO: Run Behavior\BuildLiteBehavior [ RunTime:0.000043s ]
INFO: [ app_init ] --END-- [ RunTime:0.000359s ]
INFO: [ app_begin ] --START--
INFO: Run Behavior\ReadHtmlCacheBehavior [ RunTime:0.000311s ]
INFO: [ app_begin ] --END-- [ RunTime:0.000389s ]
INFO: [ view_parse ] --START--
INFO: [ template_filter ] --START--
INFO: Run Behavior\ContentReplaceBehavior [ RunTime:0.000070s ]
INFO: [ template_filter ] --END-- [ RunTime:0.000162s ]
NOTIC: [8] Undefined variable: name /Library/WebServer/Documents/sys/Application/Runtime/Cache/Admin/a2ccf40a7d7447150b41ee64d32a92aa.php 第 40 行.
SQL: SHOW COLUMNS FROM `acm_user` [ RunTime:0.0006s ]
SQL: SELECT COUNT(*) AS tp_count FROM `acm_user` WHERE `is_passed` = 0 LIMIT 1   [ RunTime:0.0004s ]
INFO: [ view_parse ] --START--
INFO: Run Behavior\ParseTemplateBehavior [ RunTime:0.000226s ]
INFO: [ view_parse ] --END-- [ RunTime:0.000301s ]
INFO: [ view_filter ] --START--
INFO: Run Behavior\WriteHtmlCacheBehavior [ RunTime:0.000124s ]
INFO: [ view_filter ] --END-- [ RunTime:0.000190s ]
INFO: Run Behavior\ParseTemplateBehavior [ RunTime:0.001864s ]
INFO: [ view_parse ] --END-- [ RunTime:0.000301s ]
INFO: [ view_filter ] --START--
INFO: Run Behavior\WriteHtmlCacheBehavior [ RunTime:0.000016s ]
INFO: [ view_filter ] --END-- [ RunTime:-0.001441s ]
INFO: [ app_end ] --START--
INFO: Run Behavior\ShowPageTraceBehavior [ RunTime:0.000652s ]
INFO: [ app_end ] --END-- [ RunTime:0.000898s ]

[ 2017-05-26T01:03:23+08:00 ] ::1 /sys/admin.php/Database/ShowExport.html
INFO: [ app_init ] --START--
INFO: Run Behavior\BuildLiteBehavior [ RunTime:0.000020s ]
INFO: [ app_init ] --END-- [ RunTime:0.000301s ]
INFO: [ app_begin ] --START--
INFO: Run Behavior\ReadHtmlCacheBehavior [ RunTime:0.000315s ]
INFO: [ app_begin ] --END-- [ RunTime:0.000389s ]
SQL: SHOW TABLE STATUS [ RunTime:0.0008s ]
INFO: [ view_parse ] --START--
INFO: [ template_filter ] --START--
INFO: Run Behavior\ContentReplaceBehavior [ RunTime:0.000082s ]
INFO: [ template_filter ] --END-- [ RunTime:0.000248s ]
NOTIC: [8] Undefined variable: name /Library/WebServer/Documents/sys/Application/Runtime/Cache/Admin/630a07003a26008c48356c9049b49302.php 第 40 行.
SQL: SHOW COLUMNS FROM `acm_user` [ RunTime:0.0005s ]
SQL: SELECT COUNT(*) AS tp_count FROM `acm_user` WHERE `is_passed` = 0 LIMIT 1   [ RunTime:0.0002s ]
INFO: [ view_parse ] --START--
INFO: Run Behavior\ParseTemplateBehavior [ RunTime:0.000308s ]
INFO: [ view_parse ] --END-- [ RunTime:0.000399s ]
INFO: [ view_filter ] --START--
INFO: Run Behavior\WriteHtmlCacheBehavior [ RunTime:0.000156s ]
INFO: [ view_filter ] --END-- [ RunTime:0.000238s ]
INFO: Run Behavior\ParseTemplateBehavior [ RunTime:0.003343s ]
INFO: [ view_parse ] --END-- [ RunTime:0.000399s ]
INFO: [ view_filter ] --START--
INFO: Run Behavior\WriteHtmlCacheBehavior [ RunTime:0.000017s ]
INFO: [ view_filter ] --END-- [ RunTime:-0.002767s ]
INFO: [ app_end ] --START--
INFO: Run Behavior\ShowPageTraceBehavior [ RunTime:0.000598s ]
INFO: [ app_end ] --END-- [ RunTime:0.000772s ]

[ 2017-05-26T01:03:26+08:00 ] ::1 /sys/admin.php/Excel/index.html
INFO: [ app_init ] --START--
INFO: Run Behavior\BuildLiteBehavior [ RunTime:0.000020s ]
INFO: [ app_init ] --END-- [ RunTime:0.000279s ]
INFO: [ app_begin ] --START--
INFO: Run Behavior\ReadHtmlCacheBehavior [ RunTime:0.000533s ]
INFO: [ app_begin ] --END-- [ RunTime:0.000723s ]
SQL: SHOW COLUMNS FROM `acm_clazz` [ RunTime:0.0005s ]
SQL: SELECT `id`,`clazzname`,`level` FROM `acm_clazz`  [ RunTime:0.0009s ]
INFO: [ view_parse ] --START--
INFO: [ template_filter ] --START--
INFO: Run Behavior\ContentReplaceBehavior [ RunTime:0.000060s ]
INFO: [ template_filter ] --END-- [ RunTime:0.000140s ]
SQL: SHOW COLUMNS FROM `acm_user` [ RunTime:0.0007s ]
SQL: SELECT COUNT(*) AS tp_count FROM `acm_user` WHERE `is_passed` = 0 LIMIT 1   [ RunTime:0.0003s ]
INFO: [ view_parse ] --START--
INFO: Run Behavior\ParseTemplateBehavior [ RunTime:0.000213s ]
INFO: [ view_parse ] --END-- [ RunTime:0.000301s ]
INFO: [ view_filter ] --START--
INFO: Run Behavior\WriteHtmlCacheBehavior [ RunTime:0.000142s ]
INFO: [ view_filter ] --END-- [ RunTime:0.000220s ]
INFO: Run Behavior\ParseTemplateBehavior [ RunTime:0.001868s ]
INFO: [ view_parse ] --END-- [ RunTime:0.000301s ]
INFO: [ view_filter ] --START--
INFO: Run Behavior\WriteHtmlCacheBehavior [ RunTime:0.000020s ]
INFO: [ view_filter ] --END-- [ RunTime:-0.001423s ]
INFO: [ app_end ] --START--
INFO: Run Behavior\ShowPageTraceBehavior [ RunTime:0.001325s ]
INFO: [ app_end ] --END-- [ RunTime:0.001511s ]

[ 2017-05-26T01:34:59+08:00 ] ::1 /sys/admin.php/Check/CheckStuSelect.html
INFO: [ app_init ] --START--
INFO: Run Behavior\BuildLiteBehavior [ RunTime:0.000053s ]
INFO: [ app_init ] --END-- [ RunTime:0.000882s ]
INFO: [ app_begin ] --START--
INFO: Run Behavior\ReadHtmlCacheBehavior [ RunTime:0.000804s ]
INFO: [ app_begin ] --END-- [ RunTime:0.000921s ]
SQL: SHOW COLUMNS FROM `acm_check_clazz` [ RunTime:0.0006s ]
SQL: SELECT * FROM `acm_check_clazz`  [ RunTime:0.0003s ]
SQL: SHOW COLUMNS FROM `acm_check_clazz` [ RunTime:0.0005s ]
SQL: SELECT a.id as id,user.id as userid,user.nickname as nickname,clazz.id as clazzid,clazz.clazzname as clazzname,a.checktime as checktime FROM acm_check_clazz a,acm_user user,acm_clazz clazz WHERE ( a.id_clazz = clazz.id and a.id_stu = user.id )  [ RunTime:0.0004s ]
INFO: [ view_parse ] --START--
INFO: [ template_filter ] --START--
INFO: Run Behavior\ContentReplaceBehavior [ RunTime:0.000104s ]
INFO: [ template_filter ] --END-- [ RunTime:0.000353s ]
SQL: SHOW COLUMNS FROM `acm_user` [ RunTime:0.0008s ]
SQL: SELECT COUNT(*) AS tp_count FROM `acm_user` WHERE `is_passed` = 0 LIMIT 1   [ RunTime:0.0003s ]
INFO: [ view_parse ] --START--
INFO: Run Behavior\ParseTemplateBehavior [ RunTime:0.000628s ]
INFO: [ view_parse ] --END-- [ RunTime:0.000726s ]
INFO: [ view_filter ] --START--
INFO: Run Behavior\WriteHtmlCacheBehavior [ RunTime:0.000623s ]
INFO: [ view_filter ] --END-- [ RunTime:0.000721s ]
INFO: Run Behavior\ParseTemplateBehavior [ RunTime:0.002676s ]
INFO: [ view_parse ] --END-- [ RunTime:0.000726s ]
INFO: [ view_filter ] --START--
INFO: Run Behavior\WriteHtmlCacheBehavior [ RunTime:0.000018s ]
INFO: [ view_filter ] --END-- [ RunTime:-0.001294s ]
INFO: [ app_end ] --START--
INFO: Run Behavior\ShowPageTraceBehavior [ RunTime:0.001093s ]
INFO: [ app_end ] --END-- [ RunTime:0.001245s ]

[ 2017-05-26T01:35:01+08:00 ] ::1 /sys/admin.php/Class/ShowClass.html
INFO: [ app_init ] --START--
INFO: Run Behavior\BuildLiteBehavior [ RunTime:0.000017s ]
INFO: [ app_init ] --END-- [ RunTime:0.000252s ]
INFO: [ app_begin ] --START--
INFO: Run Behavior\ReadHtmlCacheBehavior [ RunTime:0.000484s ]
INFO: [ app_begin ] --END-- [ RunTime:0.000618s ]
SQL: SHOW COLUMNS FROM `acm_clazz` [ RunTime:0.0005s ]
SQL: SELECT COUNT(*) AS tp_count FROM `acm_clazz` LIMIT 1   [ RunTime:0.0002s ]
SQL: SELECT `id`,`clazzname`,`level` FROM `acm_clazz` LIMIT 0,12   [ RunTime:0.0004s ]
INFO: [ view_parse ] --START--
INFO: [ template_filter ] --START--
INFO: Run Behavior\ContentReplaceBehavior [ RunTime:0.000076s ]
INFO: [ template_filter ] --END-- [ RunTime:0.000172s ]
SQL: SHOW COLUMNS FROM `acm_user` [ RunTime:0.0006s ]
SQL: SELECT COUNT(*) AS tp_count FROM `acm_user` WHERE `is_passed` = 0 LIMIT 1   [ RunTime:0.0003s ]
INFO: [ view_parse ] --START--
INFO: Run Behavior\ParseTemplateBehavior [ RunTime:0.000203s ]
INFO: [ view_parse ] --END-- [ RunTime:0.000281s ]
INFO: [ view_filter ] --START--
INFO: Run Behavior\WriteHtmlCacheBehavior [ RunTime:0.000126s ]
INFO: [ view_filter ] --END-- [ RunTime:0.000190s ]
INFO: Run Behavior\ParseTemplateBehavior [ RunTime:0.001523s ]
INFO: [ view_parse ] --END-- [ RunTime:0.000281s ]
INFO: [ view_filter ] --START--
INFO: Run Behavior\WriteHtmlCacheBehavior [ RunTime:0.000019s ]
INFO: [ view_filter ] --END-- [ RunTime:-0.001131s ]
INFO: [ app_end ] --START--
INFO: Run Behavior\ShowPageTraceBehavior [ RunTime:0.000650s ]
INFO: [ app_end ] --END-- [ RunTime:0.000782s ]

[ 2017-05-26T01:35:02+08:00 ] ::1 /sys/admin.php/Check/CheckStuSelect.html
INFO: [ app_init ] --START--
INFO: Run Behavior\BuildLiteBehavior [ RunTime:0.000018s ]
INFO: [ app_init ] --END-- [ RunTime:0.000255s ]
INFO: [ app_begin ] --START--
INFO: Run Behavior\ReadHtmlCacheBehavior [ RunTime:0.000269s ]
INFO: [ app_begin ] --END-- [ RunTime:0.000342s ]
SQL: SHOW COLUMNS FROM `acm_check_clazz` [ RunTime:0.0005s ]
SQL: SELECT * FROM `acm_check_clazz`  [ RunTime:0.0002s ]
SQL: SHOW COLUMNS FROM `acm_check_clazz` [ RunTime:0.0003s ]
SQL: SELECT a.id as id,user.id as userid,user.nickname as nickname,clazz.id as clazzid,clazz.clazzname as clazzname,a.checktime as checktime FROM acm_check_clazz a,acm_user user,acm_clazz clazz WHERE ( a.id_clazz = clazz.id and a.id_stu = user.id )  [ RunTime:0.0003s ]
INFO: [ view_parse ] --START--
INFO: [ template_filter ] --START--
INFO: Run Behavior\ContentReplaceBehavior [ RunTime:0.000063s ]
INFO: [ template_filter ] --END-- [ RunTime:0.000143s ]
SQL: SHOW COLUMNS FROM `acm_user` [ RunTime:0.0006s ]
SQL: SELECT COUNT(*) AS tp_count FROM `acm_user` WHERE `is_passed` = 0 LIMIT 1   [ RunTime:0.0003s ]
INFO: [ view_parse ] --START--
INFO: Run Behavior\ParseTemplateBehavior [ RunTime:0.000193s ]
INFO: [ view_parse ] --END-- [ RunTime:0.000270s ]
INFO: [ view_filter ] --START--
INFO: Run Behavior\WriteHtmlCacheBehavior [ RunTime:0.000125s ]
INFO: [ view_filter ] --END-- [ RunTime:0.000190s ]
INFO: Run Behavior\ParseTemplateBehavior [ RunTime:0.001502s ]
INFO: [ view_parse ] --END-- [ RunTime:0.000270s ]
INFO: [ view_filter ] --START--
INFO: Run Behavior\WriteHtmlCacheBehavior [ RunTime:0.000016s ]
INFO: [ view_filter ] --END-- [ RunTime:-0.001109s ]
INFO: [ app_end ] --START--
INFO: Run Behavior\ShowPageTraceBehavior [ RunTime:0.000582s ]
INFO: [ app_end ] --END-- [ RunTime:0.000774s ]

[ 2017-05-26T01:35:03+08:00 ] ::1 /sys/admin.php/Class/ShowClass.html
INFO: [ app_init ] --START--
INFO: Run Behavior\BuildLiteBehavior [ RunTime:0.000018s ]
INFO: [ app_init ] --END-- [ RunTime:0.000247s ]
INFO: [ app_begin ] --START--
INFO: Run Behavior\ReadHtmlCacheBehavior [ RunTime:0.000263s ]
INFO: [ app_begin ] --END-- [ RunTime:0.000335s ]
SQL: SHOW COLUMNS FROM `acm_clazz` [ RunTime:0.0005s ]
SQL: SELECT COUNT(*) AS tp_count FROM `acm_clazz` LIMIT 1   [ RunTime:0.0002s ]
SQL: SELECT `id`,`clazzname`,`level` FROM `acm_clazz` LIMIT 0,12   [ RunTime:0.0002s ]
INFO: [ view_parse ] --START--
INFO: [ template_filter ] --START--
INFO: Run Behavior\ContentReplaceBehavior [ RunTime:0.000062s ]
INFO: [ template_filter ] --END-- [ RunTime:0.000140s ]
SQL: SHOW COLUMNS FROM `acm_user` [ RunTime:0.0006s ]
SQL: SELECT COUNT(*) AS tp_count FROM `acm_user` WHERE `is_passed` = 0 LIMIT 1   [ RunTime:0.0003s ]
INFO: [ view_parse ] --START--
INFO: Run Behavior\ParseTemplateBehavior [ RunTime:0.000222s ]
INFO: [ view_parse ] --END-- [ RunTime:0.000313s ]
INFO: [ view_filter ] --START--
INFO: Run Behavior\WriteHtmlCacheBehavior [ RunTime:0.000147s ]
INFO: [ view_filter ] --END-- [ RunTime:0.000225s ]
INFO: Run Behavior\ParseTemplateBehavior [ RunTime:0.001617s ]
INFO: [ view_parse ] --END-- [ RunTime:0.000313s ]
INFO: [ view_filter ] --START--
INFO: Run Behavior\WriteHtmlCacheBehavior [ RunTime:0.000020s ]
INFO: [ view_filter ] --END-- [ RunTime:-0.001157s ]
INFO: [ app_end ] --START--
INFO: Run Behavior\ShowPageTraceBehavior [ RunTime:0.000827s ]
INFO: [ app_end ] --END-- [ RunTime:0.001082s ]

[ 2017-05-26T01:35:08+08:00 ] ::1 /sys/admin.php/User/dologout.html
INFO: [ app_init ] --START--
INFO: Run Behavior\BuildLiteBehavior [ RunTime:0.000019s ]
INFO: [ app_init ] --END-- [ RunTime:0.000266s ]
INFO: [ app_begin ] --START--
INFO: Run Behavior\ReadHtmlCacheBehavior [ RunTime:0.000279s ]
INFO: [ app_begin ] --END-- [ RunTime:0.000352s ]
INFO: [ view_parse ] --START--
INFO: [ template_filter ] --START--
INFO: Run Behavior\ContentReplaceBehavior [ RunTime:0.000053s ]
INFO: [ template_filter ] --END-- [ RunTime:0.000133s ]
INFO: Run Behavior\ParseTemplateBehavior [ RunTime:0.004165s ]
INFO: [ view_parse ] --END-- [ RunTime:0.004243s ]
INFO: [ view_filter ] --START--
INFO: Run Behavior\WriteHtmlCacheBehavior [ RunTime:0.000118s ]
INFO: [ view_filter ] --END-- [ RunTime:0.000182s ]

[ 2017-05-26T01:35:10+08:00 ] ::1 /sys/admin.php/User/login.html
INFO: [ app_init ] --START--
INFO: Run Behavior\BuildLiteBehavior [ RunTime:0.000020s ]
INFO: [ app_init ] --END-- [ RunTime:0.000300s ]
INFO: [ app_begin ] --START--
INFO: Run Behavior\ReadHtmlCacheBehavior [ RunTime:0.000280s ]
INFO: [ app_begin ] --END-- [ RunTime:0.000352s ]
INFO: [ view_parse ] --START--
INFO: [ template_filter ] --START--
INFO: Run Behavior\ContentReplaceBehavior [ RunTime:0.000055s ]
INFO: [ template_filter ] --END-- [ RunTime:0.000138s ]
INFO: Run Behavior\ParseTemplateBehavior [ RunTime:0.005716s ]
INFO: [ view_parse ] --END-- [ RunTime:0.005794s ]
INFO: [ view_filter ] --START--
INFO: Run Behavior\WriteHtmlCacheBehavior [ RunTime:0.000124s ]
INFO: [ view_filter ] --END-- [ RunTime:0.000198s ]
INFO: [ app_end ] --START--
INFO: Run Behavior\ShowPageTraceBehavior [ RunTime:0.000360s ]
INFO: [ app_end ] --END-- [ RunTime:0.000439s ]

[ 2017-05-26T01:35:10+08:00 ] ::1 /sys/admin.php/User/css/master.css
INFO: [ app_init ] --START--
INFO: Run Behavior\BuildLiteBehavior [ RunTime:0.000019s ]
INFO: [ app_init ] --END-- [ RunTime:0.000268s ]
INFO: [ app_begin ] --START--
INFO: Run Behavior\ReadHtmlCacheBehavior [ RunTime:0.000291s ]
INFO: [ app_begin ] --END-- [ RunTime:0.000371s ]
ERR: 非法操作:css

[ 2017-05-26T01:35:41+08:00 ] ::1 /sys/admin
INFO: [ app_init ] --START--
INFO: Run Behavior\BuildLiteBehavior [ RunTime:0.000020s ]
INFO: [ app_init ] --END-- [ RunTime:0.000289s ]
INFO: [ app_begin ] --START--
INFO: Run Behavior\ReadHtmlCacheBehavior [ RunTime:0.000322s ]
INFO: [ app_begin ] --END-- [ RunTime:0.000413s ]
INFO: [ view_parse ] --START--
INFO: [ template_filter ] --START--
INFO: Run Behavior\ContentReplaceBehavior [ RunTime:0.000059s ]
INFO: [ template_filter ] --END-- [ RunTime:0.000150s ]
INFO: Run Behavior\ParseTemplateBehavior [ RunTime:0.004297s ]
INFO: [ view_parse ] --END-- [ RunTime:0.004391s ]
INFO: [ view_filter ] --START--
INFO: Run Behavior\WriteHtmlCacheBehavior [ RunTime:0.000345s ]
INFO: [ view_filter ] --END-- [ RunTime:0.000530s ]

[ 2017-05-26T01:35:42+08:00 ] ::1 /sys/admin.php/User/login.html
INFO: [ app_init ] --START--
INFO: Run Behavior\BuildLiteBehavior [ RunTime:0.000018s ]
INFO: [ app_init ] --END-- [ RunTime:0.000255s ]
INFO: [ app_begin ] --START--
INFO: Run Behavior\ReadHtmlCacheBehavior [ RunTime:0.000268s ]
INFO: [ app_begin ] --END-- [ RunTime:0.000340s ]
INFO: [ view_parse ] --START--
INFO: [ template_filter ] --START--
INFO: Run Behavior\ContentReplaceBehavior [ RunTime:0.000060s ]
INFO: [ template_filter ] --END-- [ RunTime:0.000161s ]
INFO: Run Behavior\ParseTemplateBehavior [ RunTime:0.004093s ]
INFO: [ view_parse ] --END-- [ RunTime:0.004172s ]
INFO: [ view_filter ] --START--
INFO: Run Behavior\WriteHtmlCacheBehavior [ RunTime:0.000129s ]
INFO: [ view_filter ] --END-- [ RunTime:0.000230s ]
INFO: [ app_end ] --START--
INFO: Run Behavior\ShowPageTraceBehavior [ RunTime:0.000339s ]
INFO: [ app_end ] --END-- [ RunTime:0.000414s ]

[ 2017-05-26T01:35:42+08:00 ] ::1 /sys/admin.php/User/css/master.css
INFO: [ app_init ] --START--
INFO: Run Behavior\BuildLiteBehavior [ RunTime:0.000019s ]
INFO: [ app_init ] --END-- [ RunTime:0.000267s ]
INFO: [ app_begin ] --START--
INFO: Run Behavior\ReadHtmlCacheBehavior [ RunTime:0.000286s ]
INFO: [ app_begin ] --END-- [ RunTime:0.000365s ]
ERR: 非法操作:css

[ 2017-05-26T01:35:52+08:00 ] ::1 /sys/admin.php/User/doLogin.html
INFO: [ app_init ] --START--
INFO: Run Behavior\BuildLiteBehavior [ RunTime:0.000021s ]
INFO: [ app_init ] --END-- [ RunTime:0.000312s ]
INFO: [ app_begin ] --START--
INFO: Run Behavior\ReadHtmlCacheBehavior [ RunTime:0.000340s ]
INFO: [ app_begin ] --END-- [ RunTime:0.000429s ]
SQL: SHOW COLUMNS FROM `acm_admin` [ RunTime:0.0012s ]
SQL: SELECT * FROM `acm_admin` WHERE `username` = 'admin1'  [ RunTime:0.0007s ]
SQL: UPDATE `acm_admin` SET `lastLoginTime`='2017-05-26 01:35:52' WHERE `username` = 'admin1' [ RunTime:0.0018s ]
INFO: [ view_parse ] --START--
INFO: [ template_filter ] --START--
INFO: Run Behavior\ContentReplaceBehavior [ RunTime:0.000055s ]
INFO: [ template_filter ] --END-- [ RunTime:0.000137s ]
INFO: Run Behavior\ParseTemplateBehavior [ RunTime:0.011512s ]
INFO: [ view_parse ] --END-- [ RunTime:0.011646s ]
INFO: [ view_filter ] --START--
INFO: Run Behavior\WriteHtmlCacheBehavior [ RunTime:0.000227s ]
INFO: [ view_filter ] --END-- [ RunTime:0.000356s ]
INFO: [ app_end ] --START--
INFO: Run Behavior\ShowPageTraceBehavior [ RunTime:0.000534s ]
INFO: [ app_end ] --END-- [ RunTime:0.000659s ]

[ 2017-05-26T01:35:54+08:00 ] ::1 /sys/admin.php/Index/index.html
INFO: [ app_init ] --START--
INFO: Run Behavior\BuildLiteBehavior [ RunTime:0.000021s ]
INFO: [ app_init ] --END-- [ RunTime:0.000316s ]
INFO: [ app_begin ] --START--
INFO: Run Behavior\ReadHtmlCacheBehavior [ RunTime:0.000359s ]
INFO: [ app_begin ] --END-- [ RunTime:0.000453s ]
SQL: SHOW COLUMNS FROM `acm_user` [ RunTime:0.0005s ]
SQL: SELECT COUNT(*) AS tp_count FROM `acm_user` LIMIT 1   [ RunTime:0.0003s ]
SQL: SHOW COLUMNS FROM `acm_clazz` [ RunTime:0.0004s ]
SQL: SELECT COUNT(*) AS tp_count FROM `acm_user` LIMIT 1   [ RunTime:0.0002s ]
SQL: SHOW COLUMNS FROM `acm_admin` [ RunTime:0.0005s ]
SQL: SELECT COUNT(*) AS tp_count FROM `acm_admin` LIMIT 1   [ RunTime:0.0002s ]
SQL: SHOW COLUMNS FROM `acm_todaylogin` [ RunTime:0.0004s ]
SQL: SELECT COUNT(*) AS tp_count FROM `acm_todaylogin` LIMIT 1   [ RunTime:0.0002s ]
SQL: SHOW COLUMNS FROM `acm_inform` [ RunTime:0.0004s ]
SQL: SELECT * FROM `acm_inform`  [ RunTime:0.0002s ]
INFO: [ view_parse ] --START--
INFO: [ template_filter ] --START--
INFO: Run Behavior\ContentReplaceBehavior [ RunTime:0.000066s ]
INFO: [ template_filter ] --END-- [ RunTime:0.000153s ]
SQL: SELECT COUNT(*) AS tp_count FROM `acm_user` WHERE `is_passed` = 0 LIMIT 1   [ RunTime:0.0004s ]
INFO: [ view_parse ] --START--
INFO: Run Behavior\ParseTemplateBehavior [ RunTime:0.000210s ]
INFO: [ view_parse ] --END-- [ RunTime:0.000346s ]
INFO: [ view_filter ] --START--
INFO: Run Behavior\WriteHtmlCacheBehavior [ RunTime:0.000142s ]
INFO: [ view_filter ] --END-- [ RunTime:0.000222s ]
INFO: Run Behavior\ParseTemplateBehavior [ RunTime:0.001524s ]
INFO: [ view_parse ] --END-- [ RunTime:0.000346s ]
INFO: [ view_filter ] --START--
INFO: Run Behavior\WriteHtmlCacheBehavior [ RunTime:0.000016s ]
INFO: [ view_filter ] --END-- [ RunTime:-0.001069s ]
INFO: [ app_end ] --START--
INFO: Run Behavior\ShowPageTraceBehavior [ RunTime:0.000771s ]
INFO: [ app_end ] --END-- [ RunTime:0.000958s ]

[ 2017-05-26T01:35:55+08:00 ] ::1 /sys/admin.php/Check/CheckStuSign.html
INFO: [ app_init ] --START--
INFO: Run Behavior\BuildLiteBehavior [ RunTime:0.000020s ]
INFO: [ app_init ] --END-- [ RunTime:0.000290s ]
INFO: [ app_begin ] --START--
INFO: Run Behavior\ReadHtmlCacheBehavior [ RunTime:0.000462s ]
INFO: [ app_begin ] --END-- [ RunTime:0.000554s ]
SQL: SHOW COLUMNS FROM `acm_user` [ RunTime:0.0007s ]
SQL: SELECT COUNT(*) AS tp_count FROM `acm_user` WHERE ( is_passed=0 ) LIMIT 1   [ RunTime:0.0003s ]
SQL: SELECT `id`,`nickname`,`institude`,`grade` FROM `acm_user` WHERE `is_passed` = 0 LIMIT 0,8   [ RunTime:0.0004s ]
INFO: [ view_parse ] --START--
INFO: [ template_filter ] --START--
INFO: Run Behavior\ContentReplaceBehavior [ RunTime:0.000062s ]
INFO: [ template_filter ] --END-- [ RunTime:0.000142s ]
SQL: SELECT COUNT(*) AS tp_count FROM `acm_user` WHERE `is_passed` = 0 LIMIT 1   [ RunTime:0.0004s ]
INFO: [ view_parse ] --START--
INFO: Run Behavior\ParseTemplateBehavior [ RunTime:0.000177s ]
INFO: [ view_parse ] --END-- [ RunTime:0.000261s ]
INFO: [ view_filter ] --START--
INFO: Run Behavior\WriteHtmlCacheBehavior [ RunTime:0.000169s ]
INFO: [ view_filter ] --END-- [ RunTime:0.000306s ]
INFO: Run Behavior\ParseTemplateBehavior [ RunTime:0.002315s ]
INFO: [ view_parse ] --END-- [ RunTime:0.000261s ]
INFO: [ view_filter ] --START--
INFO: Run Behavior\WriteHtmlCacheBehavior [ RunTime:0.000018s ]
INFO: [ view_filter ] --END-- [ RunTime:-0.001818s ]
INFO: [ app_end ] --START--
INFO: Run Behavior\ShowPageTraceBehavior [ RunTime:0.000713s ]
INFO: [ app_end ] --END-- [ RunTime:0.000934s ]

[ 2017-05-26T01:36:45+08:00 ] ::1 /sys/admin.php/Check/passStuSign.html?id=6&_=1495733755540
INFO: [ app_init ] --START--
INFO: Run Behavior\BuildLiteBehavior [ RunTime:0.000021s ]
INFO: [ app_init ] --END-- [ RunTime:0.000315s ]
INFO: [ app_begin ] --START--
INFO: Run Behavior\ReadHtmlCacheBehavior [ RunTime:0.000357s ]
INFO: [ app_begin ] --END-- [ RunTime:0.000451s ]
SQL: SHOW COLUMNS FROM `acm_user` [ RunTime:0.0005s ]
SQL: UPDATE `acm_user` SET `is_passed`='1' WHERE `id` = 6 [ RunTime:0.0008s ]

[ 2017-05-26T01:36:47+08:00 ] ::1 /sys/admin.php/Check/CheckStuSign.html
INFO: [ app_init ] --START--
INFO: Run Behavior\BuildLiteBehavior [ RunTime:0.000027s ]
INFO: [ app_init ] --END-- [ RunTime:0.000651s ]
INFO: [ app_begin ] --START--
INFO: Run Behavior\ReadHtmlCacheBehavior [ RunTime:0.000522s ]
INFO: [ app_begin ] --END-- [ RunTime:0.000631s ]
SQL: SHOW COLUMNS FROM `acm_user` [ RunTime:0.0007s ]
SQL: SELECT COUNT(*) AS tp_count FROM `acm_user` WHERE ( is_passed=0 ) LIMIT 1   [ RunTime:0.0005s ]
SQL: SELECT `id`,`nickname`,`institude`,`grade` FROM `acm_user` WHERE `is_passed` = 0 LIMIT 0,8   [ RunTime:0.0008s ]
INFO: [ view_parse ] --START--
INFO: [ template_filter ] --START--
INFO: Run Behavior\ContentReplaceBehavior [ RunTime:0.000132s ]
INFO: [ template_filter ] --END-- [ RunTime:0.000346s ]
SQL: SELECT COUNT(*) AS tp_count FROM `acm_user` WHERE `is_passed` = 0 LIMIT 1   [ RunTime:0.0004s ]
INFO: [ view_parse ] --START--
INFO: [ template_filter ] --START--
INFO: Run Behavior\ContentReplaceBehavior [ RunTime:0.000105s ]
INFO: [ template_filter ] --END-- [ RunTime:-0.006876s ]
INFO: Run Behavior\ParseTemplateBehavior [ RunTime:0.002328s ]
INFO: [ view_parse ] --END-- [ RunTime:0.002555s ]
INFO: [ view_filter ] --START--
INFO: Run Behavior\WriteHtmlCacheBehavior [ RunTime:0.000319s ]
INFO: [ view_filter ] --END-- [ RunTime:0.000453s ]
INFO: Run Behavior\ParseTemplateBehavior [ RunTime:0.005882s ]
INFO: [ view_parse ] --END-- [ RunTime:0.002555s ]
INFO: [ view_filter ] --START--
INFO: Run Behavior\WriteHtmlCacheBehavior [ RunTime:0.000047s ]
INFO: [ view_filter ] --END-- [ RunTime:-0.003105s ]
INFO: [ app_end ] --START--
INFO: Run Behavior\ShowPageTraceBehavior [ RunTime:0.001029s ]
INFO: [ app_end ] --END-- [ RunTime:0.001401s ]

[ 2017-05-26T01:36:47+08:00 ] ::1 /sys/admin.php/Check/CheckStuSign.html
INFO: [ app_init ] --START--
INFO: Run Behavior\BuildLiteBehavior [ RunTime:0.000018s ]
INFO: [ app_init ] --END-- [ RunTime:0.000248s ]
INFO: [ app_begin ] --START--
INFO: Run Behavior\ReadHtmlCacheBehavior [ RunTime:0.000267s ]
INFO: [ app_begin ] --END-- [ RunTime:0.000340s ]
SQL: SHOW COLUMNS FROM `acm_user` [ RunTime:0.0005s ]
SQL: SELECT COUNT(*) AS tp_count FROM `acm_user` WHERE ( is_passed=0 ) LIMIT 1   [ RunTime:0.0003s ]
SQL: SELECT `id`,`nickname`,`institude`,`grade` FROM `acm_user` WHERE `is_passed` = 0 LIMIT 0,8   [ RunTime:0.0003s ]
INFO: [ view_parse ] --START--
INFO: [ template_filter ] --START--
INFO: Run Behavior\ContentReplaceBehavior [ RunTime:0.000064s ]
INFO: [ template_filter ] --END-- [ RunTime:0.000145s ]
SQL: SELECT COUNT(*) AS tp_count FROM `acm_user` WHERE `is_passed` = 0 LIMIT 1   [ RunTime:0.0004s ]
INFO: [ view_parse ] --START--
INFO: Run Behavior\ParseTemplateBehavior [ RunTime:0.000236s ]
INFO: [ view_parse ] --END-- [ RunTime:0.000310s ]
INFO: [ view_filter ] --START--
INFO: Run Behavior\WriteHtmlCacheBehavior [ RunTime:0.000129s ]
INFO: [ view_filter ] --END-- [ RunTime:0.000194s ]
INFO: Run Behavior\ParseTemplateBehavior [ RunTime:0.001741s ]
INFO: [ view_parse ] --END-- [ RunTime:0.000310s ]
INFO: [ view_filter ] --START--
INFO: Run Behavior\WriteHtmlCacheBehavior [ RunTime:0.000016s ]
INFO: [ view_filter ] --END-- [ RunTime:-0.001301s ]
INFO: [ app_end ] --START--
INFO: Run Behavior\ShowPageTraceBehavior [ RunTime:0.000604s ]
INFO: [ app_end ] --END-- [ RunTime:0.000837s ]

[ 2017-05-26T01:36:48+08:00 ] ::1 /sys/admin.php/Check/passStuSign.html?id=5&_=1495733807353
INFO: [ app_init ] --START--
INFO: Run Behavior\BuildLiteBehavior [ RunTime:0.000021s ]
INFO: [ app_init ] --END-- [ RunTime:0.000326s ]
INFO: [ app_begin ] --START--
INFO: Run Behavior\ReadHtmlCacheBehavior [ RunTime:0.000460s ]
INFO: [ app_begin ] --END-- [ RunTime:0.000569s ]
SQL: SHOW COLUMNS FROM `acm_user` [ RunTime:0.0006s ]
SQL: UPDATE `acm_user` SET `is_passed`='1' WHERE `id` = 5 [ RunTime:0.0011s ]

[ 2017-05-26T01:36:50+08:00 ] ::1 /sys/admin.php/Check/CheckStuSign.html
INFO: [ app_init ] --START--
INFO: Run Behavior\BuildLiteBehavior [ RunTime:0.000023s ]
INFO: [ app_init ] --END-- [ RunTime:0.000713s ]
INFO: [ app_begin ] --START--
INFO: Run Behavior\ReadHtmlCacheBehavior [ RunTime:0.000682s ]
INFO: [ app_begin ] --END-- [ RunTime:0.000847s ]
SQL: SHOW COLUMNS FROM `acm_user` [ RunTime:0.0010s ]
SQL: SELECT COUNT(*) AS tp_count FROM `acm_user` WHERE ( is_passed=0 ) LIMIT 1   [ RunTime:0.0003s ]
SQL: SELECT `id`,`nickname`,`institude`,`grade` FROM `acm_user` WHERE `is_passed` = 0 LIMIT 0,8   [ RunTime:0.0004s ]
INFO: [ view_parse ] --START--
INFO: [ template_filter ] --START--
INFO: Run Behavior\ContentReplaceBehavior [ RunTime:0.000130s ]
INFO: [ template_filter ] --END-- [ RunTime:0.000305s ]
SQL: SELECT COUNT(*) AS tp_count FROM `acm_user` WHERE `is_passed` = 0 LIMIT 1   [ RunTime:0.0005s ]
INFO: [ view_parse ] --START--
INFO: [ template_filter ] --START--
INFO: Run Behavior\ContentReplaceBehavior [ RunTime:0.000091s ]
INFO: [ template_filter ] --END-- [ RunTime:-0.005762s ]
INFO: Run Behavior\ParseTemplateBehavior [ RunTime:0.001829s ]
INFO: [ view_parse ] --END-- [ RunTime:0.002113s ]
INFO: [ view_filter ] --START--
INFO: Run Behavior\WriteHtmlCacheBehavior [ RunTime:0.000312s ]
INFO: [ view_filter ] --END-- [ RunTime:0.000391s ]
INFO: Run Behavior\ParseTemplateBehavior [ RunTime:0.005221s ]
INFO: [ view_parse ] --END-- [ RunTime:0.002113s ]
INFO: [ view_filter ] --START--
INFO: Run Behavior\WriteHtmlCacheBehavior [ RunTime:0.000020s ]
INFO: [ view_filter ] --END-- [ RunTime:-0.002887s ]
INFO: [ app_end ] --START--
INFO: Run Behavior\ShowPageTraceBehavior [ RunTime:0.003488s ]
INFO: [ app_end ] --END-- [ RunTime:0.003793s ]

[ 2017-05-26T01:36:50+08:00 ] ::1 /sys/admin.php/Check/CheckStuSign.html
INFO: [ app_init ] --START--
INFO: Run Behavior\BuildLiteBehavior [ RunTime:0.000028s ]
INFO: [ app_init ] --END-- [ RunTime:0.000325s ]
INFO: [ app_begin ] --START--
INFO: Run Behavior\ReadHtmlCacheBehavior [ RunTime:0.000386s ]
INFO: [ app_begin ] --END-- [ RunTime:0.000476s ]
SQL: SHOW COLUMNS FROM `acm_user` [ RunTime:0.0005s ]
SQL: SELECT COUNT(*) AS tp_count FROM `acm_user` WHERE ( is_passed=0 ) LIMIT 1   [ RunTime:0.0003s ]
SQL: SELECT `id`,`nickname`,`institude`,`grade` FROM `acm_user` WHERE `is_passed` = 0 LIMIT 0,8   [ RunTime:0.0002s ]
INFO: [ view_parse ] --START--
INFO: [ template_filter ] --START--
INFO: Run Behavior\ContentReplaceBehavior [ RunTime:0.000072s ]
INFO: [ template_filter ] --END-- [ RunTime:0.000171s ]
SQL: SELECT COUNT(*) AS tp_count FROM `acm_user` WHERE `is_passed` = 0 LIMIT 1   [ RunTime:0.0003s ]
INFO: [ view_parse ] --START--
INFO: Run Behavior\ParseTemplateBehavior [ RunTime:0.000192s ]
INFO: [ view_parse ] --END-- [ RunTime:0.000287s ]
INFO: [ view_filter ] --START--
INFO: Run Behavior\WriteHtmlCacheBehavior [ RunTime:0.000125s ]
INFO: [ view_filter ] --END-- [ RunTime:0.000187s ]
INFO: Run Behavior\ParseTemplateBehavior [ RunTime:0.002376s ]
INFO: [ view_parse ] --END-- [ RunTime:0.000287s ]
INFO: [ view_filter ] --START--
INFO: Run Behavior\WriteHtmlCacheBehavior [ RunTime:0.000021s ]
INFO: [ view_filter ] --END-- [ RunTime:-0.002006s ]
INFO: [ app_end ] --START--
INFO: Run Behavior\ShowPageTraceBehavior [ RunTime:0.000665s ]
INFO: [ app_end ] --END-- [ RunTime:0.000903s ]

[ 2017-05-26T01:37:19+08:00 ] ::1 /sys/admin.php/Check/CheckStuSign.html
INFO: [ app_init ] --START--
INFO: Run Behavior\BuildLiteBehavior [ RunTime:0.000019s ]
INFO: [ app_init ] --END-- [ RunTime:0.000275s ]
INFO: [ app_begin ] --START--
INFO: Run Behavior\ReadHtmlCacheBehavior [ RunTime:0.000290s ]
INFO: [ app_begin ] --END-- [ RunTime:0.000372s ]
SQL: SHOW COLUMNS FROM `acm_user` [ RunTime:0.0007s ]
SQL: SELECT COUNT(*) AS tp_count FROM `acm_user` WHERE ( is_passed=0 ) LIMIT 1   [ RunTime:0.0003s ]
SQL: SELECT `id`,`nickname`,`institude`,`grade` FROM `acm_user` WHERE `is_passed` = 0 LIMIT 0,8   [ RunTime:0.0003s ]
INFO: [ view_parse ] --START--
INFO: [ template_filter ] --START--
INFO: Run Behavior\ContentReplaceBehavior [ RunTime:0.000065s ]
INFO: [ template_filter ] --END-- [ RunTime:0.000150s ]
SQL: SELECT COUNT(*) AS tp_count FROM `acm_user` WHERE `is_passed` = 0 LIMIT 1   [ RunTime:0.0004s ]
INFO: [ view_parse ] --START--
INFO: Run Behavior\ParseTemplateBehavior [ RunTime:0.000223s ]
INFO: [ view_parse ] --END-- [ RunTime:0.000317s ]
INFO: [ view_filter ] --START--
INFO: Run Behavior\WriteHtmlCacheBehavior [ RunTime:0.000150s ]
INFO: [ view_filter ] --END-- [ RunTime:0.000229s ]
INFO: Run Behavior\ParseTemplateBehavior [ RunTime:0.002146s ]
INFO: [ view_parse ] --END-- [ RunTime:0.000317s ]
INFO: [ view_filter ] --START--
INFO: Run Behavior\WriteHtmlCacheBehavior [ RunTime:0.000018s ]
INFO: [ view_filter ] --END-- [ RunTime:-0.001680s ]
INFO: [ app_end ] --START--
INFO: Run Behavior\ShowPageTraceBehavior [ RunTime:0.001035s ]
INFO: [ app_end ] --END-- [ RunTime:0.001342s ]

[ 2017-05-26T01:37:21+08:00 ] ::1 /sys/admin.php/Check/passStuSign.html?id=4&_=1495733839518
INFO: [ app_init ] --START--
INFO: Run Behavior\BuildLiteBehavior [ RunTime:0.000022s ]
INFO: [ app_init ] --END-- [ RunTime:0.000348s ]
INFO: [ app_begin ] --START--
INFO: Run Behavior\ReadHtmlCacheBehavior [ RunTime:0.000367s ]
INFO: [ app_begin ] --END-- [ RunTime:0.000444s ]
SQL: SHOW COLUMNS FROM `acm_user` [ RunTime:0.0005s ]
SQL: UPDATE `acm_user` SET `is_passed`='1' WHERE `id` = 4 [ RunTime:0.0006s ]

[ 2017-05-26T01:37:22+08:00 ] ::1 /sys/admin.php/Check/CheckStuSign.html
INFO: [ app_init ] --START--
INFO: Run Behavior\BuildLiteBehavior [ RunTime:0.000019s ]
INFO: [ app_init ] --END-- [ RunTime:0.000262s ]
INFO: [ app_begin ] --START--
INFO: Run Behavior\ReadHtmlCacheBehavior [ RunTime:0.000312s ]
INFO: [ app_begin ] --END-- [ RunTime:0.000396s ]
SQL: SHOW COLUMNS FROM `acm_user` [ RunTime:0.0007s ]
SQL: SELECT COUNT(*) AS tp_count FROM `acm_user` WHERE ( is_passed=0 ) LIMIT 1   [ RunTime:0.0003s ]
SQL: SELECT `id`,`nickname`,`institude`,`grade` FROM `acm_user` WHERE `is_passed` = 0 LIMIT 0,8   [ RunTime:0.0003s ]
INFO: [ view_parse ] --START--
INFO: [ template_filter ] --START--
INFO: Run Behavior\ContentReplaceBehavior [ RunTime:0.000067s ]
INFO: [ template_filter ] --END-- [ RunTime:0.000146s ]
SQL: SELECT COUNT(*) AS tp_count FROM `acm_user` WHERE `is_passed` = 0 LIMIT 1   [ RunTime:0.0005s ]
INFO: [ view_parse ] --START--
INFO: [ template_filter ] --START--
INFO: Run Behavior\ContentReplaceBehavior [ RunTime:0.000079s ]
INFO: [ template_filter ] --END-- [ RunTime:-0.009284s ]
INFO: Run Behavior\ParseTemplateBehavior [ RunTime:0.001986s ]
INFO: [ view_parse ] --END-- [ RunTime:0.002093s ]
INFO: [ view_filter ] --START--
INFO: Run Behavior\WriteHtmlCacheBehavior [ RunTime:0.000150s ]
INFO: [ view_filter ] --END-- [ RunTime:0.000228s ]
INFO: Run Behavior\ParseTemplateBehavior [ RunTime:0.003829s ]
INFO: [ view_parse ] --END-- [ RunTime:0.002093s ]
INFO: [ view_filter ] --START--
INFO: Run Behavior\WriteHtmlCacheBehavior [ RunTime:0.000038s ]
INFO: [ view_filter ] --END-- [ RunTime:-0.001705s ]
INFO: [ app_end ] --START--
INFO: Run Behavior\ShowPageTraceBehavior [ RunTime:0.001139s ]
INFO: [ app_end ] --END-- [ RunTime:0.001343s ]

[ 2017-05-26T01:37:46+08:00 ] ::1 /sys/admin.php/Check/passStuSign.html?id=8&_=1495733842889
INFO: [ app_init ] --START--
INFO: Run Behavior\BuildLiteBehavior [ RunTime:0.000052s ]
INFO: [ app_init ] --END-- [ RunTime:0.000421s ]
INFO: [ app_begin ] --START--
INFO: Run Behavior\ReadHtmlCacheBehavior [ RunTime:0.000444s ]
INFO: [ app_begin ] --END-- [ RunTime:0.000518s ]
SQL: SHOW COLUMNS FROM `acm_user` [ RunTime:0.0006s ]
SQL: UPDATE `acm_user` SET `is_passed`='1' WHERE `id` = 8 [ RunTime:0.0011s ]

[ 2017-05-26T01:37:47+08:00 ] ::1 /sys/admin.php/Check/CheckStuSign.html
INFO: [ app_init ] --START--
INFO: Run Behavior\BuildLiteBehavior [ RunTime:0.000018s ]
INFO: [ app_init ] --END-- [ RunTime:0.000251s ]
INFO: [ app_begin ] --START--
INFO: Run Behavior\ReadHtmlCacheBehavior [ RunTime:0.000535s ]
INFO: [ app_begin ] --END-- [ RunTime:0.000653s ]
SQL: SHOW COLUMNS FROM `acm_user` [ RunTime:0.0005s ]
SQL: SELECT COUNT(*) AS tp_count FROM `acm_user` WHERE ( is_passed=0 ) LIMIT 1   [ RunTime:0.0003s ]
SQL: SELECT `id`,`nickname`,`institude`,`grade` FROM `acm_user` WHERE `is_passed` = 0 LIMIT 0,8   [ RunTime:0.0003s ]
INFO: [ view_parse ] --START--
INFO: [ template_filter ] --START--
INFO: Run Behavior\ContentReplaceBehavior [ RunTime:0.000076s ]
INFO: [ template_filter ] --END-- [ RunTime:0.000177s ]
SQL: SELECT COUNT(*) AS tp_count FROM `acm_user` WHERE `is_passed` = 0 LIMIT 1   [ RunTime:0.0004s ]
INFO: [ view_parse ] --START--
INFO: [ template_filter ] --START--
INFO: Run Behavior\ContentReplaceBehavior [ RunTime:0.000048s ]
INFO: [ template_filter ] --END-- [ RunTime:-0.003564s ]
INFO: Run Behavior\ParseTemplateBehavior [ RunTime:0.001157s ]
INFO: [ view_parse ] --END-- [ RunTime:0.001233s ]
INFO: [ view_filter ] --START--
INFO: Run Behavior\WriteHtmlCacheBehavior [ RunTime:0.000125s ]
INFO: [ view_filter ] --END-- [ RunTime:0.000187s ]
INFO: Run Behavior\ParseTemplateBehavior [ RunTime:0.002646s ]
INFO: [ view_parse ] --END-- [ RunTime:0.001233s ]
INFO: [ view_filter ] --START--
INFO: Run Behavior\WriteHtmlCacheBehavior [ RunTime:0.000016s ]
INFO: [ view_filter ] --END-- [ RunTime:-0.001292s ]
INFO: [ app_end ] --START--
INFO: Run Behavior\ShowPageTraceBehavior [ RunTime:0.000803s ]
INFO: [ app_end ] --END-- [ RunTime:0.001050s ]

[ 2017-05-26T01:41:42+08:00 ] ::1 /sys/admin.php/Check/CheckStuSign.html
INFO: [ app_init ] --START--
INFO: Run Behavior\BuildLiteBehavior [ RunTime:0.000018s ]
INFO: [ app_init ] --END-- [ RunTime:0.000250s ]
INFO: [ app_begin ] --START--
INFO: Run Behavior\ReadHtmlCacheBehavior [ RunTime:0.000332s ]
INFO: [ app_begin ] --END-- [ RunTime:0.000430s ]
SQL: SHOW COLUMNS FROM `acm_user` [ RunTime:0.0006s ]
SQL: SELECT COUNT(*) AS tp_count FROM `acm_user` WHERE ( is_passed=0 ) LIMIT 1   [ RunTime:0.0002s ]
SQL: SELECT `id`,`nickname`,`institude`,`grade` FROM `acm_user` WHERE `is_passed` = 0 LIMIT 0,8   [ RunTime:0.0003s ]
INFO: [ view_parse ] --START--
INFO: [ template_filter ] --START--
INFO: Run Behavior\ContentReplaceBehavior [ RunTime:0.000154s ]
INFO: [ template_filter ] --END-- [ RunTime:0.000324s ]
SQL: SELECT COUNT(*) AS tp_count FROM `acm_user` WHERE `is_passed` = 0 LIMIT 1   [ RunTime:0.0004s ]
INFO: [ view_parse ] --START--
INFO: Run Behavior\ParseTemplateBehavior [ RunTime:0.000188s ]
INFO: [ view_parse ] --END-- [ RunTime:0.000279s ]
INFO: [ view_filter ] --START--
INFO: Run Behavior\WriteHtmlCacheBehavior [ RunTime:0.000119s ]
INFO: [ view_filter ] --END-- [ RunTime:0.000185s ]
INFO: Run Behavior\ParseTemplateBehavior [ RunTime:0.001656s ]
INFO: [ view_parse ] --END-- [ RunTime:0.000279s ]
INFO: [ view_filter ] --START--
INFO: Run Behavior\WriteHtmlCacheBehavior [ RunTime:0.000017s ]
INFO: [ view_filter ] --END-- [ RunTime:-0.001259s ]
INFO: [ app_end ] --START--
INFO: Run Behavior\ShowPageTraceBehavior [ RunTime:0.000612s ]
INFO: [ app_end ] --END-- [ RunTime:0.000807s ]

[ 2017-05-26T01:41:44+08:00 ] ::1 /sys/admin.php/Check/passStuSign.html?id=7&_=1495734103004
INFO: [ app_init ] --START--
INFO: Run Behavior\BuildLiteBehavior [ RunTime:0.000022s ]
INFO: [ app_init ] --END-- [ RunTime:0.000334s ]
INFO: [ app_begin ] --START--
INFO: Run Behavior\ReadHtmlCacheBehavior [ RunTime:0.000381s ]
INFO: [ app_begin ] --END-- [ RunTime:0.000477s ]
SQL: SHOW COLUMNS FROM `acm_user` [ RunTime:0.0006s ]
SQL: UPDATE `acm_user` SET `is_passed`='1' WHERE `id` = 7 [ RunTime:0.0011s ]

[ 2017-05-26T01:41:45+08:00 ] ::1 /sys/admin.php/Check/CheckStuSign.html
INFO: [ app_init ] --START--
INFO: Run Behavior\BuildLiteBehavior [ RunTime:0.000020s ]
INFO: [ app_init ] --END-- [ RunTime:0.000295s ]
INFO: [ app_begin ] --START--
INFO: Run Behavior\ReadHtmlCacheBehavior [ RunTime:0.000345s ]
INFO: [ app_begin ] --END-- [ RunTime:0.000434s ]
SQL: SHOW COLUMNS FROM `acm_user` [ RunTime:0.0005s ]
SQL: SELECT COUNT(*) AS tp_count FROM `acm_user` WHERE ( is_passed=0 ) LIMIT 1   [ RunTime:0.0002s ]
SQL: SELECT `id`,`nickname`,`institude`,`grade` FROM `acm_user` WHERE `is_passed` = 0 LIMIT 0,8   [ RunTime:0.0002s ]
INFO: [ view_parse ] --START--
INFO: [ template_filter ] --START--
INFO: Run Behavior\ContentReplaceBehavior [ RunTime:0.000064s ]
INFO: [ template_filter ] --END-- [ RunTime:0.000143s ]
SQL: SELECT COUNT(*) AS tp_count FROM `acm_user` WHERE `is_passed` = 0 LIMIT 1   [ RunTime:0.0003s ]
INFO: [ view_parse ] --START--
INFO: [ template_filter ] --START--
INFO: Run Behavior\ContentReplaceBehavior [ RunTime:0.000044s ]
INFO: [ template_filter ] --END-- [ RunTime:-0.002959s ]
INFO: Run Behavior\ParseTemplateBehavior [ RunTime:0.001123s ]
INFO: [ view_parse ] --END-- [ RunTime:0.001200s ]
INFO: [ view_filter ] --START--
INFO: Run Behavior\WriteHtmlCacheBehavior [ RunTime:0.000122s ]
INFO: [ view_filter ] --END-- [ RunTime:0.000200s ]
INFO: Run Behavior\ParseTemplateBehavior [ RunTime:0.004087s ]
INFO: [ view_parse ] --END-- [ RunTime:0.001200s ]
INFO: [ view_filter ] --START--
INFO: Run Behavior\WriteHtmlCacheBehavior [ RunTime:0.000020s ]
INFO: [ view_filter ] --END-- [ RunTime:-0.002769s ]
INFO: [ app_end ] --START--
INFO: Run Behavior\ShowPageTraceBehavior [ RunTime:0.000647s ]
INFO: [ app_end ] --END-- [ RunTime:0.000851s ]

[ 2017-05-26T01:41:47+08:00 ] ::1 /sys/admin.php/Check/passStuSign.html?id=9&_=1495734105594
INFO: [ app_init ] --START--
INFO: Run Behavior\BuildLiteBehavior [ RunTime:0.000033s ]
INFO: [ app_init ] --END-- [ RunTime:0.000475s ]
INFO: [ app_begin ] --START--
INFO: Run Behavior\ReadHtmlCacheBehavior [ RunTime:0.000442s ]
INFO: [ app_begin ] --END-- [ RunTime:0.000598s ]
SQL: SHOW COLUMNS FROM `acm_user` [ RunTime:0.0006s ]
SQL: UPDATE `acm_user` SET `is_passed`='1' WHERE `id` = 9 [ RunTime:0.0011s ]

[ 2017-05-26T01:41:48+08:00 ] ::1 /sys/admin.php/Check/CheckStuSign.html
INFO: [ app_init ] --START--
INFO: Run Behavior\BuildLiteBehavior [ RunTime:0.000017s ]
INFO: [ app_init ] --END-- [ RunTime:0.000251s ]
INFO: [ app_begin ] --START--
INFO: Run Behavior\ReadHtmlCacheBehavior [ RunTime:0.000266s ]
INFO: [ app_begin ] --END-- [ RunTime:0.000338s ]
SQL: SHOW COLUMNS FROM `acm_user` [ RunTime:0.0005s ]
SQL: SELECT COUNT(*) AS tp_count FROM `acm_user` WHERE ( is_passed=0 ) LIMIT 1   [ RunTime:0.0002s ]
SQL: SELECT `id`,`nickname`,`institude`,`grade` FROM `acm_user` WHERE `is_passed` = 0 LIMIT 0,8   [ RunTime:0.0003s ]
INFO: [ view_parse ] --START--
INFO: [ template_filter ] --START--
INFO: Run Behavior\ContentReplaceBehavior [ RunTime:0.000066s ]
INFO: [ template_filter ] --END-- [ RunTime:0.000145s ]
SQL: SELECT COUNT(*) AS tp_count FROM `acm_user` WHERE `is_passed` = 0 LIMIT 1   [ RunTime:0.0004s ]
INFO: [ view_parse ] --START--
INFO: Run Behavior\ParseTemplateBehavior [ RunTime:0.000279s ]
INFO: [ view_parse ] --END-- [ RunTime:0.000381s ]
INFO: [ view_filter ] --START--
INFO: Run Behavior\WriteHtmlCacheBehavior [ RunTime:0.000166s ]
INFO: [ view_filter ] --END-- [ RunTime:0.000264s ]
INFO: Run Behavior\ParseTemplateBehavior [ RunTime:0.002481s ]
INFO: [ view_parse ] --END-- [ RunTime:0.000381s ]
INFO: [ view_filter ] --START--
INFO: Run Behavior\WriteHtmlCacheBehavior [ RunTime:0.000020s ]
INFO: [ view_filter ] --END-- [ RunTime:-0.001788s ]
INFO: [ app_end ] --START--
INFO: Run Behavior\ShowPageTraceBehavior [ RunTime:0.000695s ]
INFO: [ app_end ] --END-- [ RunTime:0.000856s ]

[ 2017-05-26T01:41:49+08:00 ] ::1 /sys/admin.php/Check/passStuSign.html?id=10&_=1495734108348
INFO: [ app_init ] --START--
INFO: Run Behavior\BuildLiteBehavior [ RunTime:0.000021s ]
INFO: [ app_init ] --END-- [ RunTime:0.000304s ]
INFO: [ app_begin ] --START--
INFO: Run Behavior\ReadHtmlCacheBehavior [ RunTime:0.000561s ]
INFO: [ app_begin ] --END-- [ RunTime:0.000686s ]
SQL: SHOW COLUMNS FROM `acm_user` [ RunTime:0.0005s ]
SQL: UPDATE `acm_user` SET `is_passed`='1' WHERE `id` = 10 [ RunTime:0.0011s ]

[ 2017-05-26T01:41:50+08:00 ] ::1 /sys/admin.php/Check/CheckStuSign.html
INFO: [ app_init ] --START--
INFO: Run Behavior\BuildLiteBehavior [ RunTime:0.000020s ]
INFO: [ app_init ] --END-- [ RunTime:0.000358s ]
INFO: [ app_begin ] --START--
INFO: Run Behavior\ReadHtmlCacheBehavior [ RunTime:0.000528s ]
INFO: [ app_begin ] --END-- [ RunTime:0.000672s ]
SQL: SHOW COLUMNS FROM `acm_user` [ RunTime:0.0005s ]
SQL: SELECT COUNT(*) AS tp_count FROM `acm_user` WHERE ( is_passed=0 ) LIMIT 1   [ RunTime:0.0003s ]
SQL: SELECT `id`,`nickname`,`institude`,`grade` FROM `acm_user` WHERE `is_passed` = 0 LIMIT 0,8   [ RunTime:0.0003s ]
INFO: [ view_parse ] --START--
INFO: [ template_filter ] --START--
INFO: Run Behavior\ContentReplaceBehavior [ RunTime:0.000071s ]
INFO: [ template_filter ] --END-- [ RunTime:0.000162s ]
SQL: SELECT COUNT(*) AS tp_count FROM `acm_user` WHERE `is_passed` = 0 LIMIT 1   [ RunTime:0.0003s ]
INFO: Run Behavior\ParseTemplateBehavior [ RunTime:0.011603s ]
INFO: [ view_parse ] --END-- [ RunTime:0.011682s ]
INFO: [ view_filter ] --START--
INFO: Run Behavior\WriteHtmlCacheBehavior [ RunTime:0.000156s ]
INFO: [ view_filter ] --END-- [ RunTime:0.000221s ]
INFO: [ app_end ] --START--
INFO: Run Behavior\ShowPageTraceBehavior [ RunTime:0.000598s ]
INFO: [ app_end ] --END-- [ RunTime:0.000861s ]

[ 2017-05-26T01:42:16+08:00 ] ::1 /sys/admin.php/Class/ShowClass.html
INFO: [ app_init ] --START--
INFO: Run Behavior\BuildLiteBehavior [ RunTime:0.000019s ]
INFO: [ app_init ] --END-- [ RunTime:0.000291s ]
INFO: [ app_begin ] --START--
INFO: Run Behavior\ReadHtmlCacheBehavior [ RunTime:0.000300s ]
INFO: [ app_begin ] --END-- [ RunTime:0.000381s ]
SQL: SHOW COLUMNS FROM `acm_clazz` [ RunTime:0.0004s ]
SQL: SELECT COUNT(*) AS tp_count FROM `acm_clazz` LIMIT 1   [ RunTime:0.0002s ]
SQL: SELECT `id`,`clazzname`,`level` FROM `acm_clazz` LIMIT 0,12   [ RunTime:0.0003s ]
INFO: [ view_parse ] --START--
INFO: [ template_filter ] --START--
INFO: Run Behavior\ContentReplaceBehavior [ RunTime:0.000066s ]
INFO: [ template_filter ] --END-- [ RunTime:0.000146s ]
SQL: SHOW COLUMNS FROM `acm_user` [ RunTime:0.0006s ]
SQL: SELECT COUNT(*) AS tp_count FROM `acm_user` WHERE `is_passed` = 0 LIMIT 1   [ RunTime:0.0003s ]
INFO: Run Behavior\ParseTemplateBehavior [ RunTime:0.011206s ]
INFO: [ view_parse ] --END-- [ RunTime:0.011285s ]
INFO: [ view_filter ] --START--
INFO: Run Behavior\WriteHtmlCacheBehavior [ RunTime:0.000160s ]
INFO: [ view_filter ] --END-- [ RunTime:0.000228s ]
INFO: [ app_end ] --START--
INFO: Run Behavior\ShowPageTraceBehavior [ RunTime:0.001153s ]
INFO: [ app_end ] --END-- [ RunTime:0.001443s ]

[ 2017-05-26T01:42:18+08:00 ] ::1 /sys/admin.php/Check/CheckStuSelect.html
INFO: [ app_init ] --START--
INFO: Run Behavior\BuildLiteBehavior [ RunTime:0.000023s ]
INFO: [ app_init ] --END-- [ RunTime:0.000454s ]
INFO: [ app_begin ] --START--
INFO: Run Behavior\ReadHtmlCacheBehavior [ RunTime:0.000329s ]
INFO: [ app_begin ] --END-- [ RunTime:0.000418s ]
SQL: SHOW COLUMNS FROM `acm_check_clazz` [ RunTime:0.0005s ]
SQL: SELECT * FROM `acm_check_clazz`  [ RunTime:0.0002s ]
SQL: SHOW COLUMNS FROM `acm_check_clazz` [ RunTime:0.0004s ]
SQL: SELECT a.id as id,user.id as userid,user.nickname as nickname,clazz.id as clazzid,clazz.clazzname as clazzname,a.checktime as checktime FROM acm_check_clazz a,acm_user user,acm_clazz clazz WHERE ( a.id_clazz = clazz.id and a.id_stu = user.id )  [ RunTime:0.0003s ]
INFO: [ view_parse ] --START--
INFO: [ template_filter ] --START--
INFO: Run Behavior\ContentReplaceBehavior [ RunTime:0.000071s ]
INFO: [ template_filter ] --END-- [ RunTime:0.000161s ]
SQL: SHOW COLUMNS FROM `acm_user` [ RunTime:0.0006s ]
SQL: SELECT COUNT(*) AS tp_count FROM `acm_user` WHERE `is_passed` = 0 LIMIT 1   [ RunTime:0.0003s ]
INFO: Run Behavior\ParseTemplateBehavior [ RunTime:0.012127s ]
INFO: [ view_parse ] --END-- [ RunTime:0.012215s ]
INFO: [ view_filter ] --START--
INFO: Run Behavior\WriteHtmlCacheBehavior [ RunTime:0.000188s ]
INFO: [ view_filter ] --END-- [ RunTime:0.000264s ]
INFO: [ app_end ] --START--
INFO: Run Behavior\ShowPageTraceBehavior [ RunTime:0.000960s ]
INFO: [ app_end ] --END-- [ RunTime:0.001190s ]

[ 2017-05-26T01:42:27+08:00 ] ::1 /sys/admin.php/Check/CheckStuSign.html
INFO: [ app_init ] --START--
INFO: Run Behavior\BuildLiteBehavior [ RunTime:0.000019s ]
INFO: [ app_init ] --END-- [ RunTime:0.000255s ]
INFO: [ app_begin ] --START--
INFO: Run Behavior\ReadHtmlCacheBehavior [ RunTime:0.000270s ]
INFO: [ app_begin ] --END-- [ RunTime:0.000342s ]
SQL: SHOW COLUMNS FROM `acm_user` [ RunTime:0.0005s ]
SQL: SELECT COUNT(*) AS tp_count FROM `acm_user` WHERE ( is_passed=0 ) LIMIT 1   [ RunTime:0.0002s ]
SQL: SELECT `id`,`nickname`,`institude`,`grade` FROM `acm_user` WHERE `is_passed` = 0 LIMIT 0,8   [ RunTime:0.0003s ]
INFO: [ view_parse ] --START--
INFO: [ template_filter ] --START--
INFO: Run Behavior\ContentReplaceBehavior [ RunTime:0.000062s ]
INFO: [ template_filter ] --END-- [ RunTime:0.000136s ]
SQL: SELECT COUNT(*) AS tp_count FROM `acm_user` WHERE `is_passed` = 0 LIMIT 1   [ RunTime:0.0004s ]
INFO: Run Behavior\ParseTemplateBehavior [ RunTime:0.009996s ]
INFO: [ view_parse ] --END-- [ RunTime:0.010079s ]
INFO: [ view_filter ] --START--
INFO: Run Behavior\WriteHtmlCacheBehavior [ RunTime:0.000149s ]
INFO: [ view_filter ] --END-- [ RunTime:0.000219s ]
INFO: [ app_end ] --START--
INFO: Run Behavior\ShowPageTraceBehavior [ RunTime:0.000552s ]
INFO: [ app_end ] --END-- [ RunTime:0.000631s ]

[ 2017-05-26T01:42:52+08:00 ] ::1 /sys/admin.php/Class/ShowClass.html
INFO: [ app_init ] --START--
INFO: Run Behavior\BuildLiteBehavior [ RunTime:0.000031s ]
INFO: [ app_init ] --END-- [ RunTime:0.000451s ]
INFO: [ app_begin ] --START--
INFO: Run Behavior\ReadHtmlCacheBehavior [ RunTime:0.000344s ]
INFO: [ app_begin ] --END-- [ RunTime:0.000444s ]
SQL: SHOW COLUMNS FROM `acm_clazz` [ RunTime:0.0006s ]
SQL: SELECT COUNT(*) AS tp_count FROM `acm_clazz` LIMIT 1   [ RunTime:0.0003s ]
SQL: SELECT `id`,`clazzname`,`level` FROM `acm_clazz` LIMIT 0,12   [ RunTime:0.0004s ]
INFO: [ view_parse ] --START--
INFO: [ template_filter ] --START--
INFO: Run Behavior\ContentReplaceBehavior [ RunTime:0.000071s ]
INFO: [ template_filter ] --END-- [ RunTime:0.000164s ]
SQL: SHOW COLUMNS FROM `acm_user` [ RunTime:0.0006s ]
SQL: SELECT COUNT(*) AS tp_count FROM `acm_user` WHERE `is_passed` = 0 LIMIT 1   [ RunTime:0.0003s ]
INFO: Run Behavior\ParseTemplateBehavior [ RunTime:0.014860s ]
INFO: [ view_parse ] --END-- [ RunTime:0.014966s ]
INFO: [ view_filter ] --START--
INFO: Run Behavior\WriteHtmlCacheBehavior [ RunTime:0.000153s ]
INFO: [ view_filter ] --END-- [ RunTime:0.000276s ]
INFO: [ app_end ] --START--
INFO: Run Behavior\ShowPageTraceBehavior [ RunTime:0.000613s ]
INFO: [ app_end ] --END-- [ RunTime:0.000802s ]

[ 2017-05-26T01:42:53+08:00 ] ::1 /sys/admin.php/Class/AddClass.html
INFO: [ app_init ] --START--
INFO: Run Behavior\BuildLiteBehavior [ RunTime:0.000019s ]
INFO: [ app_init ] --END-- [ RunTime:0.000255s ]
INFO: [ app_begin ] --START--
INFO: Run Behavior\ReadHtmlCacheBehavior [ RunTime:0.000365s ]
INFO: [ app_begin ] --END-- [ RunTime:0.000458s ]
INFO: [ view_parse ] --START--
INFO: [ template_filter ] --START--
INFO: Run Behavior\ContentReplaceBehavior [ RunTime:0.000109s ]
INFO: [ template_filter ] --END-- [ RunTime:0.000261s ]
SQL: SHOW COLUMNS FROM `acm_user` [ RunTime:0.0006s ]
SQL: SELECT COUNT(*) AS tp_count FROM `acm_user` WHERE `is_passed` = 0 LIMIT 1   [ RunTime:0.0003s ]
INFO: Run Behavior\ParseTemplateBehavior [ RunTime:0.024484s ]
INFO: [ view_parse ] --END-- [ RunTime:0.024570s ]
INFO: [ view_filter ] --START--
INFO: Run Behavior\WriteHtmlCacheBehavior [ RunTime:0.000195s ]
INFO: [ view_filter ] --END-- [ RunTime:0.000276s ]
INFO: [ app_end ] --START--
INFO: Run Behavior\ShowPageTraceBehavior [ RunTime:0.001204s ]
INFO: [ app_end ] --END-- [ RunTime:0.001411s ]

[ 2017-05-26T01:42:54+08:00 ] ::1 /sys/admin.php/Check/CheckStuSelect.html
INFO: [ app_init ] --START--
INFO: Run Behavior\BuildLiteBehavior [ RunTime:0.000018s ]
INFO: [ app_init ] --END-- [ RunTime:0.000254s ]
INFO: [ app_begin ] --START--
INFO: Run Behavior\ReadHtmlCacheBehavior [ RunTime:0.000387s ]
INFO: [ app_begin ] --END-- [ RunTime:0.000547s ]
SQL: SHOW COLUMNS FROM `acm_check_clazz` [ RunTime:0.0005s ]
SQL: SELECT * FROM `acm_check_clazz`  [ RunTime:0.0003s ]
SQL: SHOW COLUMNS FROM `acm_check_clazz` [ RunTime:0.0004s ]
SQL: SELECT a.id as id,user.id as userid,user.nickname as nickname,clazz.id as clazzid,clazz.clazzname as clazzname,a.checktime as checktime FROM acm_check_clazz a,acm_user user,acm_clazz clazz WHERE ( a.id_clazz = clazz.id and a.id_stu = user.id )  [ RunTime:0.0003s ]
INFO: [ view_parse ] --START--
INFO: [ template_filter ] --START--
INFO: Run Behavior\ContentReplaceBehavior [ RunTime:0.000072s ]
INFO: [ template_filter ] --END-- [ RunTime:0.000167s ]
SQL: SHOW COLUMNS FROM `acm_user` [ RunTime:0.0006s ]
SQL: SELECT COUNT(*) AS tp_count FROM `acm_user` WHERE `is_passed` = 0 LIMIT 1   [ RunTime:0.0003s ]
INFO: Run Behavior\ParseTemplateBehavior [ RunTime:0.012127s ]
INFO: [ view_parse ] --END-- [ RunTime:0.012212s ]
INFO: [ view_filter ] --START--
INFO: Run Behavior\WriteHtmlCacheBehavior [ RunTime:0.000155s ]
INFO: [ view_filter ] --END-- [ RunTime:0.000224s ]
INFO: [ app_end ] --START--
INFO: Run Behavior\ShowPageTraceBehavior [ RunTime:0.000563s ]
INFO: [ app_end ] --END-- [ RunTime:0.000797s ]

[ 2017-05-26T01:51:03+08:00 ] ::1 /sys/admin.php/Database/ShowExport.html
INFO: [ app_init ] --START--
INFO: Run Behavior\BuildLiteBehavior [ RunTime:0.000025s ]
INFO: [ app_init ] --END-- [ RunTime:0.000556s ]
INFO: [ app_begin ] --START--
INFO: Run Behavior\ReadHtmlCacheBehavior [ RunTime:0.000731s ]
INFO: [ app_begin ] --END-- [ RunTime:0.000834s ]
SQL: SHOW TABLE STATUS [ RunTime:0.0012s ]
INFO: [ view_parse ] --START--
INFO: [ template_filter ] --START--
INFO: Run Behavior\ContentReplaceBehavior [ RunTime:0.000081s ]
INFO: [ template_filter ] --END-- [ RunTime:0.000181s ]
NOTIC: [8] Undefined variable: name /Library/WebServer/Documents/sys/Application/Runtime/Cache/Admin/630a07003a26008c48356c9049b49302.php 第 40 行.
SQL: SHOW COLUMNS FROM `acm_user` [ RunTime:0.0006s ]
SQL: SELECT COUNT(*) AS tp_count FROM `acm_user` WHERE `is_passed` = 0 LIMIT 1   [ RunTime:0.0003s ]
INFO: Run Behavior\ParseTemplateBehavior [ RunTime:0.041870s ]
INFO: [ view_parse ] --END-- [ RunTime:0.041979s ]
INFO: [ view_filter ] --START--
INFO: Run Behavior\WriteHtmlCacheBehavior [ RunTime:0.000624s ]
INFO: [ view_filter ] --END-- [ RunTime:0.000819s ]
INFO: [ app_end ] --START--
INFO: Run Behavior\ShowPageTraceBehavior [ RunTime:0.001067s ]
INFO: [ app_end ] --END-- [ RunTime:0.001238s ]

[ 2017-05-26T01:55:06+08:00 ] ::1 /sys/admin.php/Excel/index.html
INFO: [ app_init ] --START--
INFO: Run Behavior\BuildLiteBehavior [ RunTime:0.000054s ]
INFO: [ app_init ] --END-- [ RunTime:0.000709s ]
INFO: [ app_begin ] --START--
INFO: Run Behavior\ReadHtmlCacheBehavior [ RunTime:0.000654s ]
INFO: [ app_begin ] --END-- [ RunTime:0.000760s ]
SQL: SHOW COLUMNS FROM `acm_clazz` [ RunTime:0.0005s ]
SQL: SELECT `id`,`clazzname`,`level` FROM `acm_clazz`  [ RunTime:0.0002s ]
INFO: [ view_parse ] --START--
INFO: [ template_filter ] --START--
INFO: Run Behavior\ContentReplaceBehavior [ RunTime:0.000061s ]
INFO: [ template_filter ] --END-- [ RunTime:0.000139s ]
SQL: SHOW COLUMNS FROM `acm_user` [ RunTime:0.0005s ]
SQL: SELECT COUNT(*) AS tp_count FROM `acm_user` WHERE `is_passed` = 0 LIMIT 1   [ RunTime:0.0002s ]
INFO: Run Behavior\ParseTemplateBehavior [ RunTime:0.016535s ]
INFO: [ view_parse ] --END-- [ RunTime:0.016638s ]
INFO: [ view_filter ] --START--
INFO: Run Behavior\WriteHtmlCacheBehavior [ RunTime:0.000509s ]
INFO: [ view_filter ] --END-- [ RunTime:0.000596s ]
INFO: [ app_end ] --START--
INFO: Run Behavior\ShowPageTraceBehavior [ RunTime:0.001067s ]
INFO: [ app_end ] --END-- [ RunTime:0.001296s ]

[ 2017-05-26T13:20:09+08:00 ] ::1 /sys/admin.php/Check/CheckStuSign.html
INFO: [ app_init ] --START--
INFO: Run Behavior\BuildLiteBehavior [ RunTime:0.000066s ]
INFO: [ app_init ] --END-- [ RunTime:0.002037s ]
INFO: [ app_begin ] --START--
INFO: Run Behavior\ReadHtmlCacheBehavior [ RunTime:0.001148s ]
INFO: [ app_begin ] --END-- [ RunTime:0.001295s ]
SQL: SHOW COLUMNS FROM `acm_user` [ RunTime:0.0102s ]
SQL: SELECT COUNT(*) AS tp_count FROM `acm_user` WHERE ( is_passed=0 ) LIMIT 1   [ RunTime:0.0087s ]
SQL: SELECT `id`,`nickname`,`institude`,`grade` FROM `acm_user` WHERE `is_passed` = 0 LIMIT 0,8   [ RunTime:0.0006s ]
INFO: [ view_parse ] --START--
INFO: [ template_filter ] --START--
INFO: Run Behavior\ContentReplaceBehavior [ RunTime:0.000475s ]
INFO: [ template_filter ] --END-- [ RunTime:0.000584s ]
SQL: SELECT COUNT(*) AS tp_count FROM `acm_user` WHERE `is_passed` = 0 LIMIT 1   [ RunTime:0.0004s ]
INFO: Run Behavior\ParseTemplateBehavior [ RunTime:0.036605s ]
INFO: [ view_parse ] --END-- [ RunTime:0.036728s ]
INFO: [ view_filter ] --START--
INFO: Run Behavior\WriteHtmlCacheBehavior [ RunTime:0.000644s ]
INFO: [ view_filter ] --END-- [ RunTime:0.000751s ]
INFO: [ app_end ] --START--
INFO: Run Behavior\ShowPageTraceBehavior [ RunTime:0.001067s ]
INFO: [ app_end ] --END-- [ RunTime:0.001281s ]

[ 2017-05-26T13:20:10+08:00 ] ::1 /sys/admin.php/StuInfo/index.html
INFO: [ app_init ] --START--
INFO: Run Behavior\BuildLiteBehavior [ RunTime:0.000018s ]
INFO: [ app_init ] --END-- [ RunTime:0.000393s ]
INFO: [ app_begin ] --START--
INFO: Run Behavior\ReadHtmlCacheBehavior [ RunTime:0.000273s ]
INFO: [ app_begin ] --END-- [ RunTime:0.000345s ]
SQL: SHOW COLUMNS FROM `acm_user` [ RunTime:0.0008s ]
SQL: SELECT COUNT(*) AS tp_count FROM `acm_user` WHERE `is_passed` = 1 AND `nickname` LIKE '%%' LIMIT 1   [ RunTime:0.0010s ]
SQL: SELECT `id`,`nickname`,`institude`,`grade` FROM `acm_user` WHERE `is_passed` = 1 AND `nickname` LIKE '%%' LIMIT 0,8   [ RunTime:0.0004s ]
INFO: [ view_parse ] --START--
INFO: [ template_filter ] --START--
INFO: Run Behavior\ContentReplaceBehavior [ RunTime:0.000086s ]
INFO: [ template_filter ] --END-- [ RunTime:0.000188s ]
SQL: SELECT COUNT(*) AS tp_count FROM `acm_user` WHERE `is_passed` = 0 LIMIT 1   [ RunTime:0.0004s ]
INFO: Run Behavior\ParseTemplateBehavior [ RunTime:0.027030s ]
INFO: [ view_parse ] --END-- [ RunTime:0.027132s ]
INFO: [ view_filter ] --START--
INFO: Run Behavior\WriteHtmlCacheBehavior [ RunTime:0.000180s ]
INFO: [ view_filter ] --END-- [ RunTime:0.000265s ]
INFO: [ app_end ] --START--
INFO: Run Behavior\ShowPageTraceBehavior [ RunTime:0.000796s ]
INFO: [ app_end ] --END-- [ RunTime:0.000968s ]

[ 2017-05-26T13:20:13+08:00 ] ::1 /sys/admin.php/Index/index.html
INFO: [ app_init ] --START--
INFO: Run Behavior\BuildLiteBehavior [ RunTime:0.000019s ]
INFO: [ app_init ] --END-- [ RunTime:0.000259s ]
INFO: [ app_begin ] --START--
INFO: Run Behavior\ReadHtmlCacheBehavior [ RunTime:0.000276s ]
INFO: [ app_begin ] --END-- [ RunTime:0.000349s ]
SQL: SHOW COLUMNS FROM `acm_user` [ RunTime:0.0006s ]
SQL: SELECT COUNT(*) AS tp_count FROM `acm_user` LIMIT 1   [ RunTime:0.0002s ]
SQL: SHOW COLUMNS FROM `acm_clazz` [ RunTime:0.0020s ]
SQL: SELECT COUNT(*) AS tp_count FROM `acm_user` LIMIT 1   [ RunTime:0.0003s ]
SQL: SHOW COLUMNS FROM `acm_admin` [ RunTime:0.0006s ]
SQL: SELECT COUNT(*) AS tp_count FROM `acm_admin` LIMIT 1   [ RunTime:0.0003s ]
SQL: SHOW COLUMNS FROM `acm_todaylogin` [ RunTime:0.0005s ]
SQL: SELECT COUNT(*) AS tp_count FROM `acm_todaylogin` LIMIT 1   [ RunTime:0.0004s ]
SQL: SHOW COLUMNS FROM `acm_inform` [ RunTime:0.0007s ]
SQL: SELECT * FROM `acm_inform`  [ RunTime:0.0003s ]
INFO: [ view_parse ] --START--
INFO: [ template_filter ] --START--
INFO: Run Behavior\ContentReplaceBehavior [ RunTime:0.000062s ]
INFO: [ template_filter ] --END-- [ RunTime:0.000144s ]
SQL: SELECT COUNT(*) AS tp_count FROM `acm_user` WHERE `is_passed` = 0 LIMIT 1   [ RunTime:0.0004s ]
INFO: Run Behavior\ParseTemplateBehavior [ RunTime:0.021530s ]
INFO: [ view_parse ] --END-- [ RunTime:0.021670s ]
INFO: [ view_filter ] --START--
INFO: Run Behavior\WriteHtmlCacheBehavior [ RunTime:0.000144s ]
INFO: [ view_filter ] --END-- [ RunTime:0.000216s ]
INFO: [ app_end ] --START--
INFO: Run Behavior\ShowPageTraceBehavior [ RunTime:0.000664s ]
INFO: [ app_end ] --END-- [ RunTime:0.000876s ]

[ 2017-05-26T13:20:15+08:00 ] ::1 /sys/admin.php/User/dologout.html
INFO: [ app_init ] --START--
INFO: Run Behavior\BuildLiteBehavior [ RunTime:0.000017s ]
INFO: [ app_init ] --END-- [ RunTime:0.000250s ]
INFO: [ app_begin ] --START--
INFO: Run Behavior\ReadHtmlCacheBehavior [ RunTime:0.000269s ]
INFO: [ app_begin ] --END-- [ RunTime:0.000341s ]
INFO: [ view_parse ] --START--
INFO: [ template_filter ] --START--
INFO: Run Behavior\ContentReplaceBehavior [ RunTime:0.000070s ]
INFO: [ template_filter ] --END-- [ RunTime:0.000176s ]
INFO: Run Behavior\ParseTemplateBehavior [ RunTime:0.012851s ]
INFO: [ view_parse ] --END-- [ RunTime:0.012955s ]
INFO: [ view_filter ] --START--
INFO: Run Behavior\WriteHtmlCacheBehavior [ RunTime:0.000154s ]
INFO: [ view_filter ] --END-- [ RunTime:0.000243s ]

[ 2017-05-26T13:20:16+08:00 ] ::1 /sys/admin.php/User/login.html
INFO: [ app_init ] --START--
INFO: Run Behavior\BuildLiteBehavior [ RunTime:0.000020s ]
INFO: [ app_init ] --END-- [ RunTime:0.000299s ]
INFO: [ app_begin ] --START--
INFO: Run Behavior\ReadHtmlCacheBehavior [ RunTime:0.000297s ]
INFO: [ app_begin ] --END-- [ RunTime:0.000377s ]
INFO: [ view_parse ] --START--
INFO: [ template_filter ] --START--
INFO: Run Behavior\ContentReplaceBehavior [ RunTime:0.000059s ]
INFO: [ template_filter ] --END-- [ RunTime:0.000149s ]
INFO: Run Behavior\ParseTemplateBehavior [ RunTime:0.012156s ]
INFO: [ view_parse ] --END-- [ RunTime:0.012283s ]
INFO: [ view_filter ] --START--
INFO: Run Behavior\WriteHtmlCacheBehavior [ RunTime:0.000228s ]
INFO: [ view_filter ] --END-- [ RunTime:0.000347s ]
INFO: [ app_end ] --START--
INFO: Run Behavior\ShowPageTraceBehavior [ RunTime:0.000667s ]
INFO: [ app_end ] --END-- [ RunTime:0.000795s ]

[ 2017-05-26T13:20:17+08:00 ] ::1 /sys/admin.php/User/css/master.css
INFO: [ app_init ] --START--
INFO: Run Behavior\BuildLiteBehavior [ RunTime:0.000024s ]
INFO: [ app_init ] --END-- [ RunTime:0.000404s ]
INFO: [ app_begin ] --START--
INFO: Run Behavior\ReadHtmlCacheBehavior [ RunTime:0.000377s ]
INFO: [ app_begin ] --END-- [ RunTime:0.000488s ]
ERR: 非法操作:css

