[ 2017-05-31T10:29:55+08:00 ] ::1 /sys/admin.php/User/dologout.html
INFO: [ app_init ] --START--
INFO: Run Behavior\BuildLiteBehavior [ RunTime:0.000060s ]
INFO: [ app_init ] --END-- [ RunTime:0.002097s ]
INFO: [ app_begin ] --START--
INFO: Run Behavior\ReadHtmlCacheBehavior [ RunTime:0.000925s ]
INFO: [ app_begin ] --END-- [ RunTime:0.001066s ]
INFO: [ view_parse ] --START--
INFO: [ template_filter ] --START--
INFO: Run Behavior\ContentReplaceBehavior [ RunTime:0.000460s ]
INFO: [ template_filter ] --END-- [ RunTime:0.000592s ]
INFO: Run Behavior\ParseTemplateBehavior [ RunTime:0.013238s ]
INFO: [ view_parse ] --END-- [ RunTime:0.013378s ]
INFO: [ view_filter ] --START--
INFO: Run Behavior\WriteHtmlCacheBehavior [ RunTime:0.000610s ]
INFO: [ view_filter ] --END-- [ RunTime:0.000723s ]

[ 2017-05-31T10:29:56+08:00 ] ::1 /sys/admin.php/User/login.html
INFO: [ app_init ] --START--
INFO: Run Behavior\BuildLiteBehavior [ RunTime:0.000021s ]
INFO: [ app_init ] --END-- [ RunTime:0.000388s ]
INFO: [ app_begin ] --START--
INFO: Run Behavior\ReadHtmlCacheBehavior [ RunTime:0.000375s ]
INFO: [ app_begin ] --END-- [ RunTime:0.000485s ]
INFO: [ view_parse ] --START--
INFO: [ template_filter ] --START--
INFO: Run Behavior\ContentReplaceBehavior [ RunTime:0.000105s ]
INFO: [ template_filter ] --END-- [ RunTime:0.000274s ]
INFO: Run Behavior\ParseTemplateBehavior [ RunTime:0.016337s ]
INFO: [ view_parse ] --END-- [ RunTime:0.016472s ]
INFO: [ view_filter ] --START--
INFO: Run Behavior\WriteHtmlCacheBehavior [ RunTime:0.000212s ]
INFO: [ view_filter ] --END-- [ RunTime:0.000324s ]
INFO: [ app_end ] --START--
INFO: Run Behavior\ShowPageTraceBehavior [ RunTime:0.000896s ]
INFO: [ app_end ] --END-- [ RunTime:0.001040s ]

[ 2017-05-31T10:29:56+08:00 ] ::1 /sys/admin.php/User/css/master.css
INFO: [ app_init ] --START--
INFO: Run Behavior\BuildLiteBehavior [ RunTime:0.000019s ]
INFO: [ app_init ] --END-- [ RunTime:0.000272s ]
INFO: [ app_begin ] --START--
INFO: Run Behavior\ReadHtmlCacheBehavior [ RunTime:0.000310s ]
INFO: [ app_begin ] --END-- [ RunTime:0.000549s ]
ERR: 非法操作:css

[ 2017-05-31T12:28:15+08:00 ] ::1 /sys/admin
INFO: [ app_init ] --START--
INFO: Run Behavior\BuildLiteBehavior [ RunTime:0.000021s ]
INFO: [ app_init ] --END-- [ RunTime:0.000381s ]
INFO: [ app_begin ] --START--
INFO: Run Behavior\ReadHtmlCacheBehavior [ RunTime:0.000353s ]
INFO: [ app_begin ] --END-- [ RunTime:0.000449s ]
INFO: [ view_parse ] --START--
INFO: [ template_filter ] --START--
INFO: Run Behavior\ContentReplaceBehavior [ RunTime:0.000060s ]
INFO: [ template_filter ] --END-- [ RunTime:0.000149s ]
INFO: Run Behavior\ParseTemplateBehavior [ RunTime:0.004717s ]
INFO: [ view_parse ] --END-- [ RunTime:0.004818s ]
INFO: [ view_filter ] --START--
INFO: Run Behavior\WriteHtmlCacheBehavior [ RunTime:0.000153s ]
INFO: [ view_filter ] --END-- [ RunTime:0.000238s ]

[ 2017-05-31T12:28:16+08:00 ] ::1 /sys/admin.php/User/login.html
INFO: [ app_init ] --START--
INFO: Run Behavior\BuildLiteBehavior [ RunTime:0.000019s ]
INFO: [ app_init ] --END-- [ RunTime:0.000286s ]
INFO: [ app_begin ] --START--
INFO: Run Behavior\ReadHtmlCacheBehavior [ RunTime:0.000311s ]
INFO: [ app_begin ] --END-- [ RunTime:0.000396s ]
INFO: [ view_parse ] --START--
INFO: [ template_filter ] --START--
INFO: Run Behavior\ContentReplaceBehavior [ RunTime:0.000064s ]
INFO: [ template_filter ] --END-- [ RunTime:0.000163s ]
INFO: Run Behavior\ParseTemplateBehavior [ RunTime:0.007407s ]
INFO: [ view_parse ] --END-- [ RunTime:0.007526s ]
INFO: [ view_filter ] --START--
INFO: Run Behavior\WriteHtmlCacheBehavior [ RunTime:0.000155s ]
INFO: [ view_filter ] --END-- [ RunTime:0.000232s ]
INFO: [ app_end ] --START--
INFO: Run Behavior\ShowPageTraceBehavior [ RunTime:0.000365s ]
INFO: [ app_end ] --END-- [ RunTime:0.000448s ]

[ 2017-05-31T12:28:16+08:00 ] ::1 /sys/admin.php/User/css/master.css
INFO: [ app_init ] --START--
INFO: Run Behavior\BuildLiteBehavior [ RunTime:0.000020s ]
INFO: [ app_init ] --END-- [ RunTime:0.000376s ]
INFO: [ app_begin ] --START--
INFO: Run Behavior\ReadHtmlCacheBehavior [ RunTime:0.000723s ]
INFO: [ app_begin ] --END-- [ RunTime:0.000987s ]
ERR: 非法操作:css

[ 2017-05-31T12:28:20+08:00 ] ::1 /sys/admin.php/User/doLogin.html
INFO: [ app_init ] --START--
INFO: Run Behavior\BuildLiteBehavior [ RunTime:0.000038s ]
INFO: [ app_init ] --END-- [ RunTime:0.000535s ]
INFO: [ app_begin ] --START--
INFO: Run Behavior\ReadHtmlCacheBehavior [ RunTime:0.000358s ]
INFO: [ app_begin ] --END-- [ RunTime:0.000480s ]
SQL: SHOW COLUMNS FROM `acm_admin` [ RunTime:0.0006s ]
SQL: SELECT * FROM `acm_admin` WHERE `username` = 'admin1'  [ RunTime:0.0004s ]
SQL: UPDATE `acm_admin` SET `lastLoginTime`='2017-05-31 12:28:20' WHERE `username` = 'admin1' [ RunTime:0.0005s ]
INFO: [ view_parse ] --START--
INFO: [ template_filter ] --START--
INFO: Run Behavior\ContentReplaceBehavior [ RunTime:0.000064s ]
INFO: [ template_filter ] --END-- [ RunTime:0.000153s ]
INFO: Run Behavior\ParseTemplateBehavior [ RunTime:0.010628s ]
INFO: [ view_parse ] --END-- [ RunTime:0.010799s ]
INFO: [ view_filter ] --START--
INFO: Run Behavior\WriteHtmlCacheBehavior [ RunTime:0.000407s ]
INFO: [ view_filter ] --END-- [ RunTime:0.000666s ]
INFO: [ app_end ] --START--
INFO: Run Behavior\ShowPageTraceBehavior [ RunTime:0.000366s ]
INFO: [ app_end ] --END-- [ RunTime:0.000449s ]

[ 2017-05-31T12:28:21+08:00 ] ::1 /sys/admin.php/Index/index.html
INFO: [ app_init ] --START--
INFO: Run Behavior\BuildLiteBehavior [ RunTime:0.000021s ]
INFO: [ app_init ] --END-- [ RunTime:0.000305s ]
INFO: [ app_begin ] --START--
INFO: Run Behavior\ReadHtmlCacheBehavior [ RunTime:0.000328s ]
INFO: [ app_begin ] --END-- [ RunTime:0.000415s ]
SQL: SHOW COLUMNS FROM `acm_user` [ RunTime:0.0006s ]
SQL: SELECT COUNT(*) AS tp_count FROM `acm_user` LIMIT 1   [ RunTime:0.0035s ]
SQL: SHOW COLUMNS FROM `acm_clazz` [ RunTime:0.0008s ]
SQL: SELECT COUNT(*) AS tp_count FROM `acm_user` LIMIT 1   [ RunTime:0.0002s ]
SQL: SHOW COLUMNS FROM `acm_admin` [ RunTime:0.0006s ]
SQL: SELECT COUNT(*) AS tp_count FROM `acm_admin` LIMIT 1   [ RunTime:0.0003s ]
SQL: SHOW COLUMNS FROM `acm_todaylogin` [ RunTime:0.0004s ]
SQL: SELECT COUNT(*) AS tp_count FROM `acm_todaylogin` LIMIT 1   [ RunTime:0.0002s ]
SQL: SHOW COLUMNS FROM `acm_inform` [ RunTime:0.0004s ]
SQL: SELECT * FROM `acm_inform`  [ RunTime:0.0002s ]
INFO: [ view_parse ] --START--
INFO: [ template_filter ] --START--
INFO: Run Behavior\ContentReplaceBehavior [ RunTime:0.000074s ]
INFO: [ template_filter ] --END-- [ RunTime:0.000180s ]
SQL: SELECT COUNT(*) AS tp_count FROM `acm_user` WHERE `is_passed` = 0 LIMIT 1   [ RunTime:0.0013s ]
INFO: Run Behavior\ParseTemplateBehavior [ RunTime:0.046255s ]
INFO: [ view_parse ] --END-- [ RunTime:0.046418s ]
INFO: [ view_filter ] --START--
INFO: Run Behavior\WriteHtmlCacheBehavior [ RunTime:0.000197s ]
INFO: [ view_filter ] --END-- [ RunTime:0.000275s ]
INFO: [ app_end ] --START--
INFO: Run Behavior\ShowPageTraceBehavior [ RunTime:0.000725s ]
INFO: [ app_end ] --END-- [ RunTime:0.000989s ]

[ 2017-05-31T12:28:41+08:00 ] ::1 /sys/admin.php/StuInfo/index.html
INFO: [ app_init ] --START--
INFO: Run Behavior\BuildLiteBehavior [ RunTime:0.000020s ]
INFO: [ app_init ] --END-- [ RunTime:0.000303s ]
INFO: [ app_begin ] --START--
INFO: Run Behavior\ReadHtmlCacheBehavior [ RunTime:0.000324s ]
INFO: [ app_begin ] --END-- [ RunTime:0.000410s ]
SQL: SHOW COLUMNS FROM `acm_user` [ RunTime:0.0006s ]
SQL: SELECT COUNT(*) AS tp_count FROM `acm_user` WHERE `is_passed` = 1 AND `nickname` LIKE '%%' LIMIT 1   [ RunTime:0.0008s ]
SQL: SELECT `id`,`nickname`,`institude`,`grade` FROM `acm_user` WHERE `is_passed` = 1 AND `nickname` LIKE '%%' LIMIT 0,8   [ RunTime:0.0006s ]
INFO: [ view_parse ] --START--
INFO: [ template_filter ] --START--
INFO: Run Behavior\ContentReplaceBehavior [ RunTime:0.000082s ]
INFO: [ template_filter ] --END-- [ RunTime:0.000177s ]
SQL: SELECT COUNT(*) AS tp_count FROM `acm_user` WHERE `is_passed` = 0 LIMIT 1   [ RunTime:0.0003s ]
INFO: Run Behavior\ParseTemplateBehavior [ RunTime:0.025068s ]
INFO: [ view_parse ] --END-- [ RunTime:0.025190s ]
INFO: [ view_filter ] --START--
INFO: Run Behavior\WriteHtmlCacheBehavior [ RunTime:0.000184s ]
INFO: [ view_filter ] --END-- [ RunTime:0.000265s ]
INFO: [ app_end ] --START--
INFO: Run Behavior\ShowPageTraceBehavior [ RunTime:0.002014s ]
INFO: [ app_end ] --END-- [ RunTime:0.002203s ]

[ 2017-05-31T12:34:48+08:00 ] ::1 /sys/admin.php/Class/ShowClass.html
INFO: [ app_init ] --START--
INFO: Run Behavior\BuildLiteBehavior [ RunTime:0.000028s ]
INFO: [ app_init ] --END-- [ RunTime:0.000706s ]
INFO: [ app_begin ] --START--
INFO: Run Behavior\ReadHtmlCacheBehavior [ RunTime:0.000867s ]
INFO: [ app_begin ] --END-- [ RunTime:0.001031s ]
SQL: SHOW COLUMNS FROM `acm_clazz` [ RunTime:0.0005s ]
SQL: SELECT COUNT(*) AS tp_count FROM `acm_clazz` LIMIT 1   [ RunTime:0.0002s ]
SQL: SELECT `id`,`clazzname`,`level` FROM `acm_clazz` LIMIT 0,12   [ RunTime:0.0003s ]
INFO: [ view_parse ] --START--
INFO: [ template_filter ] --START--
INFO: Run Behavior\ContentReplaceBehavior [ RunTime:0.000078s ]
INFO: [ template_filter ] --END-- [ RunTime:0.000169s ]
SQL: SHOW COLUMNS FROM `acm_user` [ RunTime:0.0008s ]
SQL: SELECT COUNT(*) AS tp_count FROM `acm_user` WHERE `is_passed` = 0 LIMIT 1   [ RunTime:0.0004s ]
INFO: Run Behavior\ParseTemplateBehavior [ RunTime:0.018492s ]
INFO: [ view_parse ] --END-- [ RunTime:0.018618s ]
INFO: [ view_filter ] --START--
INFO: Run Behavior\WriteHtmlCacheBehavior [ RunTime:0.000574s ]
INFO: [ view_filter ] --END-- [ RunTime:0.000670s ]
INFO: [ app_end ] --START--
INFO: Run Behavior\ShowPageTraceBehavior [ RunTime:0.001238s ]
INFO: [ app_end ] --END-- [ RunTime:0.001414s ]

[ 2017-05-31T12:34:49+08:00 ] ::1 /sys/admin.php/Check/CheckStuSelect.html
INFO: [ app_init ] --START--
INFO: Run Behavior\BuildLiteBehavior [ RunTime:0.000019s ]
INFO: [ app_init ] --END-- [ RunTime:0.000270s ]
INFO: [ app_begin ] --START--
INFO: Run Behavior\ReadHtmlCacheBehavior [ RunTime:0.000274s ]
INFO: [ app_begin ] --END-- [ RunTime:0.000348s ]
SQL: SHOW COLUMNS FROM `acm_check_clazz` [ RunTime:0.0006s ]
SQL: SELECT * FROM `acm_check_clazz`  [ RunTime:0.0003s ]
SQL: SHOW COLUMNS FROM `acm_check_clazz` [ RunTime:0.0004s ]
SQL: SELECT a.id as id,user.id as userid,user.nickname as nickname,clazz.id as clazzid,clazz.clazzname as clazzname,a.checktime as checktime FROM acm_check_clazz a,acm_user user,acm_clazz clazz WHERE ( a.id_clazz = clazz.id and a.id_stu = user.id )  [ RunTime:0.0009s ]
INFO: [ view_parse ] --START--
INFO: [ template_filter ] --START--
INFO: Run Behavior\ContentReplaceBehavior [ RunTime:0.000074s ]
INFO: [ template_filter ] --END-- [ RunTime:0.000172s ]
SQL: SHOW COLUMNS FROM `acm_user` [ RunTime:0.0007s ]
SQL: SELECT COUNT(*) AS tp_count FROM `acm_user` WHERE `is_passed` = 0 LIMIT 1   [ RunTime:0.0003s ]
INFO: Run Behavior\ParseTemplateBehavior [ RunTime:0.024565s ]
INFO: [ view_parse ] --END-- [ RunTime:0.024704s ]
INFO: [ view_filter ] --START--
INFO: Run Behavior\WriteHtmlCacheBehavior [ RunTime:0.000157s ]
INFO: [ view_filter ] --END-- [ RunTime:0.000223s ]
INFO: [ app_end ] --START--
INFO: Run Behavior\ShowPageTraceBehavior [ RunTime:0.000582s ]
INFO: [ app_end ] --END-- [ RunTime:0.000779s ]

[ 2017-05-31T12:34:51+08:00 ] ::1 /sys/admin.php/Check/CheckStuSelect.html
INFO: [ app_init ] --START--
INFO: Run Behavior\BuildLiteBehavior [ RunTime:0.000017s ]
INFO: [ app_init ] --END-- [ RunTime:0.000252s ]
INFO: [ app_begin ] --START--
INFO: Run Behavior\ReadHtmlCacheBehavior [ RunTime:0.000288s ]
INFO: [ app_begin ] --END-- [ RunTime:0.000369s ]
SQL: SHOW COLUMNS FROM `acm_check_clazz` [ RunTime:0.0004s ]
SQL: SELECT * FROM `acm_check_clazz`  [ RunTime:0.0002s ]
SQL: SHOW COLUMNS FROM `acm_check_clazz` [ RunTime:0.0004s ]
SQL: SELECT a.id as id,user.id as userid,user.nickname as nickname,clazz.id as clazzid,clazz.clazzname as clazzname,a.checktime as checktime FROM acm_check_clazz a,acm_user user,acm_clazz clazz WHERE ( a.id_clazz = clazz.id and a.id_stu = user.id )  [ RunTime:0.0003s ]
INFO: [ view_parse ] --START--
INFO: [ template_filter ] --START--
INFO: Run Behavior\ContentReplaceBehavior [ RunTime:0.000061s ]
INFO: [ template_filter ] --END-- [ RunTime:0.000140s ]
SQL: SHOW COLUMNS FROM `acm_user` [ RunTime:0.0007s ]
SQL: SELECT COUNT(*) AS tp_count FROM `acm_user` WHERE `is_passed` = 0 LIMIT 1   [ RunTime:0.0003s ]
INFO: Run Behavior\ParseTemplateBehavior [ RunTime:0.011297s ]
INFO: [ view_parse ] --END-- [ RunTime:0.011380s ]
INFO: [ view_filter ] --START--
INFO: Run Behavior\WriteHtmlCacheBehavior [ RunTime:0.000155s ]
INFO: [ view_filter ] --END-- [ RunTime:0.000222s ]
INFO: [ app_end ] --START--
INFO: Run Behavior\ShowPageTraceBehavior [ RunTime:0.000671s ]
INFO: [ app_end ] --END-- [ RunTime:0.000840s ]

[ 2017-05-31T12:35:02+08:00 ] ::1 /sys/admin.php/User/dologout.html
INFO: [ app_init ] --START--
INFO: Run Behavior\BuildLiteBehavior [ RunTime:0.000017s ]
INFO: [ app_init ] --END-- [ RunTime:0.000249s ]
INFO: [ app_begin ] --START--
INFO: Run Behavior\ReadHtmlCacheBehavior [ RunTime:0.000771s ]
INFO: [ app_begin ] --END-- [ RunTime:0.000911s ]
INFO: [ view_parse ] --START--
INFO: [ template_filter ] --START--
INFO: Run Behavior\ContentReplaceBehavior [ RunTime:0.000111s ]
INFO: [ template_filter ] --END-- [ RunTime:0.000249s ]
INFO: Run Behavior\ParseTemplateBehavior [ RunTime:0.005696s ]
INFO: [ view_parse ] --END-- [ RunTime:0.006918s ]
INFO: [ view_filter ] --START--
INFO: Run Behavior\WriteHtmlCacheBehavior [ RunTime:0.000213s ]
INFO: [ view_filter ] --END-- [ RunTime:0.000297s ]

[ 2017-05-31T12:35:03+08:00 ] ::1 /sys/admin.php/User/login.html
INFO: [ app_init ] --START--
INFO: Run Behavior\BuildLiteBehavior [ RunTime:0.000065s ]
INFO: [ app_init ] --END-- [ RunTime:0.000434s ]
INFO: [ app_begin ] --START--
INFO: Run Behavior\ReadHtmlCacheBehavior [ RunTime:0.000362s ]
INFO: [ app_begin ] --END-- [ RunTime:0.000453s ]
INFO: [ view_parse ] --START--
INFO: [ template_filter ] --START--
INFO: Run Behavior\ContentReplaceBehavior [ RunTime:0.000110s ]
INFO: [ template_filter ] --END-- [ RunTime:0.000446s ]
INFO: Run Behavior\ParseTemplateBehavior [ RunTime:0.005188s ]
INFO: [ view_parse ] --END-- [ RunTime:0.005263s ]
INFO: [ view_filter ] --START--
INFO: Run Behavior\WriteHtmlCacheBehavior [ RunTime:0.000130s ]
INFO: [ view_filter ] --END-- [ RunTime:0.000195s ]
INFO: [ app_end ] --START--
INFO: Run Behavior\ShowPageTraceBehavior [ RunTime:0.000545s ]
INFO: [ app_end ] --END-- [ RunTime:0.000695s ]

[ 2017-05-31T12:35:04+08:00 ] ::1 /sys/admin.php/User/css/master.css
INFO: [ app_init ] --START--
INFO: Run Behavior\BuildLiteBehavior [ RunTime:0.004116s ]
INFO: [ app_init ] --END-- [ RunTime:0.006979s ]
INFO: [ app_begin ] --START--
INFO: Run Behavior\ReadHtmlCacheBehavior [ RunTime:0.000562s ]
INFO: [ app_begin ] --END-- [ RunTime:0.000704s ]
ERR: 非法操作:css

[ 2017-05-31T12:35:56+08:00 ] ::1 /sys/admin.php/Class/ShowClass.html
INFO: [ app_init ] --START--
INFO: Run Behavior\BuildLiteBehavior [ RunTime:0.000032s ]
INFO: [ app_init ] --END-- [ RunTime:0.000426s ]
INFO: [ app_begin ] --START--
INFO: Run Behavior\ReadHtmlCacheBehavior [ RunTime:0.000733s ]
INFO: [ app_begin ] --END-- [ RunTime:0.000887s ]
INFO: [ view_parse ] --START--
INFO: [ template_filter ] --START--
INFO: Run Behavior\ContentReplaceBehavior [ RunTime:0.000068s ]
INFO: [ template_filter ] --END-- [ RunTime:0.000164s ]
INFO: Run Behavior\ParseTemplateBehavior [ RunTime:0.005384s ]
INFO: [ view_parse ] --END-- [ RunTime:0.005535s ]
INFO: [ view_filter ] --START--
INFO: Run Behavior\WriteHtmlCacheBehavior [ RunTime:0.000143s ]
INFO: [ view_filter ] --END-- [ RunTime:0.000233s ]

[ 2017-05-31T12:35:56+08:00 ] ::1 /sys/admin
INFO: [ app_init ] --START--
INFO: Run Behavior\BuildLiteBehavior [ RunTime:0.000021s ]
INFO: [ app_init ] --END-- [ RunTime:0.000362s ]
INFO: [ app_begin ] --START--
INFO: Run Behavior\ReadHtmlCacheBehavior [ RunTime:0.000309s ]
INFO: [ app_begin ] --END-- [ RunTime:0.000397s ]
INFO: [ view_parse ] --START--
INFO: [ template_filter ] --START--
INFO: Run Behavior\ContentReplaceBehavior [ RunTime:0.000053s ]
INFO: [ template_filter ] --END-- [ RunTime:0.000129s ]
INFO: Run Behavior\ParseTemplateBehavior [ RunTime:0.003647s ]
INFO: [ view_parse ] --END-- [ RunTime:0.003738s ]
INFO: [ view_filter ] --START--
INFO: Run Behavior\WriteHtmlCacheBehavior [ RunTime:0.000119s ]
INFO: [ view_filter ] --END-- [ RunTime:0.000189s ]

[ 2017-05-31T12:35:57+08:00 ] ::1 /sys/admin
INFO: [ app_init ] --START--
INFO: Run Behavior\BuildLiteBehavior [ RunTime:0.000020s ]
INFO: [ app_init ] --END-- [ RunTime:0.000374s ]
INFO: [ app_begin ] --START--
INFO: Run Behavior\ReadHtmlCacheBehavior [ RunTime:0.000298s ]
INFO: [ app_begin ] --END-- [ RunTime:0.000379s ]
INFO: [ view_parse ] --START--
INFO: [ template_filter ] --START--
INFO: Run Behavior\ContentReplaceBehavior [ RunTime:0.000051s ]
INFO: [ template_filter ] --END-- [ RunTime:0.000127s ]
INFO: Run Behavior\ParseTemplateBehavior [ RunTime:0.004086s ]
INFO: [ view_parse ] --END-- [ RunTime:0.004172s ]
INFO: [ view_filter ] --START--
INFO: Run Behavior\WriteHtmlCacheBehavior [ RunTime:0.000144s ]
INFO: [ view_filter ] --END-- [ RunTime:0.000215s ]

[ 2017-05-31T12:35:58+08:00 ] ::1 /sys/admin.php/User/login.html
INFO: [ app_init ] --START--
INFO: Run Behavior\BuildLiteBehavior [ RunTime:0.000048s ]
INFO: [ app_init ] --END-- [ RunTime:0.000732s ]
INFO: [ app_begin ] --START--
INFO: Run Behavior\ReadHtmlCacheBehavior [ RunTime:0.000332s ]
INFO: [ app_begin ] --END-- [ RunTime:0.000422s ]
INFO: [ view_parse ] --START--
INFO: [ template_filter ] --START--
INFO: Run Behavior\ContentReplaceBehavior [ RunTime:0.000056s ]
INFO: [ template_filter ] --END-- [ RunTime:0.000139s ]
INFO: Run Behavior\ParseTemplateBehavior [ RunTime:0.004287s ]
INFO: [ view_parse ] --END-- [ RunTime:0.004370s ]
INFO: [ view_filter ] --START--
INFO: Run Behavior\WriteHtmlCacheBehavior [ RunTime:0.000125s ]
INFO: [ view_filter ] --END-- [ RunTime:0.000195s ]
INFO: [ app_end ] --START--
INFO: Run Behavior\ShowPageTraceBehavior [ RunTime:0.000319s ]
INFO: [ app_end ] --END-- [ RunTime:0.000395s ]

[ 2017-05-31T12:35:58+08:00 ] ::1 /sys/admin.php/User/css/master.css
INFO: [ app_init ] --START--
INFO: Run Behavior\BuildLiteBehavior [ RunTime:0.000024s ]
INFO: [ app_init ] --END-- [ RunTime:0.000330s ]
INFO: [ app_begin ] --START--
INFO: Run Behavior\ReadHtmlCacheBehavior [ RunTime:0.001920s ]
INFO: [ app_begin ] --END-- [ RunTime:0.002066s ]
ERR: 非法操作:css

[ 2017-05-31T12:36:02+08:00 ] ::1 /sys/admin.php/User/doLogin.html
INFO: [ app_init ] --START--
INFO: Run Behavior\BuildLiteBehavior [ RunTime:0.000033s ]
INFO: [ app_init ] --END-- [ RunTime:0.000486s ]
INFO: [ app_begin ] --START--
INFO: Run Behavior\ReadHtmlCacheBehavior [ RunTime:0.000449s ]
INFO: [ app_begin ] --END-- [ RunTime:0.000597s ]
SQL: SHOW COLUMNS FROM `acm_admin` [ RunTime:0.0017s ]
SQL: SELECT * FROM `acm_admin` WHERE `username` = 'admin1'  [ RunTime:0.0015s ]
SQL: UPDATE `acm_admin` SET `lastLoginTime`='2017-05-31 12:36:02' WHERE `username` = 'admin1' [ RunTime:0.0017s ]
INFO: [ view_parse ] --START--
INFO: [ template_filter ] --START--
INFO: Run Behavior\ContentReplaceBehavior [ RunTime:0.000085s ]
INFO: [ template_filter ] --END-- [ RunTime:0.000177s ]
INFO: Run Behavior\ParseTemplateBehavior [ RunTime:0.010652s ]
INFO: [ view_parse ] --END-- [ RunTime:0.010782s ]
INFO: [ view_filter ] --START--
INFO: Run Behavior\WriteHtmlCacheBehavior [ RunTime:0.000181s ]
INFO: [ view_filter ] --END-- [ RunTime:0.000277s ]
INFO: [ app_end ] --START--
INFO: Run Behavior\ShowPageTraceBehavior [ RunTime:0.000483s ]
INFO: [ app_end ] --END-- [ RunTime:0.000602s ]

[ 2017-05-31T12:36:04+08:00 ] ::1 /sys/admin.php/Index/index.html
INFO: [ app_init ] --START--
INFO: Run Behavior\BuildLiteBehavior [ RunTime:0.000019s ]
INFO: [ app_init ] --END-- [ RunTime:0.000269s ]
INFO: [ app_begin ] --START--
INFO: Run Behavior\ReadHtmlCacheBehavior [ RunTime:0.000341s ]
INFO: [ app_begin ] --END-- [ RunTime:0.000439s ]
SQL: SHOW COLUMNS FROM `acm_user` [ RunTime:0.0008s ]
SQL: SELECT COUNT(*) AS tp_count FROM `acm_user` LIMIT 1   [ RunTime:0.0002s ]
SQL: SHOW COLUMNS FROM `acm_clazz` [ RunTime:0.0004s ]
SQL: SELECT COUNT(*) AS tp_count FROM `acm_user` LIMIT 1   [ RunTime:0.0002s ]
SQL: SHOW COLUMNS FROM `acm_admin` [ RunTime:0.0013s ]
SQL: SELECT COUNT(*) AS tp_count FROM `acm_admin` LIMIT 1   [ RunTime:0.0003s ]
SQL: SHOW COLUMNS FROM `acm_todaylogin` [ RunTime:0.0004s ]
SQL: SELECT COUNT(*) AS tp_count FROM `acm_todaylogin` LIMIT 1   [ RunTime:0.0010s ]
SQL: SHOW COLUMNS FROM `acm_inform` [ RunTime:0.0007s ]
SQL: SELECT * FROM `acm_inform`  [ RunTime:0.0005s ]
INFO: [ view_parse ] --START--
INFO: [ template_filter ] --START--
INFO: Run Behavior\ContentReplaceBehavior [ RunTime:0.000060s ]
INFO: [ template_filter ] --END-- [ RunTime:0.000141s ]
SQL: SELECT COUNT(*) AS tp_count FROM `acm_user` WHERE `is_passed` = 0 LIMIT 1   [ RunTime:0.0003s ]
INFO: Run Behavior\ParseTemplateBehavior [ RunTime:0.024599s ]
INFO: [ view_parse ] --END-- [ RunTime:0.024784s ]
INFO: [ view_filter ] --START--
INFO: Run Behavior\WriteHtmlCacheBehavior [ RunTime:0.000159s ]
INFO: [ view_filter ] --END-- [ RunTime:0.000233s ]
INFO: [ app_end ] --START--
INFO: Run Behavior\ShowPageTraceBehavior [ RunTime:0.000827s ]
INFO: [ app_end ] --END-- [ RunTime:0.001031s ]

[ 2017-05-31T12:36:06+08:00 ] ::1 /sys/admin.php/Check/CheckStuSelect.html
INFO: [ app_init ] --START--
INFO: Run Behavior\BuildLiteBehavior [ RunTime:0.000031s ]
INFO: [ app_init ] --END-- [ RunTime:0.000440s ]
INFO: [ app_begin ] --START--
INFO: Run Behavior\ReadHtmlCacheBehavior [ RunTime:0.000685s ]
INFO: [ app_begin ] --END-- [ RunTime:0.001238s ]
SQL: SHOW COLUMNS FROM `acm_check_clazz` [ RunTime:0.0006s ]
SQL: SELECT * FROM `acm_check_clazz`  [ RunTime:0.0004s ]
SQL: SHOW COLUMNS FROM `acm_check_clazz` [ RunTime:0.0006s ]
SQL: SELECT a.id as id,user.id as userid,user.nickname as nickname,clazz.id as clazzid,clazz.clazzname as clazzname,a.checktime as checktime FROM acm_check_clazz a,acm_user user,acm_clazz clazz WHERE ( a.id_clazz = clazz.id and a.id_stu = user.id )  [ RunTime:0.0017s ]
INFO: [ view_parse ] --START--
INFO: [ template_filter ] --START--
INFO: Run Behavior\ContentReplaceBehavior [ RunTime:0.000105s ]
INFO: [ template_filter ] --END-- [ RunTime:0.000245s ]
SQL: SHOW COLUMNS FROM `acm_user` [ RunTime:0.0009s ]
SQL: SELECT COUNT(*) AS tp_count FROM `acm_user` WHERE `is_passed` = 0 LIMIT 1   [ RunTime:0.0003s ]
INFO: Run Behavior\ParseTemplateBehavior [ RunTime:0.026030s ]
INFO: [ view_parse ] --END-- [ RunTime:0.026150s ]
INFO: [ view_filter ] --START--
INFO: Run Behavior\WriteHtmlCacheBehavior [ RunTime:0.000176s ]
INFO: [ view_filter ] --END-- [ RunTime:0.000255s ]
INFO: [ app_end ] --START--
INFO: Run Behavior\ShowPageTraceBehavior [ RunTime:0.000706s ]
INFO: [ app_end ] --END-- [ RunTime:0.000904s ]

[ 2017-05-31T12:42:38+08:00 ] ::1 /sys/admin.php/Excel/index.html
INFO: [ app_init ] --START--
INFO: Run Behavior\BuildLiteBehavior [ RunTime:0.000026s ]
INFO: [ app_init ] --END-- [ RunTime:0.000661s ]
INFO: [ app_begin ] --START--
INFO: Run Behavior\ReadHtmlCacheBehavior [ RunTime:0.000656s ]
INFO: [ app_begin ] --END-- [ RunTime:0.000794s ]
SQL: SHOW COLUMNS FROM `acm_clazz` [ RunTime:0.0007s ]
SQL: SELECT `id`,`clazzname`,`level` FROM `acm_clazz`  [ RunTime:0.0003s ]
INFO: [ view_parse ] --START--
INFO: [ template_filter ] --START--
INFO: Run Behavior\ContentReplaceBehavior [ RunTime:0.000074s ]
INFO: [ template_filter ] --END-- [ RunTime:0.000168s ]
SQL: SHOW COLUMNS FROM `acm_user` [ RunTime:0.0016s ]
SQL: SELECT COUNT(*) AS tp_count FROM `acm_user` WHERE `is_passed` = 0 LIMIT 1   [ RunTime:0.0003s ]
INFO: Run Behavior\ParseTemplateBehavior [ RunTime:0.018371s ]
INFO: [ view_parse ] --END-- [ RunTime:0.018483s ]
INFO: [ view_filter ] --START--
INFO: Run Behavior\WriteHtmlCacheBehavior [ RunTime:0.000448s ]
INFO: [ view_filter ] --END-- [ RunTime:0.000552s ]
INFO: [ app_end ] --START--
INFO: Run Behavior\ShowPageTraceBehavior [ RunTime:0.002003s ]
INFO: [ app_end ] --END-- [ RunTime:0.002169s ]

[ 2017-05-31T12:42:41+08:00 ] ::1 /sys/admin.php/User/login.html
INFO: [ app_init ] --START--
INFO: Run Behavior\BuildLiteBehavior [ RunTime:0.000020s ]
INFO: [ app_init ] --END-- [ RunTime:0.000303s ]
INFO: [ app_begin ] --START--
INFO: Run Behavior\ReadHtmlCacheBehavior [ RunTime:0.000399s ]
INFO: [ app_begin ] --END-- [ RunTime:0.000532s ]
INFO: [ view_parse ] --START--
INFO: [ template_filter ] --START--
INFO: Run Behavior\ContentReplaceBehavior [ RunTime:0.000067s ]
INFO: [ template_filter ] --END-- [ RunTime:0.000209s ]
INFO: Run Behavior\ParseTemplateBehavior [ RunTime:0.005529s ]
INFO: [ view_parse ] --END-- [ RunTime:0.005621s ]
INFO: [ view_filter ] --START--
INFO: Run Behavior\WriteHtmlCacheBehavior [ RunTime:0.000271s ]
INFO: [ view_filter ] --END-- [ RunTime:0.000351s ]
INFO: [ app_end ] --START--
INFO: Run Behavior\ShowPageTraceBehavior [ RunTime:0.000504s ]
INFO: [ app_end ] --END-- [ RunTime:0.000584s ]

[ 2017-05-31T12:42:41+08:00 ] ::1 /sys/admin.php/User/css/master.css
INFO: [ app_init ] --START--
INFO: Run Behavior\BuildLiteBehavior [ RunTime:0.000041s ]
INFO: [ app_init ] --END-- [ RunTime:0.000448s ]
INFO: [ app_begin ] --START--
INFO: Run Behavior\ReadHtmlCacheBehavior [ RunTime:0.000410s ]
INFO: [ app_begin ] --END-- [ RunTime:0.000583s ]
ERR: 非法操作:css

