[ 2017-05-25T19:44:25+08:00 ] ::1 /sys/admin.php/StuInfo/index.html
INFO: [ app_init ] --START--
INFO: Run Behavior\BuildLiteBehavior [ RunTime:0.000020s ]
INFO: [ app_init ] --END-- [ RunTime:0.000293s ]
INFO: [ app_begin ] --START--
INFO: Run Behavior\ReadHtmlCacheBehavior [ RunTime:0.000343s ]
INFO: [ app_begin ] --END-- [ RunTime:0.000437s ]
INFO: [ view_parse ] --START--
INFO: [ template_filter ] --START--
INFO: Run Behavior\ContentReplaceBehavior [ RunTime:0.000091s ]
INFO: [ template_filter ] --END-- [ RunTime:0.000205s ]
INFO: Run Behavior\ParseTemplateBehavior [ RunTime:0.013250s ]
INFO: [ view_parse ] --END-- [ RunTime:0.013787s ]
INFO: [ view_filter ] --START--
INFO: Run Behavior\WriteHtmlCacheBehavior [ RunTime:0.000395s ]
INFO: [ view_filter ] --END-- [ RunTime:0.001305s ]

[ 2017-05-25T19:44:29+08:00 ] ::1 /sys/admin
INFO: [ app_init ] --START--
INFO: Run Behavior\BuildLiteBehavior [ RunTime:0.000018s ]
INFO: [ app_init ] --END-- [ RunTime:0.000251s ]
INFO: [ app_begin ] --START--
INFO: Run Behavior\ReadHtmlCacheBehavior [ RunTime:0.000267s ]
INFO: [ app_begin ] --END-- [ RunTime:0.000343s ]
INFO: [ view_parse ] --START--
INFO: [ template_filter ] --START--
INFO: Run Behavior\ContentReplaceBehavior [ RunTime:0.000061s ]
INFO: [ template_filter ] --END-- [ RunTime:0.000151s ]
INFO: Run Behavior\ParseTemplateBehavior [ RunTime:0.009213s ]
INFO: [ view_parse ] --END-- [ RunTime:0.009358s ]
INFO: [ view_filter ] --START--
INFO: Run Behavior\WriteHtmlCacheBehavior [ RunTime:0.000229s ]
INFO: [ view_filter ] --END-- [ RunTime:0.000357s ]

[ 2017-05-25T19:44:29+08:00 ] ::1 /sys/admin
INFO: [ app_init ] --START--
INFO: Run Behavior\BuildLiteBehavior [ RunTime:0.000019s ]
INFO: [ app_init ] --END-- [ RunTime:0.000263s ]
INFO: [ app_begin ] --START--
INFO: Run Behavior\ReadHtmlCacheBehavior [ RunTime:0.000624s ]
INFO: [ app_begin ] --END-- [ RunTime:0.000848s ]
INFO: [ view_parse ] --START--
INFO: [ template_filter ] --START--
INFO: Run Behavior\ContentReplaceBehavior [ RunTime:0.000067s ]
INFO: [ template_filter ] --END-- [ RunTime:0.000174s ]
INFO: Run Behavior\ParseTemplateBehavior [ RunTime:0.003784s ]
INFO: [ view_parse ] --END-- [ RunTime:0.003873s ]
INFO: [ view_filter ] --START--
INFO: Run Behavior\WriteHtmlCacheBehavior [ RunTime:0.000128s ]
INFO: [ view_filter ] --END-- [ RunTime:0.000206s ]

[ 2017-05-25T19:44:30+08:00 ] ::1 /sys/admin.php/User/login.html
INFO: [ app_init ] --START--
INFO: Run Behavior\BuildLiteBehavior [ RunTime:0.000054s ]
INFO: [ app_init ] --END-- [ RunTime:0.000423s ]
INFO: [ app_begin ] --START--
INFO: Run Behavior\ReadHtmlCacheBehavior [ RunTime:0.000313s ]
INFO: [ app_begin ] --END-- [ RunTime:0.000394s ]
INFO: [ view_parse ] --START--
INFO: [ template_filter ] --START--
INFO: Run Behavior\ContentReplaceBehavior [ RunTime:0.000061s ]
INFO: [ template_filter ] --END-- [ RunTime:0.000153s ]
INFO: Run Behavior\ParseTemplateBehavior [ RunTime:0.008956s ]
INFO: [ view_parse ] --END-- [ RunTime:0.009050s ]
INFO: [ view_filter ] --START--
INFO: Run Behavior\WriteHtmlCacheBehavior [ RunTime:0.000127s ]
INFO: [ view_filter ] --END-- [ RunTime:0.000200s ]
INFO: [ app_end ] --START--
INFO: Run Behavior\ShowPageTraceBehavior [ RunTime:0.000317s ]
INFO: [ app_end ] --END-- [ RunTime:0.000393s ]

[ 2017-05-25T19:44:30+08:00 ] ::1 /sys/admin.php/User/css/master.css
INFO: [ app_init ] --START--
INFO: Run Behavior\BuildLiteBehavior [ RunTime:0.000058s ]
INFO: [ app_init ] --END-- [ RunTime:0.000458s ]
INFO: [ app_begin ] --START--
INFO: Run Behavior\ReadHtmlCacheBehavior [ RunTime:0.000534s ]
INFO: [ app_begin ] --END-- [ RunTime:0.000674s ]
ERR: 非法操作:css

[ 2017-05-25T19:44:34+08:00 ] ::1 /sys/admin.php/User/doLogin.html
INFO: [ app_init ] --START--
INFO: Run Behavior\BuildLiteBehavior [ RunTime:0.000018s ]
INFO: [ app_init ] --END-- [ RunTime:0.000255s ]
INFO: [ app_begin ] --START--
INFO: Run Behavior\ReadHtmlCacheBehavior [ RunTime:0.000264s ]
INFO: [ app_begin ] --END-- [ RunTime:0.000337s ]
SQL: SHOW COLUMNS FROM `acm_admin` [ RunTime:0.0257s ]
SQL: SELECT * FROM `acm_admin` WHERE `username` = 'admin1'  [ RunTime:0.0037s ]
SQL: UPDATE `acm_admin` SET `lastLoginTime`='2017-05-25 19:44:34' WHERE `username` = 'admin1' [ RunTime:0.0138s ]
INFO: [ view_parse ] --START--
INFO: [ template_filter ] --START--
INFO: Run Behavior\ContentReplaceBehavior [ RunTime:0.000065s ]
INFO: [ template_filter ] --END-- [ RunTime:0.000170s ]
INFO: Run Behavior\ParseTemplateBehavior [ RunTime:0.011229s ]
INFO: [ view_parse ] --END-- [ RunTime:0.011350s ]
INFO: [ view_filter ] --START--
INFO: Run Behavior\WriteHtmlCacheBehavior [ RunTime:0.000182s ]
INFO: [ view_filter ] --END-- [ RunTime:0.000263s ]
INFO: [ app_end ] --START--
INFO: Run Behavior\ShowPageTraceBehavior [ RunTime:0.000381s ]
INFO: [ app_end ] --END-- [ RunTime:0.000464s ]

[ 2017-05-25T19:45:53+08:00 ] ::1 /sys/admin.php/Check/CheckStuSign.html
INFO: [ app_init ] --START--
INFO: Run Behavior\BuildLiteBehavior [ RunTime:0.000017s ]
INFO: [ app_init ] --END-- [ RunTime:0.000253s ]
INFO: [ app_begin ] --START--
INFO: Run Behavior\ReadHtmlCacheBehavior [ RunTime:0.000275s ]
INFO: [ app_begin ] --END-- [ RunTime:0.000348s ]
INFO: [ view_parse ] --START--
INFO: [ template_filter ] --START--
INFO: Run Behavior\ContentReplaceBehavior [ RunTime:0.000048s ]
INFO: [ template_filter ] --END-- [ RunTime:0.000119s ]
INFO: Run Behavior\ParseTemplateBehavior [ RunTime:0.008999s ]
INFO: [ view_parse ] --END-- [ RunTime:0.009099s ]
INFO: [ view_filter ] --START--
INFO: Run Behavior\WriteHtmlCacheBehavior [ RunTime:0.000161s ]
INFO: [ view_filter ] --END-- [ RunTime:0.000245s ]

[ 2017-05-25T19:45:54+08:00 ] ::1 /sys/admin.php/User/login.html
INFO: [ app_init ] --START--
INFO: Run Behavior\BuildLiteBehavior [ RunTime:0.000017s ]
INFO: [ app_init ] --END-- [ RunTime:0.000253s ]
INFO: [ app_begin ] --START--
INFO: Run Behavior\ReadHtmlCacheBehavior [ RunTime:0.000270s ]
INFO: [ app_begin ] --END-- [ RunTime:0.000343s ]
INFO: [ view_parse ] --START--
INFO: [ template_filter ] --START--
INFO: Run Behavior\ContentReplaceBehavior [ RunTime:0.000055s ]
INFO: [ template_filter ] --END-- [ RunTime:0.000139s ]
INFO: Run Behavior\ParseTemplateBehavior [ RunTime:0.012394s ]
INFO: [ view_parse ] --END-- [ RunTime:0.012634s ]
INFO: [ view_filter ] --START--
INFO: Run Behavior\WriteHtmlCacheBehavior [ RunTime:0.000233s ]
INFO: [ view_filter ] --END-- [ RunTime:0.000359s ]
INFO: [ app_end ] --START--
INFO: Run Behavior\ShowPageTraceBehavior [ RunTime:0.000521s ]
INFO: [ app_end ] --END-- [ RunTime:0.000649s ]

[ 2017-05-25T19:45:54+08:00 ] ::1 /sys/admin.php/User/css/master.css
INFO: [ app_init ] --START--
INFO: Run Behavior\BuildLiteBehavior [ RunTime:0.000033s ]
INFO: [ app_init ] --END-- [ RunTime:0.000468s ]
INFO: [ app_begin ] --START--
INFO: Run Behavior\ReadHtmlCacheBehavior [ RunTime:0.000817s ]
INFO: [ app_begin ] --END-- [ RunTime:0.000939s ]
ERR: 非法操作:css

[ 2017-05-25T19:45:58+08:00 ] ::1 /sys/admin.php/User/doLogin.html
INFO: [ app_init ] --START--
INFO: Run Behavior\BuildLiteBehavior [ RunTime:0.000019s ]
INFO: [ app_init ] --END-- [ RunTime:0.000369s ]
INFO: [ app_begin ] --START--
INFO: Run Behavior\ReadHtmlCacheBehavior [ RunTime:0.000286s ]
INFO: [ app_begin ] --END-- [ RunTime:0.000373s ]
SQL: SHOW COLUMNS FROM `acm_admin` [ RunTime:0.0005s ]
SQL: SELECT * FROM `acm_admin` WHERE `username` = 'admin1'  [ RunTime:0.0003s ]
SQL: UPDATE `acm_admin` SET `lastLoginTime`='2017-05-25 19:45:58' WHERE `username` = 'admin1' [ RunTime:0.0008s ]
INFO: [ view_parse ] --START--
INFO: [ template_filter ] --START--
INFO: Run Behavior\ContentReplaceBehavior [ RunTime:0.000148s ]
INFO: [ template_filter ] --END-- [ RunTime:0.000223s ]
INFO: Run Behavior\ParseTemplateBehavior [ RunTime:0.009578s ]
INFO: [ view_parse ] --END-- [ RunTime:0.009717s ]
INFO: [ view_filter ] --START--
INFO: Run Behavior\WriteHtmlCacheBehavior [ RunTime:0.000209s ]
INFO: [ view_filter ] --END-- [ RunTime:0.000327s ]
INFO: [ app_end ] --START--
INFO: Run Behavior\ShowPageTraceBehavior [ RunTime:0.000718s ]
INFO: [ app_end ] --END-- [ RunTime:0.000854s ]

[ 2017-05-25T19:49:36+08:00 ] ::1 /sys/admin.php/Index/index.html
INFO: [ app_init ] --START--
INFO: Run Behavior\BuildLiteBehavior [ RunTime:0.000034s ]
INFO: [ app_init ] --END-- [ RunTime:0.000397s ]
INFO: [ app_begin ] --START--
INFO: Run Behavior\ReadHtmlCacheBehavior [ RunTime:0.000589s ]
INFO: [ app_begin ] --END-- [ RunTime:0.000710s ]
SQL: SHOW COLUMNS FROM `acm_user` [ RunTime:0.0006s ]
SQL: SELECT COUNT(*) AS tp_count FROM `acm_user` LIMIT 1   [ RunTime:0.0002s ]
SQL: SHOW COLUMNS FROM `acm_clazz` [ RunTime:0.0004s ]
SQL: SELECT COUNT(*) AS tp_count FROM `acm_user` LIMIT 1   [ RunTime:0.0002s ]
SQL: SHOW COLUMNS FROM `acm_admin` [ RunTime:0.0005s ]
SQL: SELECT COUNT(*) AS tp_count FROM `acm_admin` LIMIT 1   [ RunTime:0.0002s ]
SQL: SHOW COLUMNS FROM `acm_todaylogin` [ RunTime:0.0005s ]
SQL: SELECT COUNT(*) AS tp_count FROM `acm_todaylogin` LIMIT 1   [ RunTime:0.0002s ]
SQL: SHOW COLUMNS FROM `acm_inform` [ RunTime:0.0012s ]
SQL: SELECT * FROM `acm_inform`  [ RunTime:0.0005s ]
INFO: [ view_parse ] --START--
INFO: [ template_filter ] --START--
INFO: Run Behavior\ContentReplaceBehavior [ RunTime:0.000104s ]
INFO: [ template_filter ] --END-- [ RunTime:0.000202s ]
SQL: SELECT COUNT(*) AS tp_count FROM `acm_user` WHERE `is_passed` = 0 LIMIT 1   [ RunTime:0.0003s ]
INFO: [ view_parse ] --START--
INFO: [ template_filter ] --START--
INFO: Run Behavior\ContentReplaceBehavior [ RunTime:0.000048s ]
INFO: [ template_filter ] --END-- [ RunTime:-0.003096s ]
INFO: Run Behavior\ParseTemplateBehavior [ RunTime:0.001290s ]
INFO: [ view_parse ] --END-- [ RunTime:0.001394s ]
INFO: [ view_filter ] --START--
INFO: Run Behavior\WriteHtmlCacheBehavior [ RunTime:0.000161s ]
INFO: [ view_filter ] --END-- [ RunTime:0.000244s ]
INFO: Run Behavior\ParseTemplateBehavior [ RunTime:0.002708s ]
INFO: [ view_parse ] --END-- [ RunTime:0.001394s ]
INFO: [ view_filter ] --START--
INFO: Run Behavior\WriteHtmlCacheBehavior [ RunTime:0.000017s ]
INFO: [ view_filter ] --END-- [ RunTime:-0.001055s ]
INFO: [ app_end ] --START--
INFO: Run Behavior\ShowPageTraceBehavior [ RunTime:0.000802s ]
INFO: [ app_end ] --END-- [ RunTime:0.000970s ]

[ 2017-05-25T19:50:00+08:00 ] ::1 /sys/admin.php/Index/index.html
INFO: [ app_init ] --START--
INFO: Run Behavior\BuildLiteBehavior [ RunTime:0.000016s ]
INFO: [ app_init ] --END-- [ RunTime:0.000245s ]
INFO: [ app_begin ] --START--
INFO: Run Behavior\ReadHtmlCacheBehavior [ RunTime:0.000285s ]
INFO: [ app_begin ] --END-- [ RunTime:0.000364s ]
SQL: SHOW COLUMNS FROM `acm_user` [ RunTime:0.0005s ]
SQL: SELECT COUNT(*) AS tp_count FROM `acm_user` LIMIT 1   [ RunTime:0.0002s ]
SQL: SHOW COLUMNS FROM `acm_clazz` [ RunTime:0.0004s ]
SQL: SELECT COUNT(*) AS tp_count FROM `acm_user` LIMIT 1   [ RunTime:0.0002s ]
SQL: SHOW COLUMNS FROM `acm_admin` [ RunTime:0.0005s ]
SQL: SELECT COUNT(*) AS tp_count FROM `acm_admin` LIMIT 1   [ RunTime:0.0002s ]
SQL: SHOW COLUMNS FROM `acm_todaylogin` [ RunTime:0.0003s ]
SQL: SELECT COUNT(*) AS tp_count FROM `acm_todaylogin` LIMIT 1   [ RunTime:0.0002s ]
SQL: SHOW COLUMNS FROM `acm_inform` [ RunTime:0.0004s ]
SQL: SELECT * FROM `acm_inform`  [ RunTime:0.0002s ]
INFO: [ view_parse ] --START--
INFO: [ template_filter ] --START--
INFO: Run Behavior\ContentReplaceBehavior [ RunTime:0.000061s ]
INFO: [ template_filter ] --END-- [ RunTime:0.000141s ]
SQL: SELECT COUNT(*) AS tp_count FROM `acm_user` WHERE `is_passed` = 0 LIMIT 1   [ RunTime:0.0003s ]
INFO: [ view_parse ] --START--
INFO: Run Behavior\ParseTemplateBehavior [ RunTime:0.000177s ]
INFO: [ view_parse ] --END-- [ RunTime:0.000256s ]
INFO: [ view_filter ] --START--
INFO: Run Behavior\WriteHtmlCacheBehavior [ RunTime:0.000120s ]
INFO: [ view_filter ] --END-- [ RunTime:0.000187s ]
INFO: Run Behavior\ParseTemplateBehavior [ RunTime:0.001343s ]
INFO: [ view_parse ] --END-- [ RunTime:0.000256s ]
INFO: [ view_filter ] --START--
INFO: Run Behavior\WriteHtmlCacheBehavior [ RunTime:0.000016s ]
INFO: [ view_filter ] --END-- [ RunTime:-0.000970s ]
INFO: [ app_end ] --START--
INFO: Run Behavior\ShowPageTraceBehavior [ RunTime:0.000604s ]
INFO: [ app_end ] --END-- [ RunTime:0.000793s ]

[ 2017-05-25T19:50:06+08:00 ] ::1 /sys/admin.php/Index/index.html
INFO: [ app_init ] --START--
INFO: Run Behavior\BuildLiteBehavior [ RunTime:0.000018s ]
INFO: [ app_init ] --END-- [ RunTime:0.000251s ]
INFO: [ app_begin ] --START--
INFO: Run Behavior\ReadHtmlCacheBehavior [ RunTime:0.000266s ]
INFO: [ app_begin ] --END-- [ RunTime:0.000338s ]
SQL: SHOW COLUMNS FROM `acm_user` [ RunTime:0.0007s ]
SQL: SELECT COUNT(*) AS tp_count FROM `acm_user` LIMIT 1   [ RunTime:0.0002s ]
SQL: SHOW COLUMNS FROM `acm_clazz` [ RunTime:0.0004s ]
SQL: SELECT COUNT(*) AS tp_count FROM `acm_user` LIMIT 1   [ RunTime:0.0002s ]
SQL: SHOW COLUMNS FROM `acm_admin` [ RunTime:0.0005s ]
SQL: SELECT COUNT(*) AS tp_count FROM `acm_admin` LIMIT 1   [ RunTime:0.0002s ]
SQL: SHOW COLUMNS FROM `acm_todaylogin` [ RunTime:0.0004s ]
SQL: SELECT COUNT(*) AS tp_count FROM `acm_todaylogin` LIMIT 1   [ RunTime:0.0003s ]
SQL: SHOW COLUMNS FROM `acm_inform` [ RunTime:0.0006s ]
SQL: SELECT * FROM `acm_inform`  [ RunTime:0.0002s ]
INFO: [ view_parse ] --START--
INFO: [ template_filter ] --START--
INFO: Run Behavior\ContentReplaceBehavior [ RunTime:0.000059s ]
INFO: [ template_filter ] --END-- [ RunTime:0.000137s ]
SQL: SELECT COUNT(*) AS tp_count FROM `acm_user` WHERE `is_passed` = 0 LIMIT 1   [ RunTime:0.0003s ]
INFO: [ view_parse ] --START--
INFO: Run Behavior\ParseTemplateBehavior [ RunTime:0.000231s ]
INFO: [ view_parse ] --END-- [ RunTime:0.000317s ]
INFO: [ view_filter ] --START--
INFO: Run Behavior\WriteHtmlCacheBehavior [ RunTime:0.000183s ]
INFO: [ view_filter ] --END-- [ RunTime:0.000254s ]
INFO: Run Behavior\ParseTemplateBehavior [ RunTime:0.001676s ]
INFO: [ view_parse ] --END-- [ RunTime:0.000317s ]
INFO: [ view_filter ] --START--
INFO: Run Behavior\WriteHtmlCacheBehavior [ RunTime:0.000019s ]
INFO: [ view_filter ] --END-- [ RunTime:-0.001176s ]
INFO: [ app_end ] --START--
INFO: Run Behavior\ShowPageTraceBehavior [ RunTime:0.000939s ]
INFO: [ app_end ] --END-- [ RunTime:0.001156s ]

[ 2017-05-25T19:50:10+08:00 ] ::1 /sys/admin.php/Index/index.html
INFO: [ app_init ] --START--
INFO: Run Behavior\BuildLiteBehavior [ RunTime:0.000019s ]
INFO: [ app_init ] --END-- [ RunTime:0.000275s ]
INFO: [ app_begin ] --START--
INFO: Run Behavior\ReadHtmlCacheBehavior [ RunTime:0.000279s ]
INFO: [ app_begin ] --END-- [ RunTime:0.000355s ]
SQL: SHOW COLUMNS FROM `acm_user` [ RunTime:0.0005s ]
SQL: SELECT COUNT(*) AS tp_count FROM `acm_user` LIMIT 1   [ RunTime:0.0002s ]
SQL: SHOW COLUMNS FROM `acm_clazz` [ RunTime:0.0005s ]
SQL: SELECT COUNT(*) AS tp_count FROM `acm_user` LIMIT 1   [ RunTime:0.0002s ]
SQL: SHOW COLUMNS FROM `acm_admin` [ RunTime:0.0004s ]
SQL: SELECT COUNT(*) AS tp_count FROM `acm_admin` LIMIT 1   [ RunTime:0.0002s ]
SQL: SHOW COLUMNS FROM `acm_todaylogin` [ RunTime:0.0004s ]
SQL: SELECT COUNT(*) AS tp_count FROM `acm_todaylogin` LIMIT 1   [ RunTime:0.0002s ]
SQL: SHOW COLUMNS FROM `acm_inform` [ RunTime:0.0004s ]
SQL: SELECT * FROM `acm_inform`  [ RunTime:0.0002s ]
INFO: [ view_parse ] --START--
INFO: [ template_filter ] --START--
INFO: Run Behavior\ContentReplaceBehavior [ RunTime:0.000068s ]
INFO: [ template_filter ] --END-- [ RunTime:0.000158s ]
SQL: SELECT COUNT(*) AS tp_count FROM `acm_user` WHERE `is_passed` = 0 LIMIT 1   [ RunTime:0.0003s ]
INFO: [ view_parse ] --START--
INFO: Run Behavior\ParseTemplateBehavior [ RunTime:0.000185s ]
INFO: [ view_parse ] --END-- [ RunTime:0.000272s ]
INFO: [ view_filter ] --START--
INFO: Run Behavior\WriteHtmlCacheBehavior [ RunTime:0.000130s ]
INFO: [ view_filter ] --END-- [ RunTime:0.000204s ]
INFO: Run Behavior\ParseTemplateBehavior [ RunTime:0.001460s ]
INFO: [ view_parse ] --END-- [ RunTime:0.000272s ]
INFO: [ view_filter ] --START--
INFO: Run Behavior\WriteHtmlCacheBehavior [ RunTime:0.000017s ]
INFO: [ view_filter ] --END-- [ RunTime:-0.001056s ]
INFO: [ app_end ] --START--
INFO: Run Behavior\ShowPageTraceBehavior [ RunTime:0.000787s ]
INFO: [ app_end ] --END-- [ RunTime:0.000955s ]

[ 2017-05-25T19:50:12+08:00 ] ::1 /sys/admin.php/Check/CheckStuSign.html
INFO: [ app_init ] --START--
INFO: Run Behavior\BuildLiteBehavior [ RunTime:0.000019s ]
INFO: [ app_init ] --END-- [ RunTime:0.000253s ]
INFO: [ app_begin ] --START--
INFO: Run Behavior\ReadHtmlCacheBehavior [ RunTime:0.000270s ]
INFO: [ app_begin ] --END-- [ RunTime:0.000342s ]
SQL: SHOW COLUMNS FROM `acm_user` [ RunTime:0.0005s ]
SQL: SELECT COUNT(*) AS tp_count FROM `acm_user` WHERE ( is_passed=0 ) LIMIT 1   [ RunTime:0.0002s ]
SQL: SELECT `id`,`nickname`,`institude`,`grade` FROM `acm_user` WHERE `is_passed` = 0 LIMIT 0,8   [ RunTime:0.0002s ]
INFO: [ view_parse ] --START--
INFO: [ template_filter ] --START--
INFO: Run Behavior\ContentReplaceBehavior [ RunTime:0.000065s ]
INFO: [ template_filter ] --END-- [ RunTime:0.000150s ]
SQL: SELECT COUNT(*) AS tp_count FROM `acm_user` WHERE `is_passed` = 0 LIMIT 1   [ RunTime:0.0003s ]
INFO: [ view_parse ] --START--
INFO: Run Behavior\ParseTemplateBehavior [ RunTime:0.000168s ]
INFO: [ view_parse ] --END-- [ RunTime:0.000241s ]
INFO: [ view_filter ] --START--
INFO: Run Behavior\WriteHtmlCacheBehavior [ RunTime:0.000116s ]
INFO: [ view_filter ] --END-- [ RunTime:0.000180s ]
INFO: Run Behavior\ParseTemplateBehavior [ RunTime:0.002065s ]
INFO: [ view_parse ] --END-- [ RunTime:0.000241s ]
INFO: [ view_filter ] --START--
INFO: Run Behavior\WriteHtmlCacheBehavior [ RunTime:0.000021s ]
INFO: [ view_filter ] --END-- [ RunTime:-0.001730s ]
INFO: [ app_end ] --START--
INFO: Run Behavior\ShowPageTraceBehavior [ RunTime:0.000626s ]
INFO: [ app_end ] --END-- [ RunTime:0.000763s ]

[ 2017-05-25T19:51:33+08:00 ] ::1 /sys/admin.php/Check/CheckStuSign.html
INFO: [ app_init ] --START--
INFO: Run Behavior\BuildLiteBehavior [ RunTime:0.000019s ]
INFO: [ app_init ] --END-- [ RunTime:0.000268s ]
INFO: [ app_begin ] --START--
INFO: Run Behavior\ReadHtmlCacheBehavior [ RunTime:0.000341s ]
INFO: [ app_begin ] --END-- [ RunTime:0.000458s ]
SQL: SHOW COLUMNS FROM `acm_user` [ RunTime:0.0006s ]
SQL: SELECT COUNT(*) AS tp_count FROM `acm_user` WHERE ( is_passed=0 ) LIMIT 1   [ RunTime:0.0002s ]
SQL: SELECT `id`,`nickname`,`institude`,`grade` FROM `acm_user` WHERE `is_passed` = 0 LIMIT 0,8   [ RunTime:0.0002s ]
INFO: [ view_parse ] --START--
INFO: [ template_filter ] --START--
INFO: Run Behavior\ContentReplaceBehavior [ RunTime:0.000146s ]
INFO: [ template_filter ] --END-- [ RunTime:0.000324s ]
SQL: SELECT COUNT(*) AS tp_count FROM `acm_user` WHERE `is_passed` = 0 LIMIT 1   [ RunTime:0.0003s ]
INFO: [ view_parse ] --START--
INFO: Run Behavior\ParseTemplateBehavior [ RunTime:0.000192s ]
INFO: [ view_parse ] --END-- [ RunTime:0.000271s ]
INFO: [ view_filter ] --START--
INFO: Run Behavior\WriteHtmlCacheBehavior [ RunTime:0.000138s ]
INFO: [ view_filter ] --END-- [ RunTime:0.000210s ]
INFO: Run Behavior\ParseTemplateBehavior [ RunTime:0.001802s ]
INFO: [ view_parse ] --END-- [ RunTime:0.000271s ]
INFO: [ view_filter ] --START--
INFO: Run Behavior\WriteHtmlCacheBehavior [ RunTime:0.000016s ]
INFO: [ view_filter ] --END-- [ RunTime:-0.001386s ]
INFO: [ app_end ] --START--
INFO: Run Behavior\ShowPageTraceBehavior [ RunTime:0.000579s ]
INFO: [ app_end ] --END-- [ RunTime:0.000867s ]

[ 2017-05-25T19:54:40+08:00 ] ::1 /sys/admin.php/Check/CheckStuSign.html
INFO: [ app_init ] --START--
INFO: Run Behavior\BuildLiteBehavior [ RunTime:0.000018s ]
INFO: [ app_init ] --END-- [ RunTime:0.000263s ]
INFO: [ app_begin ] --START--
INFO: Run Behavior\ReadHtmlCacheBehavior [ RunTime:0.000281s ]
INFO: [ app_begin ] --END-- [ RunTime:0.000354s ]
SQL: SHOW COLUMNS FROM `acm_user` [ RunTime:0.0005s ]
SQL: SELECT COUNT(*) AS tp_count FROM `acm_user` WHERE ( is_passed=0 ) LIMIT 1   [ RunTime:0.0003s ]

[ 2017-05-25T19:54:49+08:00 ] ::1 /sys/admin.php/Check/CheckStuSign.html
INFO: [ app_init ] --START--
INFO: Run Behavior\BuildLiteBehavior [ RunTime:0.000018s ]
INFO: [ app_init ] --END-- [ RunTime:0.000260s ]
INFO: [ app_begin ] --START--
INFO: Run Behavior\ReadHtmlCacheBehavior [ RunTime:0.000274s ]
INFO: [ app_begin ] --END-- [ RunTime:0.000348s ]
SQL: SHOW COLUMNS FROM `acm_user` [ RunTime:0.0005s ]
SQL: SELECT COUNT(*) AS tp_count FROM `acm_user` WHERE ( is_passed=0 ) LIMIT 1   [ RunTime:0.0002s ]
SQL: SELECT `id`,`nickname`,`institude`,`grade` FROM `acm_user` WHERE `is_passed` = 0 LIMIT 0,8   [ RunTime:0.0002s ]

[ 2017-05-25T19:55:02+08:00 ] ::1 /sys/admin.php/Check/CheckStuSign.html
INFO: [ app_init ] --START--
INFO: Run Behavior\BuildLiteBehavior [ RunTime:0.000021s ]
INFO: [ app_init ] --END-- [ RunTime:0.000306s ]
INFO: [ app_begin ] --START--
INFO: Run Behavior\ReadHtmlCacheBehavior [ RunTime:0.000295s ]
INFO: [ app_begin ] --END-- [ RunTime:0.000380s ]
SQL: SHOW COLUMNS FROM `acm_user` [ RunTime:0.0005s ]
SQL: SELECT COUNT(*) AS tp_count FROM `acm_user` WHERE ( is_passed=0 ) LIMIT 1   [ RunTime:0.0002s ]
SQL: SELECT `id`,`nickname`,`institude`,`grade` FROM `acm_user` WHERE `is_passed` = 0 LIMIT 0,8   [ RunTime:0.0002s ]

[ 2017-05-25T19:58:48+08:00 ] ::1 /sys/admin.php/Check/CheckStuSign.html
INFO: [ app_init ] --START--
INFO: Run Behavior\BuildLiteBehavior [ RunTime:0.000022s ]
INFO: [ app_init ] --END-- [ RunTime:0.000305s ]
INFO: [ app_begin ] --START--
INFO: Run Behavior\ReadHtmlCacheBehavior [ RunTime:0.000367s ]
INFO: [ app_begin ] --END-- [ RunTime:0.000465s ]
SQL: SHOW COLUMNS FROM `acm_user` [ RunTime:0.0005s ]
SQL: SELECT COUNT(*) AS tp_count FROM `acm_user` WHERE ( is_passed=0 ) LIMIT 1   [ RunTime:0.0003s ]
SQL: SELECT `id`,`nickname`,`institude`,`grade` FROM `acm_user` WHERE `is_passed` = 0 LIMIT 0,8   [ RunTime:0.0002s ]
INFO: [ view_parse ] --START--
INFO: [ template_filter ] --START--
INFO: Run Behavior\ContentReplaceBehavior [ RunTime:0.000070s ]
INFO: [ template_filter ] --END-- [ RunTime:0.000161s ]
INFO: [ view_parse ] --START--
INFO: Run Behavior\ParseTemplateBehavior [ RunTime:0.000508s ]
INFO: [ view_parse ] --END-- [ RunTime:0.000613s ]
INFO: [ view_filter ] --START--
INFO: Run Behavior\WriteHtmlCacheBehavior [ RunTime:0.000495s ]
INFO: [ view_filter ] --END-- [ RunTime:0.000599s ]
INFO: Run Behavior\ParseTemplateBehavior [ RunTime:0.002677s ]
INFO: [ view_parse ] --END-- [ RunTime:0.000613s ]
INFO: [ view_filter ] --START--
INFO: Run Behavior\WriteHtmlCacheBehavior [ RunTime:0.000021s ]
INFO: [ view_filter ] --END-- [ RunTime:-0.001545s ]
INFO: [ app_end ] --START--
INFO: Run Behavior\ShowPageTraceBehavior [ RunTime:0.000821s ]
INFO: [ app_end ] --END-- [ RunTime:0.000989s ]

[ 2017-05-25T19:59:12+08:00 ] ::1 /sys/admin.php/Check/CheckStuSign.html
INFO: [ app_init ] --START--
INFO: Run Behavior\BuildLiteBehavior [ RunTime:0.000021s ]
INFO: [ app_init ] --END-- [ RunTime:0.000290s ]
INFO: [ app_begin ] --START--
INFO: Run Behavior\ReadHtmlCacheBehavior [ RunTime:0.000277s ]
INFO: [ app_begin ] --END-- [ RunTime:0.000350s ]
SQL: SHOW COLUMNS FROM `acm_user` [ RunTime:0.0005s ]
SQL: SELECT COUNT(*) AS tp_count FROM `acm_user` WHERE ( is_passed=0 ) LIMIT 1   [ RunTime:0.0002s ]
SQL: SELECT `id`,`nickname`,`institude`,`grade` FROM `acm_user` WHERE `is_passed` = 0 LIMIT 0,8   [ RunTime:0.0002s ]
INFO: [ view_parse ] --START--
INFO: [ template_filter ] --START--
INFO: Run Behavior\ContentReplaceBehavior [ RunTime:0.000069s ]
INFO: [ template_filter ] --END-- [ RunTime:0.000159s ]
INFO: [ view_parse ] --START--
INFO: Run Behavior\ParseTemplateBehavior [ RunTime:0.000188s ]
INFO: [ view_parse ] --END-- [ RunTime:0.000283s ]
INFO: [ view_filter ] --START--
INFO: Run Behavior\WriteHtmlCacheBehavior [ RunTime:0.000178s ]
INFO: [ view_filter ] --END-- [ RunTime:0.000257s ]
INFO: Run Behavior\ParseTemplateBehavior [ RunTime:0.001922s ]
INFO: [ view_parse ] --END-- [ RunTime:0.000283s ]
INFO: [ view_filter ] --START--
INFO: Run Behavior\WriteHtmlCacheBehavior [ RunTime:0.000017s ]
INFO: [ view_filter ] --END-- [ RunTime:-0.001456s ]
INFO: [ app_end ] --START--
INFO: Run Behavior\ShowPageTraceBehavior [ RunTime:0.000636s ]
INFO: [ app_end ] --END-- [ RunTime:0.000832s ]

[ 2017-05-25T19:59:22+08:00 ] ::1 /sys/admin.php/Check/CheckStuSign.html
INFO: [ app_init ] --START--
INFO: Run Behavior\BuildLiteBehavior [ RunTime:0.000018s ]
INFO: [ app_init ] --END-- [ RunTime:0.000251s ]
INFO: [ app_begin ] --START--
INFO: Run Behavior\ReadHtmlCacheBehavior [ RunTime:0.000319s ]
INFO: [ app_begin ] --END-- [ RunTime:0.000391s ]
SQL: SHOW COLUMNS FROM `acm_user` [ RunTime:0.0005s ]
SQL: SELECT COUNT(*) AS tp_count FROM `acm_user` WHERE ( is_passed=0 ) LIMIT 1   [ RunTime:0.0002s ]
SQL: SELECT `id`,`nickname`,`institude`,`grade` FROM `acm_user` WHERE `is_passed` = 0 LIMIT 0,8   [ RunTime:0.0002s ]
INFO: [ view_parse ] --START--
INFO: [ template_filter ] --START--
INFO: Run Behavior\ContentReplaceBehavior [ RunTime:0.000062s ]
INFO: [ template_filter ] --END-- [ RunTime:0.000141s ]
INFO: [ view_parse ] --START--
INFO: [ template_filter ] --START--
INFO: Run Behavior\ContentReplaceBehavior [ RunTime:0.000078s ]
INFO: [ template_filter ] --END-- [ RunTime:-0.002585s ]
INFO: Run Behavior\ParseTemplateBehavior [ RunTime:0.001231s ]
INFO: [ view_parse ] --END-- [ RunTime:0.001318s ]
INFO: [ view_filter ] --START--
INFO: Run Behavior\WriteHtmlCacheBehavior [ RunTime:0.000131s ]
INFO: [ view_filter ] --END-- [ RunTime:0.000205s ]
INFO: Run Behavior\ParseTemplateBehavior [ RunTime:0.002755s ]
INFO: [ view_parse ] --END-- [ RunTime:0.001318s ]
INFO: [ view_filter ] --START--
INFO: Run Behavior\WriteHtmlCacheBehavior [ RunTime:0.000017s ]
INFO: [ view_filter ] --END-- [ RunTime:-0.001303s ]
INFO: [ app_end ] --START--
INFO: Run Behavior\ShowPageTraceBehavior [ RunTime:0.000633s ]
INFO: [ app_end ] --END-- [ RunTime:0.000808s ]

[ 2017-05-25T20:00:31+08:00 ] ::1 /sys/admin.php/Check/CheckStuSign.html
INFO: [ app_init ] --START--
INFO: Run Behavior\BuildLiteBehavior [ RunTime:0.000019s ]
INFO: [ app_init ] --END-- [ RunTime:0.000293s ]
INFO: [ app_begin ] --START--
INFO: Run Behavior\ReadHtmlCacheBehavior [ RunTime:0.000281s ]
INFO: [ app_begin ] --END-- [ RunTime:0.000360s ]
SQL: SHOW COLUMNS FROM `acm_user` [ RunTime:0.0005s ]
SQL: SELECT COUNT(*) AS tp_count FROM `acm_user` WHERE ( is_passed=0 ) LIMIT 1   [ RunTime:0.0002s ]
SQL: SELECT `id`,`nickname`,`institude`,`grade` FROM `acm_user` WHERE `is_passed` = 0 LIMIT 0,8   [ RunTime:0.0002s ]
INFO: [ view_parse ] --START--
INFO: [ template_filter ] --START--
INFO: Run Behavior\ContentReplaceBehavior [ RunTime:0.000068s ]
INFO: [ template_filter ] --END-- [ RunTime:0.000156s ]
SQL: SELECT COUNT(*) AS tp_count FROM `acm_user` WHERE `is_passed` = 0 LIMIT 1   [ RunTime:0.0003s ]
INFO: [ view_parse ] --START--
INFO: Run Behavior\ParseTemplateBehavior [ RunTime:0.000168s ]
INFO: [ view_parse ] --END-- [ RunTime:0.000239s ]
INFO: [ view_filter ] --START--
INFO: Run Behavior\WriteHtmlCacheBehavior [ RunTime:0.000117s ]
INFO: [ view_filter ] --END-- [ RunTime:0.000181s ]
INFO: Run Behavior\ParseTemplateBehavior [ RunTime:0.001608s ]
INFO: [ view_parse ] --END-- [ RunTime:0.000239s ]
INFO: [ view_filter ] --START--
INFO: Run Behavior\WriteHtmlCacheBehavior [ RunTime:0.000017s ]
INFO: [ view_filter ] --END-- [ RunTime:-0.001250s ]
INFO: [ app_end ] --START--
INFO: Run Behavior\ShowPageTraceBehavior [ RunTime:0.000536s ]
INFO: [ app_end ] --END-- [ RunTime:0.000657s ]

[ 2017-05-25T20:00:43+08:00 ] ::1 /sys/admin.php/Check/CheckStuSign.html
INFO: [ app_init ] --START--
INFO: Run Behavior\BuildLiteBehavior [ RunTime:0.000017s ]
INFO: [ app_init ] --END-- [ RunTime:0.000247s ]
INFO: [ app_begin ] --START--
INFO: Run Behavior\ReadHtmlCacheBehavior [ RunTime:0.000266s ]
INFO: [ app_begin ] --END-- [ RunTime:0.000338s ]
SQL: SHOW COLUMNS FROM `acm_user` [ RunTime:0.0006s ]
SQL: SELECT COUNT(*) AS tp_count FROM `acm_user` WHERE ( is_passed=0 ) LIMIT 1   [ RunTime:0.0010s ]
SQL: SELECT `id`,`nickname`,`institude`,`grade` FROM `acm_user` WHERE `is_passed` = 0 LIMIT 0,8   [ RunTime:0.0003s ]
INFO: [ view_parse ] --START--
INFO: [ template_filter ] --START--
INFO: Run Behavior\ContentReplaceBehavior [ RunTime:0.000063s ]
INFO: [ template_filter ] --END-- [ RunTime:0.000139s ]
SQL: SELECT COUNT(*) AS tp_count FROM `acm_user` WHERE `is_passed` = 0 LIMIT 1   [ RunTime:0.0003s ]
NOTIC: [8] Use of undefined constant a - assumed 'a' /Library/WebServer/Documents/sys/Application/Admin/Widget/StuCheckNumWidget.class.php 第 12 行.
INFO: [ view_parse ] --START--
INFO: [ template_filter ] --START--
INFO: Run Behavior\ContentReplaceBehavior [ RunTime:0.000054s ]
INFO: [ template_filter ] --END-- [ RunTime:-0.003078s ]
INFO: Run Behavior\ParseTemplateBehavior [ RunTime:0.001175s ]
INFO: [ view_parse ] --END-- [ RunTime:0.001262s ]
INFO: [ view_filter ] --START--
INFO: Run Behavior\WriteHtmlCacheBehavior [ RunTime:0.000123s ]
INFO: [ view_filter ] --END-- [ RunTime:0.000187s ]
INFO: Run Behavior\ParseTemplateBehavior [ RunTime:0.002656s ]
INFO: [ view_parse ] --END-- [ RunTime:0.001262s ]
INFO: [ view_filter ] --START--
INFO: Run Behavior\WriteHtmlCacheBehavior [ RunTime:0.000016s ]
INFO: [ view_filter ] --END-- [ RunTime:-0.001272s ]
INFO: [ app_end ] --START--
INFO: Run Behavior\ShowPageTraceBehavior [ RunTime:0.000572s ]
INFO: [ app_end ] --END-- [ RunTime:0.000744s ]

[ 2017-05-25T20:01:20+08:00 ] ::1 /sys/admin.php/Check/CheckStuSign.html
INFO: [ app_init ] --START--
INFO: Run Behavior\BuildLiteBehavior [ RunTime:0.000016s ]
INFO: [ app_init ] --END-- [ RunTime:0.000246s ]
INFO: [ app_begin ] --START--
INFO: Run Behavior\ReadHtmlCacheBehavior [ RunTime:0.000263s ]
INFO: [ app_begin ] --END-- [ RunTime:0.000335s ]
SQL: SHOW COLUMNS FROM `acm_user` [ RunTime:0.0005s ]
SQL: SELECT COUNT(*) AS tp_count FROM `acm_user` WHERE ( is_passed=0 ) LIMIT 1   [ RunTime:0.0002s ]
SQL: SELECT `id`,`nickname`,`institude`,`grade` FROM `acm_user` WHERE `is_passed` = 0 LIMIT 0,8   [ RunTime:0.0003s ]
INFO: [ view_parse ] --START--
INFO: [ template_filter ] --START--
INFO: Run Behavior\ContentReplaceBehavior [ RunTime:0.000139s ]
INFO: [ template_filter ] --END-- [ RunTime:0.000431s ]
SQL: SELECT COUNT(*) AS tp_count FROM `acm_user` WHERE `is_passed` = 0 LIMIT 1   [ RunTime:0.0004s ]
INFO: Run Behavior\ParseTemplateBehavior [ RunTime:0.013593s ]
INFO: [ view_parse ] --END-- [ RunTime:0.013911s ]
INFO: [ view_filter ] --START--
INFO: Run Behavior\WriteHtmlCacheBehavior [ RunTime:0.000168s ]
INFO: [ view_filter ] --END-- [ RunTime:0.000240s ]
INFO: [ app_end ] --START--
INFO: Run Behavior\ShowPageTraceBehavior [ RunTime:0.000619s ]
INFO: [ app_end ] --END-- [ RunTime:0.000782s ]

[ 2017-05-25T20:02:12+08:00 ] ::1 /sys/admin.php/Check/CheckStuSign.html
INFO: [ app_init ] --START--
INFO: Run Behavior\BuildLiteBehavior [ RunTime:0.000025s ]
INFO: [ app_init ] --END-- [ RunTime:0.000515s ]
INFO: [ app_begin ] --START--
INFO: Run Behavior\ReadHtmlCacheBehavior [ RunTime:0.000337s ]
INFO: [ app_begin ] --END-- [ RunTime:0.000424s ]
SQL: SHOW COLUMNS FROM `acm_user` [ RunTime:0.0005s ]
SQL: SELECT COUNT(*) AS tp_count FROM `acm_user` WHERE ( is_passed=0 ) LIMIT 1   [ RunTime:0.0002s ]
SQL: SELECT `id`,`nickname`,`institude`,`grade` FROM `acm_user` WHERE `is_passed` = 0 LIMIT 0,8   [ RunTime:0.0003s ]
INFO: [ view_parse ] --START--
INFO: [ template_filter ] --START--
INFO: Run Behavior\ContentReplaceBehavior [ RunTime:0.000076s ]
INFO: [ template_filter ] --END-- [ RunTime:0.000162s ]
SQL: SELECT COUNT(*) AS tp_count FROM `acm_user` WHERE `is_passed` = 0 LIMIT 1   [ RunTime:0.0004s ]
INFO: Run Behavior\ParseTemplateBehavior [ RunTime:0.011113s ]
INFO: [ view_parse ] --END-- [ RunTime:0.011193s ]
INFO: [ view_filter ] --START--
INFO: Run Behavior\WriteHtmlCacheBehavior [ RunTime:0.000172s ]
INFO: [ view_filter ] --END-- [ RunTime:0.000239s ]
INFO: [ app_end ] --START--
INFO: Run Behavior\ShowPageTraceBehavior [ RunTime:0.000567s ]
INFO: [ app_end ] --END-- [ RunTime:0.000679s ]

[ 2017-05-25T20:02:20+08:00 ] ::1 /sys/admin.php/Check/CheckStuSign.html
INFO: [ app_init ] --START--
INFO: Run Behavior\BuildLiteBehavior [ RunTime:0.000122s ]
INFO: [ app_init ] --END-- [ RunTime:0.000464s ]
INFO: [ app_begin ] --START--
INFO: Run Behavior\ReadHtmlCacheBehavior [ RunTime:0.000507s ]
INFO: [ app_begin ] --END-- [ RunTime:0.000603s ]
SQL: SHOW COLUMNS FROM `acm_user` [ RunTime:0.0006s ]
SQL: SELECT COUNT(*) AS tp_count FROM `acm_user` WHERE ( is_passed=0 ) LIMIT 1   [ RunTime:0.0002s ]
SQL: SELECT `id`,`nickname`,`institude`,`grade` FROM `acm_user` WHERE `is_passed` = 0 LIMIT 0,8   [ RunTime:0.0003s ]
INFO: [ view_parse ] --START--
INFO: [ template_filter ] --START--
INFO: Run Behavior\ContentReplaceBehavior [ RunTime:0.000070s ]
INFO: [ template_filter ] --END-- [ RunTime:0.000161s ]
SQL: SELECT COUNT(*) AS tp_count FROM `acm_user` WHERE `is_passed` = 0 LIMIT 1   [ RunTime:0.0004s ]
INFO: Run Behavior\ParseTemplateBehavior [ RunTime:0.011312s ]
INFO: [ view_parse ] --END-- [ RunTime:0.011390s ]
INFO: [ view_filter ] --START--
INFO: Run Behavior\WriteHtmlCacheBehavior [ RunTime:0.000155s ]
INFO: [ view_filter ] --END-- [ RunTime:0.000224s ]
INFO: [ app_end ] --START--
INFO: Run Behavior\ShowPageTraceBehavior [ RunTime:0.000590s ]
INFO: [ app_end ] --END-- [ RunTime:0.000754s ]

[ 2017-05-25T20:04:08+08:00 ] ::1 /sys/admin.php/Index/index.html
INFO: [ app_init ] --START--
INFO: Run Behavior\BuildLiteBehavior [ RunTime:0.000018s ]
INFO: [ app_init ] --END-- [ RunTime:0.000258s ]
INFO: [ app_begin ] --START--
INFO: Run Behavior\ReadHtmlCacheBehavior [ RunTime:0.000270s ]
INFO: [ app_begin ] --END-- [ RunTime:0.000344s ]
SQL: SHOW COLUMNS FROM `acm_user` [ RunTime:0.0005s ]
SQL: SELECT COUNT(*) AS tp_count FROM `acm_user` LIMIT 1   [ RunTime:0.0002s ]
SQL: SHOW COLUMNS FROM `acm_clazz` [ RunTime:0.0005s ]
SQL: SELECT COUNT(*) AS tp_count FROM `acm_user` LIMIT 1   [ RunTime:0.0002s ]
SQL: SHOW COLUMNS FROM `acm_admin` [ RunTime:0.0005s ]
SQL: SELECT COUNT(*) AS tp_count FROM `acm_admin` LIMIT 1   [ RunTime:0.0002s ]
SQL: SHOW COLUMNS FROM `acm_todaylogin` [ RunTime:0.0004s ]
SQL: SELECT COUNT(*) AS tp_count FROM `acm_todaylogin` LIMIT 1   [ RunTime:0.0002s ]
SQL: SHOW COLUMNS FROM `acm_inform` [ RunTime:0.0004s ]
SQL: SELECT * FROM `acm_inform`  [ RunTime:0.0003s ]
INFO: [ view_parse ] --START--
INFO: [ template_filter ] --START--
INFO: Run Behavior\ContentReplaceBehavior [ RunTime:0.000060s ]
INFO: [ template_filter ] --END-- [ RunTime:0.000139s ]
SQL: SELECT COUNT(*) AS tp_count FROM `acm_user` WHERE `is_passed` = 0 LIMIT 1   [ RunTime:0.0003s ]
INFO: Run Behavior\ParseTemplateBehavior [ RunTime:0.010958s ]
INFO: [ view_parse ] --END-- [ RunTime:0.011036s ]
INFO: [ view_filter ] --START--
INFO: Run Behavior\WriteHtmlCacheBehavior [ RunTime:0.000133s ]
INFO: [ view_filter ] --END-- [ RunTime:0.000199s ]
INFO: [ app_end ] --START--
INFO: Run Behavior\ShowPageTraceBehavior [ RunTime:0.000561s ]
INFO: [ app_end ] --END-- [ RunTime:0.000686s ]

[ 2017-05-25T20:04:08+08:00 ] ::1 /sys/admin.php/Check/CheckStuSign.html
INFO: [ app_init ] --START--
INFO: Run Behavior\BuildLiteBehavior [ RunTime:0.000017s ]
INFO: [ app_init ] --END-- [ RunTime:0.000255s ]
INFO: [ app_begin ] --START--
INFO: Run Behavior\ReadHtmlCacheBehavior [ RunTime:0.000269s ]
INFO: [ app_begin ] --END-- [ RunTime:0.000342s ]
SQL: SHOW COLUMNS FROM `acm_user` [ RunTime:0.0005s ]
SQL: SELECT COUNT(*) AS tp_count FROM `acm_user` WHERE ( is_passed=0 ) LIMIT 1   [ RunTime:0.0002s ]
SQL: SELECT `id`,`nickname`,`institude`,`grade` FROM `acm_user` WHERE `is_passed` = 0 LIMIT 0,8   [ RunTime:0.0004s ]
INFO: [ view_parse ] --START--
INFO: [ template_filter ] --START--
INFO: Run Behavior\ContentReplaceBehavior [ RunTime:0.000079s ]
INFO: [ template_filter ] --END-- [ RunTime:0.000179s ]
SQL: SELECT COUNT(*) AS tp_count FROM `acm_user` WHERE `is_passed` = 0 LIMIT 1   [ RunTime:0.0004s ]
INFO: Run Behavior\ParseTemplateBehavior [ RunTime:0.012683s ]
INFO: [ view_parse ] --END-- [ RunTime:0.012776s ]
INFO: [ view_filter ] --START--
INFO: Run Behavior\WriteHtmlCacheBehavior [ RunTime:0.000216s ]
INFO: [ view_filter ] --END-- [ RunTime:0.000295s ]
INFO: [ app_end ] --START--
INFO: Run Behavior\ShowPageTraceBehavior [ RunTime:0.000957s ]
INFO: [ app_end ] --END-- [ RunTime:0.001253s ]

[ 2017-05-25T20:04:09+08:00 ] ::1 /sys/admin.php/StuInfo/index.html
INFO: [ app_init ] --START--
INFO: Run Behavior\BuildLiteBehavior [ RunTime:0.000020s ]
INFO: [ app_init ] --END-- [ RunTime:0.000279s ]
INFO: [ app_begin ] --START--
INFO: Run Behavior\ReadHtmlCacheBehavior [ RunTime:0.000285s ]
INFO: [ app_begin ] --END-- [ RunTime:0.000360s ]
SQL: SHOW COLUMNS FROM `acm_user` [ RunTime:0.0005s ]
SQL: SELECT COUNT(*) AS tp_count FROM `acm_user` WHERE `is_passed` = 1 AND `nickname` LIKE '%%' LIMIT 1   [ RunTime:0.0003s ]
SQL: SELECT `id`,`nickname`,`institude`,`grade` FROM `acm_user` WHERE `is_passed` = 1 AND `nickname` LIKE '%%' LIMIT 0,8   [ RunTime:0.0003s ]
INFO: [ view_parse ] --START--
INFO: [ template_filter ] --START--
INFO: Run Behavior\ContentReplaceBehavior [ RunTime:0.000070s ]
INFO: [ template_filter ] --END-- [ RunTime:0.000153s ]
SQL: SELECT COUNT(*) AS tp_count FROM `acm_user` WHERE `is_passed` = 0 LIMIT 1   [ RunTime:0.0004s ]
INFO: Run Behavior\ParseTemplateBehavior [ RunTime:0.011628s ]
INFO: [ view_parse ] --END-- [ RunTime:0.011701s ]
INFO: [ view_filter ] --START--
INFO: Run Behavior\WriteHtmlCacheBehavior [ RunTime:0.000137s ]
INFO: [ view_filter ] --END-- [ RunTime:0.000204s ]
INFO: [ app_end ] --START--
INFO: Run Behavior\ShowPageTraceBehavior [ RunTime:0.000609s ]
INFO: [ app_end ] --END-- [ RunTime:0.000770s ]

[ 2017-05-25T20:04:23+08:00 ] ::1 /sys/admin.php/StuInfo/index.html?searchinfo=11
INFO: [ app_init ] --START--
INFO: Run Behavior\BuildLiteBehavior [ RunTime:0.000017s ]
INFO: [ app_init ] --END-- [ RunTime:0.000246s ]
INFO: [ app_begin ] --START--
INFO: Run Behavior\ReadHtmlCacheBehavior [ RunTime:0.000263s ]
INFO: [ app_begin ] --END-- [ RunTime:0.000342s ]
SQL: SHOW COLUMNS FROM `acm_user` [ RunTime:0.0006s ]
SQL: SELECT COUNT(*) AS tp_count FROM `acm_user` WHERE `is_passed` = 1 AND `nickname` LIKE '%11%' LIMIT 1   [ RunTime:0.0003s ]
SQL: SELECT `id`,`nickname`,`institude`,`grade` FROM `acm_user` WHERE `is_passed` = 1 AND `nickname` LIKE '%11%' LIMIT 0,8   [ RunTime:0.0003s ]
INFO: [ view_parse ] --START--
INFO: [ template_filter ] --START--
INFO: Run Behavior\ContentReplaceBehavior [ RunTime:0.000127s ]
INFO: [ template_filter ] --END-- [ RunTime:0.000298s ]
SQL: SELECT COUNT(*) AS tp_count FROM `acm_user` WHERE `is_passed` = 0 LIMIT 1   [ RunTime:0.0004s ]
INFO: Run Behavior\ParseTemplateBehavior [ RunTime:0.012867s ]
INFO: [ view_parse ] --END-- [ RunTime:0.012945s ]
INFO: [ view_filter ] --START--
INFO: Run Behavior\WriteHtmlCacheBehavior [ RunTime:0.000179s ]
INFO: [ view_filter ] --END-- [ RunTime:0.000256s ]
INFO: [ app_end ] --START--
INFO: Run Behavior\ShowPageTraceBehavior [ RunTime:0.000648s ]
INFO: [ app_end ] --END-- [ RunTime:0.000851s ]

[ 2017-05-25T20:04:29+08:00 ] ::1 /sys/admin.php/StuInfo/index.html?searchinfo=%E5%8D%87
INFO: [ app_init ] --START--
INFO: Run Behavior\BuildLiteBehavior [ RunTime:0.000017s ]
INFO: [ app_init ] --END-- [ RunTime:0.000257s ]
INFO: [ app_begin ] --START--
INFO: Run Behavior\ReadHtmlCacheBehavior [ RunTime:0.000336s ]
INFO: [ app_begin ] --END-- [ RunTime:0.000410s ]
SQL: SHOW COLUMNS FROM `acm_user` [ RunTime:0.0005s ]
SQL: SELECT COUNT(*) AS tp_count FROM `acm_user` WHERE `is_passed` = 1 AND `nickname` LIKE '%升%' LIMIT 1   [ RunTime:0.0002s ]
SQL: SELECT `id`,`nickname`,`institude`,`grade` FROM `acm_user` WHERE `is_passed` = 1 AND `nickname` LIKE '%升%' LIMIT 0,8   [ RunTime:0.0003s ]
INFO: [ view_parse ] --START--
INFO: [ template_filter ] --START--
INFO: Run Behavior\ContentReplaceBehavior [ RunTime:0.000137s ]
INFO: [ template_filter ] --END-- [ RunTime:0.000317s ]
SQL: SELECT COUNT(*) AS tp_count FROM `acm_user` WHERE `is_passed` = 0 LIMIT 1   [ RunTime:0.0004s ]
INFO: Run Behavior\ParseTemplateBehavior [ RunTime:0.011632s ]
INFO: [ view_parse ] --END-- [ RunTime:0.011714s ]
INFO: [ view_filter ] --START--
INFO: Run Behavior\WriteHtmlCacheBehavior [ RunTime:0.000153s ]
INFO: [ view_filter ] --END-- [ RunTime:0.000229s ]
INFO: [ app_end ] --START--
INFO: Run Behavior\ShowPageTraceBehavior [ RunTime:0.000623s ]
INFO: [ app_end ] --END-- [ RunTime:0.000757s ]

[ 2017-05-25T20:04:32+08:00 ] ::1 /sys/admin.php/StuInfo/index.html?searchinfo=%E7%94%9F
INFO: [ app_init ] --START--
INFO: Run Behavior\BuildLiteBehavior [ RunTime:0.000016s ]
INFO: [ app_init ] --END-- [ RunTime:0.000272s ]
INFO: [ app_begin ] --START--
INFO: Run Behavior\ReadHtmlCacheBehavior [ RunTime:0.000288s ]
INFO: [ app_begin ] --END-- [ RunTime:0.000369s ]
SQL: SHOW COLUMNS FROM `acm_user` [ RunTime:0.0010s ]
SQL: SELECT COUNT(*) AS tp_count FROM `acm_user` WHERE `is_passed` = 1 AND `nickname` LIKE '%生%' LIMIT 1   [ RunTime:0.0003s ]
SQL: SELECT `id`,`nickname`,`institude`,`grade` FROM `acm_user` WHERE `is_passed` = 1 AND `nickname` LIKE '%生%' LIMIT 0,8   [ RunTime:0.0004s ]
INFO: [ view_parse ] --START--
INFO: [ template_filter ] --START--
INFO: Run Behavior\ContentReplaceBehavior [ RunTime:0.000068s ]
INFO: [ template_filter ] --END-- [ RunTime:0.000147s ]
SQL: SELECT COUNT(*) AS tp_count FROM `acm_user` WHERE `is_passed` = 0 LIMIT 1   [ RunTime:0.0005s ]
INFO: Run Behavior\ParseTemplateBehavior [ RunTime:0.012690s ]
INFO: [ view_parse ] --END-- [ RunTime:0.012833s ]
INFO: [ view_filter ] --START--
INFO: Run Behavior\WriteHtmlCacheBehavior [ RunTime:0.000275s ]
INFO: [ view_filter ] --END-- [ RunTime:0.000444s ]
INFO: [ app_end ] --START--
INFO: Run Behavior\ShowPageTraceBehavior [ RunTime:0.000681s ]
INFO: [ app_end ] --END-- [ RunTime:0.000900s ]

[ 2017-05-25T20:04:37+08:00 ] ::1 /sys/admin.php/Class/ShowClass.html
INFO: [ app_init ] --START--
INFO: Run Behavior\BuildLiteBehavior [ RunTime:0.000018s ]
INFO: [ app_init ] --END-- [ RunTime:0.000251s ]
INFO: [ app_begin ] --START--
INFO: Run Behavior\ReadHtmlCacheBehavior [ RunTime:0.000269s ]
INFO: [ app_begin ] --END-- [ RunTime:0.000342s ]
SQL: SHOW COLUMNS FROM `acm_clazz` [ RunTime:0.0008s ]
SQL: SELECT COUNT(*) AS tp_count FROM `acm_clazz` LIMIT 1   [ RunTime:0.0002s ]
SQL: SELECT `id`,`clazzname`,`level` FROM `acm_clazz` LIMIT 0,12   [ RunTime:0.0002s ]
INFO: [ view_parse ] --START--
INFO: [ template_filter ] --START--
INFO: Run Behavior\ContentReplaceBehavior [ RunTime:0.000063s ]
INFO: [ template_filter ] --END-- [ RunTime:0.000141s ]
SQL: SHOW COLUMNS FROM `acm_user` [ RunTime:0.0008s ]
SQL: SELECT COUNT(*) AS tp_count FROM `acm_user` WHERE `is_passed` = 0 LIMIT 1   [ RunTime:0.0003s ]
INFO: Run Behavior\ParseTemplateBehavior [ RunTime:0.012860s ]
INFO: [ view_parse ] --END-- [ RunTime:0.012947s ]
INFO: [ view_filter ] --START--
INFO: Run Behavior\WriteHtmlCacheBehavior [ RunTime:0.000185s ]
INFO: [ view_filter ] --END-- [ RunTime:0.000267s ]
INFO: [ app_end ] --START--
INFO: Run Behavior\ShowPageTraceBehavior [ RunTime:0.000688s ]
INFO: [ app_end ] --END-- [ RunTime:0.001273s ]

[ 2017-05-25T20:04:37+08:00 ] ::1 /sys/admin.php/Check/CheckStuSelect.html
INFO: [ app_init ] --START--
INFO: Run Behavior\BuildLiteBehavior [ RunTime:0.000018s ]
INFO: [ app_init ] --END-- [ RunTime:0.000257s ]
INFO: [ app_begin ] --START--
INFO: Run Behavior\ReadHtmlCacheBehavior [ RunTime:0.000269s ]
INFO: [ app_begin ] --END-- [ RunTime:0.000343s ]
SQL: SHOW COLUMNS FROM `acm_check_clazz` [ RunTime:0.0005s ]
SQL: SELECT * FROM `acm_check_clazz`  [ RunTime:0.0002s ]
SQL: SHOW COLUMNS FROM `acm_check_clazz` [ RunTime:0.0004s ]
SQL: SELECT a.id as id,user.id as userid,user.nickname as nickname,clazz.id as clazzid,clazz.clazzname as clazzname,a.checktime as checktime FROM acm_check_clazz a,acm_user user,acm_clazz clazz WHERE ( a.id_clazz = clazz.id and a.id_stu = user.id )  [ RunTime:0.0015s ]
INFO: [ view_parse ] --START--
INFO: [ template_filter ] --START--
INFO: Run Behavior\ContentReplaceBehavior [ RunTime:0.000074s ]
INFO: [ template_filter ] --END-- [ RunTime:0.000170s ]
SQL: SHOW COLUMNS FROM `acm_user` [ RunTime:0.0006s ]
SQL: SELECT COUNT(*) AS tp_count FROM `acm_user` WHERE `is_passed` = 0 LIMIT 1   [ RunTime:0.0003s ]
INFO: Run Behavior\ParseTemplateBehavior [ RunTime:0.025491s ]
INFO: [ view_parse ] --END-- [ RunTime:0.025590s ]
INFO: [ view_filter ] --START--
INFO: Run Behavior\WriteHtmlCacheBehavior [ RunTime:0.000191s ]
INFO: [ view_filter ] --END-- [ RunTime:0.000272s ]
INFO: [ app_end ] --START--
INFO: Run Behavior\ShowPageTraceBehavior [ RunTime:0.000619s ]
INFO: [ app_end ] --END-- [ RunTime:0.000802s ]

[ 2017-05-25T20:04:40+08:00 ] ::1 /sys/admin.php/Class/AddClass.html
INFO: [ app_init ] --START--
INFO: Run Behavior\BuildLiteBehavior [ RunTime:0.000018s ]
INFO: [ app_init ] --END-- [ RunTime:0.000259s ]
INFO: [ app_begin ] --START--
INFO: Run Behavior\ReadHtmlCacheBehavior [ RunTime:0.000274s ]
INFO: [ app_begin ] --END-- [ RunTime:0.000348s ]
INFO: [ view_parse ] --START--
INFO: [ template_filter ] --START--
INFO: Run Behavior\ContentReplaceBehavior [ RunTime:0.000063s ]
INFO: [ template_filter ] --END-- [ RunTime:0.000148s ]
SQL: SHOW COLUMNS FROM `acm_user` [ RunTime:0.0006s ]
SQL: SELECT COUNT(*) AS tp_count FROM `acm_user` WHERE `is_passed` = 0 LIMIT 1   [ RunTime:0.0003s ]
INFO: Run Behavior\ParseTemplateBehavior [ RunTime:0.022198s ]
INFO: [ view_parse ] --END-- [ RunTime:0.022277s ]
INFO: [ view_filter ] --START--
INFO: Run Behavior\WriteHtmlCacheBehavior [ RunTime:0.000170s ]
INFO: [ view_filter ] --END-- [ RunTime:0.000246s ]
INFO: [ app_end ] --START--
INFO: Run Behavior\ShowPageTraceBehavior [ RunTime:0.000584s ]
INFO: [ app_end ] --END-- [ RunTime:0.000790s ]

[ 2017-05-25T20:04:42+08:00 ] ::1 /sys/admin.php/Class/ShowClass.html
INFO: [ app_init ] --START--
INFO: Run Behavior\BuildLiteBehavior [ RunTime:0.000024s ]
INFO: [ app_init ] --END-- [ RunTime:0.000441s ]
INFO: [ app_begin ] --START--
INFO: Run Behavior\ReadHtmlCacheBehavior [ RunTime:0.000293s ]
INFO: [ app_begin ] --END-- [ RunTime:0.000372s ]
SQL: SHOW COLUMNS FROM `acm_clazz` [ RunTime:0.0006s ]
SQL: SELECT COUNT(*) AS tp_count FROM `acm_clazz` LIMIT 1   [ RunTime:0.0002s ]
SQL: SELECT `id`,`clazzname`,`level` FROM `acm_clazz` LIMIT 0,12   [ RunTime:0.0003s ]
INFO: [ view_parse ] --START--
INFO: [ template_filter ] --START--
INFO: Run Behavior\ContentReplaceBehavior [ RunTime:0.000062s ]
INFO: [ template_filter ] --END-- [ RunTime:0.000141s ]
SQL: SHOW COLUMNS FROM `acm_user` [ RunTime:0.0006s ]
SQL: SELECT COUNT(*) AS tp_count FROM `acm_user` WHERE `is_passed` = 0 LIMIT 1   [ RunTime:0.0002s ]
INFO: Run Behavior\ParseTemplateBehavior [ RunTime:0.011971s ]
INFO: [ view_parse ] --END-- [ RunTime:0.012047s ]
INFO: [ view_filter ] --START--
INFO: Run Behavior\WriteHtmlCacheBehavior [ RunTime:0.000154s ]
INFO: [ view_filter ] --END-- [ RunTime:0.000220s ]
INFO: [ app_end ] --START--
INFO: Run Behavior\ShowPageTraceBehavior [ RunTime:0.000580s ]
INFO: [ app_end ] --END-- [ RunTime:0.000769s ]

[ 2017-05-25T20:04:54+08:00 ] ::1 /sys/admin.php/Check/CheckStuSelect.html
INFO: [ app_init ] --START--
INFO: Run Behavior\BuildLiteBehavior [ RunTime:0.000018s ]
INFO: [ app_init ] --END-- [ RunTime:0.000255s ]
INFO: [ app_begin ] --START--
INFO: Run Behavior\ReadHtmlCacheBehavior [ RunTime:0.000274s ]
INFO: [ app_begin ] --END-- [ RunTime:0.000346s ]
SQL: SHOW COLUMNS FROM `acm_check_clazz` [ RunTime:0.0004s ]
SQL: SELECT * FROM `acm_check_clazz`  [ RunTime:0.0002s ]
SQL: SHOW COLUMNS FROM `acm_check_clazz` [ RunTime:0.0003s ]
SQL: SELECT a.id as id,user.id as userid,user.nickname as nickname,clazz.id as clazzid,clazz.clazzname as clazzname,a.checktime as checktime FROM acm_check_clazz a,acm_user user,acm_clazz clazz WHERE ( a.id_clazz = clazz.id and a.id_stu = user.id )  [ RunTime:0.0003s ]
INFO: [ view_parse ] --START--
INFO: [ template_filter ] --START--
INFO: Run Behavior\ContentReplaceBehavior [ RunTime:0.000071s ]
INFO: [ template_filter ] --END-- [ RunTime:0.000167s ]
SQL: SHOW COLUMNS FROM `acm_user` [ RunTime:0.0006s ]
SQL: SELECT COUNT(*) AS tp_count FROM `acm_user` WHERE `is_passed` = 0 LIMIT 1   [ RunTime:0.0002s ]
INFO: Run Behavior\ParseTemplateBehavior [ RunTime:0.011436s ]
INFO: [ view_parse ] --END-- [ RunTime:0.011522s ]
INFO: [ view_filter ] --START--
INFO: Run Behavior\WriteHtmlCacheBehavior [ RunTime:0.000150s ]
INFO: [ view_filter ] --END-- [ RunTime:0.000218s ]
INFO: [ app_end ] --START--
INFO: Run Behavior\ShowPageTraceBehavior [ RunTime:0.000844s ]
INFO: [ app_end ] --END-- [ RunTime:0.001023s ]

[ 2017-05-25T20:04:55+08:00 ] ::1 /sys/admin.php/Check/CheckStuSelect.html
INFO: [ app_init ] --START--
INFO: Run Behavior\BuildLiteBehavior [ RunTime:0.000019s ]
INFO: [ app_init ] --END-- [ RunTime:0.000260s ]
INFO: [ app_begin ] --START--
INFO: Run Behavior\ReadHtmlCacheBehavior [ RunTime:0.000266s ]
INFO: [ app_begin ] --END-- [ RunTime:0.000338s ]
SQL: SHOW COLUMNS FROM `acm_check_clazz` [ RunTime:0.0004s ]
SQL: SELECT * FROM `acm_check_clazz`  [ RunTime:0.0002s ]
SQL: SHOW COLUMNS FROM `acm_check_clazz` [ RunTime:0.0004s ]
SQL: SELECT a.id as id,user.id as userid,user.nickname as nickname,clazz.id as clazzid,clazz.clazzname as clazzname,a.checktime as checktime FROM acm_check_clazz a,acm_user user,acm_clazz clazz WHERE ( a.id_clazz = clazz.id and a.id_stu = user.id )  [ RunTime:0.0003s ]
INFO: [ view_parse ] --START--
INFO: [ template_filter ] --START--
INFO: Run Behavior\ContentReplaceBehavior [ RunTime:0.000065s ]
INFO: [ template_filter ] --END-- [ RunTime:0.000149s ]
SQL: SHOW COLUMNS FROM `acm_user` [ RunTime:0.0006s ]
SQL: SELECT COUNT(*) AS tp_count FROM `acm_user` WHERE `is_passed` = 0 LIMIT 1   [ RunTime:0.0003s ]
INFO: Run Behavior\ParseTemplateBehavior [ RunTime:0.011204s ]
INFO: [ view_parse ] --END-- [ RunTime:0.011286s ]
INFO: [ view_filter ] --START--
INFO: Run Behavior\WriteHtmlCacheBehavior [ RunTime:0.000148s ]
INFO: [ view_filter ] --END-- [ RunTime:0.000216s ]
INFO: [ app_end ] --START--
INFO: Run Behavior\ShowPageTraceBehavior [ RunTime:0.000565s ]
INFO: [ app_end ] --END-- [ RunTime:0.000728s ]

[ 2017-05-25T20:04:56+08:00 ] ::1 /sys/admin.php/Class/ShowClass.html
INFO: [ app_init ] --START--
INFO: Run Behavior\BuildLiteBehavior [ RunTime:0.000018s ]
INFO: [ app_init ] --END-- [ RunTime:0.000247s ]
INFO: [ app_begin ] --START--
INFO: Run Behavior\ReadHtmlCacheBehavior [ RunTime:0.000265s ]
INFO: [ app_begin ] --END-- [ RunTime:0.000338s ]
SQL: SHOW COLUMNS FROM `acm_clazz` [ RunTime:0.0004s ]
SQL: SELECT COUNT(*) AS tp_count FROM `acm_clazz` LIMIT 1   [ RunTime:0.0002s ]
SQL: SELECT `id`,`clazzname`,`level` FROM `acm_clazz` LIMIT 0,12   [ RunTime:0.0002s ]
INFO: [ view_parse ] --START--
INFO: [ template_filter ] --START--
INFO: Run Behavior\ContentReplaceBehavior [ RunTime:0.000069s ]
INFO: [ template_filter ] --END-- [ RunTime:0.000155s ]
SQL: SHOW COLUMNS FROM `acm_user` [ RunTime:0.0006s ]
SQL: SELECT COUNT(*) AS tp_count FROM `acm_user` WHERE `is_passed` = 0 LIMIT 1   [ RunTime:0.0003s ]
INFO: Run Behavior\ParseTemplateBehavior [ RunTime:0.011470s ]
INFO: [ view_parse ] --END-- [ RunTime:0.011543s ]
INFO: [ view_filter ] --START--
INFO: Run Behavior\WriteHtmlCacheBehavior [ RunTime:0.000149s ]
INFO: [ view_filter ] --END-- [ RunTime:0.000216s ]
INFO: [ app_end ] --START--
INFO: Run Behavior\ShowPageTraceBehavior [ RunTime:0.000580s ]
INFO: [ app_end ] --END-- [ RunTime:0.000740s ]

[ 2017-05-25T20:04:56+08:00 ] ::1 /sys/admin.php/Check/CheckStuSelect.html
INFO: [ app_init ] --START--
INFO: Run Behavior\BuildLiteBehavior [ RunTime:0.000020s ]
INFO: [ app_init ] --END-- [ RunTime:0.000363s ]
INFO: [ app_begin ] --START--
INFO: Run Behavior\ReadHtmlCacheBehavior [ RunTime:0.000345s ]
INFO: [ app_begin ] --END-- [ RunTime:0.000424s ]
SQL: SHOW COLUMNS FROM `acm_check_clazz` [ RunTime:0.0005s ]
SQL: SELECT * FROM `acm_check_clazz`  [ RunTime:0.0004s ]
SQL: SHOW COLUMNS FROM `acm_check_clazz` [ RunTime:0.0006s ]
SQL: SELECT a.id as id,user.id as userid,user.nickname as nickname,clazz.id as clazzid,clazz.clazzname as clazzname,a.checktime as checktime FROM acm_check_clazz a,acm_user user,acm_clazz clazz WHERE ( a.id_clazz = clazz.id and a.id_stu = user.id )  [ RunTime:0.0006s ]
INFO: [ view_parse ] --START--
INFO: [ template_filter ] --START--
INFO: Run Behavior\ContentReplaceBehavior [ RunTime:0.000072s ]
INFO: [ template_filter ] --END-- [ RunTime:0.000177s ]
SQL: SHOW COLUMNS FROM `acm_user` [ RunTime:0.0006s ]
SQL: SELECT COUNT(*) AS tp_count FROM `acm_user` WHERE `is_passed` = 0 LIMIT 1   [ RunTime:0.0003s ]
INFO: Run Behavior\ParseTemplateBehavior [ RunTime:0.013733s ]
INFO: [ view_parse ] --END-- [ RunTime:0.013841s ]
INFO: [ view_filter ] --START--
INFO: Run Behavior\WriteHtmlCacheBehavior [ RunTime:0.000150s ]
INFO: [ view_filter ] --END-- [ RunTime:0.000217s ]
INFO: [ app_end ] --START--
INFO: Run Behavior\ShowPageTraceBehavior [ RunTime:0.000690s ]
INFO: [ app_end ] --END-- [ RunTime:0.000966s ]

[ 2017-05-25T20:04:57+08:00 ] ::1 /sys/admin.php/Check/passStuCheck.html
INFO: [ app_init ] --START--
INFO: Run Behavior\BuildLiteBehavior [ RunTime:0.000017s ]
INFO: [ app_init ] --END-- [ RunTime:0.000248s ]
INFO: [ app_begin ] --START--
INFO: Run Behavior\ReadHtmlCacheBehavior [ RunTime:0.000256s ]
INFO: [ app_begin ] --END-- [ RunTime:0.000319s ]
SQL: SHOW COLUMNS FROM `acm_check_clazz` [ RunTime:0.0006s ]
SQL: SELECT * FROM `acm_check_clazz` WHERE ( id=4 )  [ RunTime:0.0003s ]
SQL: SHOW COLUMNS FROM `acm_user_clazz` [ RunTime:0.0004s ]
SQL: INSERT INTO `acm_user_clazz` (`user_id`,`clazz_id`,`check_time`) VALUES ('1','1','2017-05-25 20:04:57') [ RunTime:0.0048s ]
SQL: DELETE FROM `acm_check_clazz` WHERE ( id=4 ) [ RunTime:0.0031s ]

[ 2017-05-25T20:04:59+08:00 ] ::1 /sys/admin.php/Check/CheckStuSelect.html
INFO: [ app_init ] --START--
INFO: Run Behavior\BuildLiteBehavior [ RunTime:0.000021s ]
INFO: [ app_init ] --END-- [ RunTime:0.000623s ]
INFO: [ app_begin ] --START--
INFO: Run Behavior\ReadHtmlCacheBehavior [ RunTime:0.000775s ]
INFO: [ app_begin ] --END-- [ RunTime:0.000936s ]
SQL: SHOW COLUMNS FROM `acm_check_clazz` [ RunTime:0.0007s ]
SQL: SELECT * FROM `acm_check_clazz`  [ RunTime:0.0003s ]
SQL: SHOW COLUMNS FROM `acm_check_clazz` [ RunTime:0.0007s ]
SQL: SELECT a.id as id,user.id as userid,user.nickname as nickname,clazz.id as clazzid,clazz.clazzname as clazzname,a.checktime as checktime FROM acm_check_clazz a,acm_user user,acm_clazz clazz WHERE ( a.id_clazz = clazz.id and a.id_stu = user.id )  [ RunTime:0.0006s ]
INFO: [ view_parse ] --START--
INFO: [ template_filter ] --START--
INFO: Run Behavior\ContentReplaceBehavior [ RunTime:0.000276s ]
INFO: [ template_filter ] --END-- [ RunTime:0.000502s ]
SQL: SHOW COLUMNS FROM `acm_user` [ RunTime:0.0010s ]
SQL: SELECT COUNT(*) AS tp_count FROM `acm_user` WHERE `is_passed` = 0 LIMIT 1   [ RunTime:0.0004s ]
INFO: Run Behavior\ParseTemplateBehavior [ RunTime:0.022876s ]
INFO: [ view_parse ] --END-- [ RunTime:0.023082s ]
INFO: [ view_filter ] --START--
INFO: Run Behavior\WriteHtmlCacheBehavior [ RunTime:0.000592s ]
INFO: [ view_filter ] --END-- [ RunTime:0.000765s ]
INFO: [ app_end ] --START--
INFO: Run Behavior\ShowPageTraceBehavior [ RunTime:0.001718s ]
INFO: [ app_end ] --END-- [ RunTime:0.001985s ]

[ 2017-05-25T20:05:00+08:00 ] ::1 /sys/admin.php/Class/ShowClass.html
INFO: [ app_init ] --START--
INFO: Run Behavior\BuildLiteBehavior [ RunTime:0.000017s ]
INFO: [ app_init ] --END-- [ RunTime:0.000243s ]
INFO: [ app_begin ] --START--
INFO: Run Behavior\ReadHtmlCacheBehavior [ RunTime:0.000259s ]
INFO: [ app_begin ] --END-- [ RunTime:0.000332s ]
SQL: SHOW COLUMNS FROM `acm_clazz` [ RunTime:0.0004s ]
SQL: SELECT COUNT(*) AS tp_count FROM `acm_clazz` LIMIT 1   [ RunTime:0.0003s ]
SQL: SELECT `id`,`clazzname`,`level` FROM `acm_clazz` LIMIT 0,12   [ RunTime:0.0004s ]
INFO: [ view_parse ] --START--
INFO: [ template_filter ] --START--
INFO: Run Behavior\ContentReplaceBehavior [ RunTime:0.000059s ]
INFO: [ template_filter ] --END-- [ RunTime:0.000134s ]
SQL: SHOW COLUMNS FROM `acm_user` [ RunTime:0.0005s ]
SQL: SELECT COUNT(*) AS tp_count FROM `acm_user` WHERE `is_passed` = 0 LIMIT 1   [ RunTime:0.0002s ]
INFO: Run Behavior\ParseTemplateBehavior [ RunTime:0.010150s ]
INFO: [ view_parse ] --END-- [ RunTime:0.010233s ]
INFO: [ view_filter ] --START--
INFO: Run Behavior\WriteHtmlCacheBehavior [ RunTime:0.000168s ]
INFO: [ view_filter ] --END-- [ RunTime:0.000240s ]
INFO: [ app_end ] --START--
INFO: Run Behavior\ShowPageTraceBehavior [ RunTime:0.000517s ]
INFO: [ app_end ] --END-- [ RunTime:0.000657s ]

[ 2017-05-25T20:05:00+08:00 ] ::1 /sys/admin.php/Check/CheckStuSelect.html
INFO: [ app_init ] --START--
INFO: Run Behavior\BuildLiteBehavior [ RunTime:0.000017s ]
INFO: [ app_init ] --END-- [ RunTime:0.000250s ]
INFO: [ app_begin ] --START--
INFO: Run Behavior\ReadHtmlCacheBehavior [ RunTime:0.000267s ]
INFO: [ app_begin ] --END-- [ RunTime:0.000339s ]
SQL: SHOW COLUMNS FROM `acm_check_clazz` [ RunTime:0.0004s ]
SQL: SELECT * FROM `acm_check_clazz`  [ RunTime:0.0002s ]
SQL: SHOW COLUMNS FROM `acm_check_clazz` [ RunTime:0.0004s ]
SQL: SELECT a.id as id,user.id as userid,user.nickname as nickname,clazz.id as clazzid,clazz.clazzname as clazzname,a.checktime as checktime FROM acm_check_clazz a,acm_user user,acm_clazz clazz WHERE ( a.id_clazz = clazz.id and a.id_stu = user.id )  [ RunTime:0.0003s ]
INFO: [ view_parse ] --START--
INFO: [ template_filter ] --START--
INFO: Run Behavior\ContentReplaceBehavior [ RunTime:0.000062s ]
INFO: [ template_filter ] --END-- [ RunTime:0.000143s ]
SQL: SHOW COLUMNS FROM `acm_user` [ RunTime:0.0007s ]
SQL: SELECT COUNT(*) AS tp_count FROM `acm_user` WHERE `is_passed` = 0 LIMIT 1   [ RunTime:0.0003s ]
INFO: Run Behavior\ParseTemplateBehavior [ RunTime:0.012528s ]
INFO: [ view_parse ] --END-- [ RunTime:0.012619s ]
INFO: [ view_filter ] --START--
INFO: Run Behavior\WriteHtmlCacheBehavior [ RunTime:0.000170s ]
INFO: [ view_filter ] --END-- [ RunTime:0.000249s ]
INFO: [ app_end ] --START--
INFO: Run Behavior\ShowPageTraceBehavior [ RunTime:0.000818s ]
INFO: [ app_end ] --END-- [ RunTime:0.000973s ]

[ 2017-05-25T20:05:01+08:00 ] ::1 /sys/admin.php/Class/ShowClass.html
INFO: [ app_init ] --START--
INFO: Run Behavior\BuildLiteBehavior [ RunTime:0.000017s ]
INFO: [ app_init ] --END-- [ RunTime:0.000248s ]
INFO: [ app_begin ] --START--
INFO: Run Behavior\ReadHtmlCacheBehavior [ RunTime:0.000263s ]
INFO: [ app_begin ] --END-- [ RunTime:0.000334s ]
SQL: SHOW COLUMNS FROM `acm_clazz` [ RunTime:0.0004s ]
SQL: SELECT COUNT(*) AS tp_count FROM `acm_clazz` LIMIT 1   [ RunTime:0.0002s ]
SQL: SELECT `id`,`clazzname`,`level` FROM `acm_clazz` LIMIT 0,12   [ RunTime:0.0002s ]
INFO: [ view_parse ] --START--
INFO: [ template_filter ] --START--
INFO: Run Behavior\ContentReplaceBehavior [ RunTime:0.000064s ]
INFO: [ template_filter ] --END-- [ RunTime:0.000144s ]
SQL: SHOW COLUMNS FROM `acm_user` [ RunTime:0.0006s ]
SQL: SELECT COUNT(*) AS tp_count FROM `acm_user` WHERE `is_passed` = 0 LIMIT 1   [ RunTime:0.0003s ]
INFO: Run Behavior\ParseTemplateBehavior [ RunTime:0.010602s ]
INFO: [ view_parse ] --END-- [ RunTime:0.010675s ]
INFO: [ view_filter ] --START--
INFO: Run Behavior\WriteHtmlCacheBehavior [ RunTime:0.000148s ]
INFO: [ view_filter ] --END-- [ RunTime:0.000213s ]
INFO: [ app_end ] --START--
INFO: Run Behavior\ShowPageTraceBehavior [ RunTime:0.000617s ]
INFO: [ app_end ] --END-- [ RunTime:0.000818s ]

[ 2017-05-25T20:05:02+08:00 ] ::1 /sys/admin.php/OneClass/1
INFO: [ app_init ] --START--
INFO: Run Behavior\BuildLiteBehavior [ RunTime:0.000017s ]
INFO: [ app_init ] --END-- [ RunTime:0.000248s ]
INFO: [ app_begin ] --START--
INFO: Run Behavior\ReadHtmlCacheBehavior [ RunTime:0.000270s ]
INFO: [ app_begin ] --END-- [ RunTime:0.000342s ]
SQL: SHOW COLUMNS FROM `acm_clazz` [ RunTime:0.0005s ]
SQL: SELECT * FROM `acm_clazz` WHERE `id` = 1  [ RunTime:0.0003s ]
SQL: SHOW COLUMNS FROM `acm_user_clazz` [ RunTime:0.0004s ]
SQL: SELECT COUNT(*) AS tp_count FROM `acm_user_clazz` WHERE ( clazz_id=1 ) LIMIT 1   [ RunTime:0.0002s ]
SQL: SHOW COLUMNS FROM `acm_user_clazz` [ RunTime:0.0004s ]
SQL: SELECT stu.id as id,stu.nickname as nickname FROM acm_user_clazz a,acm_user stu WHERE ( a.clazz_id=1 and stu.id = a.user_id and stu.level = 0 )  [ RunTime:0.0003s ]
SQL: SHOW COLUMNS FROM `acm_user_clazz` [ RunTime:0.0004s ]
SQL: SELECT stu.id as id,stu.nickname as nickname,stu.grade as grade FROM acm_user_clazz a,acm_user stu,acm_user_admin ad WHERE ( a.clazz_id=1 and stu.id = a.user_id and stu.level = 1 and ad.clazz_id=1 )  [ RunTime:0.0003s ]
SQL: SHOW COLUMNS FROM `acm_clazz_work` [ RunTime:0.0005s ]
SQL: SELECT * FROM `acm_clazz_work` WHERE ( clazz_id=1 )  [ RunTime:0.0003s ]
INFO: [ view_parse ] --START--
INFO: [ template_filter ] --START--
INFO: Run Behavior\ContentReplaceBehavior [ RunTime:0.000111s ]
INFO: [ template_filter ] --END-- [ RunTime:0.000205s ]
SQL: SHOW COLUMNS FROM `acm_user` [ RunTime:0.0008s ]
SQL: SELECT COUNT(*) AS tp_count FROM `acm_user` WHERE `is_passed` = 0 LIMIT 1   [ RunTime:0.0003s ]
NOTIC: [8] A non well formed numeric value encountered /Library/WebServer/Documents/sys/Application/Runtime/Cache/Admin/12b9db679feabfac0f049c0ff352ce47.php 第 208 行.
INFO: Run Behavior\ParseTemplateBehavior [ RunTime:0.025759s ]
INFO: [ view_parse ] --END-- [ RunTime:0.025862s ]
INFO: [ view_filter ] --START--
INFO: Run Behavior\WriteHtmlCacheBehavior [ RunTime:0.000172s ]
INFO: [ view_filter ] --END-- [ RunTime:0.000239s ]
INFO: [ app_end ] --START--
INFO: Run Behavior\ShowPageTraceBehavior [ RunTime:0.000610s ]
INFO: [ app_end ] --END-- [ RunTime:0.000754s ]

[ 2017-05-25T20:05:09+08:00 ] ::1 /sys/admin.php/Class/doPermitUser.html
INFO: [ app_init ] --START--
INFO: Run Behavior\BuildLiteBehavior [ RunTime:0.000027s ]
INFO: [ app_init ] --END-- [ RunTime:0.000777s ]
INFO: [ app_begin ] --START--
INFO: Run Behavior\ReadHtmlCacheBehavior [ RunTime:0.000709s ]
INFO: [ app_begin ] --END-- [ RunTime:0.000895s ]
SQL: SHOW COLUMNS FROM `acm_user` [ RunTime:0.0005s ]
SQL: UPDATE `acm_user` SET `level`='1' WHERE ( id=1 ) [ RunTime:0.0011s ]
SQL: SHOW COLUMNS FROM `acm_user_admin` [ RunTime:0.0005s ]
SQL: INSERT INTO `acm_user_admin` (`clazz_id`,`stu_id`) VALUES ('1','1') [ RunTime:0.0004s ]

[ 2017-05-25T20:05:10+08:00 ] ::1 /sys/admin.php/OneClass/1
INFO: [ app_init ] --START--
INFO: Run Behavior\BuildLiteBehavior [ RunTime:0.000049s ]
INFO: [ app_init ] --END-- [ RunTime:0.000717s ]
INFO: [ app_begin ] --START--
INFO: Run Behavior\ReadHtmlCacheBehavior [ RunTime:0.000563s ]
INFO: [ app_begin ] --END-- [ RunTime:0.000855s ]
SQL: SHOW COLUMNS FROM `acm_clazz` [ RunTime:0.0007s ]
SQL: SELECT * FROM `acm_clazz` WHERE `id` = 1  [ RunTime:0.0007s ]
SQL: SHOW COLUMNS FROM `acm_user_clazz` [ RunTime:0.0007s ]
SQL: SELECT COUNT(*) AS tp_count FROM `acm_user_clazz` WHERE ( clazz_id=1 ) LIMIT 1   [ RunTime:0.0005s ]
SQL: SHOW COLUMNS FROM `acm_user_clazz` [ RunTime:0.0008s ]
SQL: SELECT stu.id as id,stu.nickname as nickname FROM acm_user_clazz a,acm_user stu WHERE ( a.clazz_id=1 and stu.id = a.user_id and stu.level = 0 )  [ RunTime:0.0005s ]
SQL: SHOW COLUMNS FROM `acm_user_clazz` [ RunTime:0.0007s ]
SQL: SELECT stu.id as id,stu.nickname as nickname,stu.grade as grade FROM acm_user_clazz a,acm_user stu,acm_user_admin ad WHERE ( a.clazz_id=1 and stu.id = a.user_id and stu.level = 1 and ad.clazz_id=1 )  [ RunTime:0.0008s ]
SQL: SHOW COLUMNS FROM `acm_clazz_work` [ RunTime:0.0007s ]
SQL: SELECT * FROM `acm_clazz_work` WHERE ( clazz_id=1 )  [ RunTime:0.0011s ]
INFO: [ view_parse ] --START--
INFO: [ template_filter ] --START--
INFO: Run Behavior\ContentReplaceBehavior [ RunTime:0.000138s ]
INFO: [ template_filter ] --END-- [ RunTime:0.000304s ]
SQL: SHOW COLUMNS FROM `acm_user` [ RunTime:0.0009s ]
SQL: SELECT COUNT(*) AS tp_count FROM `acm_user` WHERE `is_passed` = 0 LIMIT 1   [ RunTime:0.0005s ]
NOTIC: [8] A non well formed numeric value encountered /Library/WebServer/Documents/sys/Application/Runtime/Cache/Admin/12b9db679feabfac0f049c0ff352ce47.php 第 208 行.
INFO: Run Behavior\ParseTemplateBehavior [ RunTime:0.035482s ]
INFO: [ view_parse ] --END-- [ RunTime:0.035695s ]
INFO: [ view_filter ] --START--
INFO: Run Behavior\WriteHtmlCacheBehavior [ RunTime:0.000397s ]
INFO: [ view_filter ] --END-- [ RunTime:0.000590s ]
INFO: [ app_end ] --START--
INFO: Run Behavior\ShowPageTraceBehavior [ RunTime:0.001210s ]
INFO: [ app_end ] --END-- [ RunTime:0.002169s ]

[ 2017-05-25T20:05:12+08:00 ] ::1 /sys/admin.php/Class/doDemotionUser.html
INFO: [ app_init ] --START--
INFO: Run Behavior\BuildLiteBehavior [ RunTime:0.000021s ]
INFO: [ app_init ] --END-- [ RunTime:0.000389s ]
INFO: [ app_begin ] --START--
INFO: Run Behavior\ReadHtmlCacheBehavior [ RunTime:0.000456s ]
INFO: [ app_begin ] --END-- [ RunTime:0.000571s ]
SQL: SHOW COLUMNS FROM `acm_user` [ RunTime:0.0008s ]
SQL: UPDATE `acm_user` SET `level`='0' WHERE ( id=1 ) [ RunTime:0.0006s ]
SQL: SHOW COLUMNS FROM `acm_user_admin` [ RunTime:0.0005s ]
SQL: DELETE FROM `acm_user_admin` WHERE ( stu_id=1 ) [ RunTime:0.0005s ]

[ 2017-05-25T20:05:13+08:00 ] ::1 /sys/admin.php/OneClass/1
INFO: [ app_init ] --START--
INFO: Run Behavior\BuildLiteBehavior [ RunTime:0.000042s ]
INFO: [ app_init ] --END-- [ RunTime:0.001322s ]
INFO: [ app_begin ] --START--
INFO: Run Behavior\ReadHtmlCacheBehavior [ RunTime:0.000553s ]
INFO: [ app_begin ] --END-- [ RunTime:0.000653s ]
SQL: SHOW COLUMNS FROM `acm_clazz` [ RunTime:0.0008s ]
SQL: SELECT * FROM `acm_clazz` WHERE `id` = 1  [ RunTime:0.0004s ]
SQL: SHOW COLUMNS FROM `acm_user_clazz` [ RunTime:0.0007s ]
SQL: SELECT COUNT(*) AS tp_count FROM `acm_user_clazz` WHERE ( clazz_id=1 ) LIMIT 1   [ RunTime:0.0006s ]
SQL: SHOW COLUMNS FROM `acm_user_clazz` [ RunTime:0.0009s ]
SQL: SELECT stu.id as id,stu.nickname as nickname FROM acm_user_clazz a,acm_user stu WHERE ( a.clazz_id=1 and stu.id = a.user_id and stu.level = 0 )  [ RunTime:0.0005s ]
SQL: SHOW COLUMNS FROM `acm_user_clazz` [ RunTime:0.0008s ]
SQL: SELECT stu.id as id,stu.nickname as nickname,stu.grade as grade FROM acm_user_clazz a,acm_user stu,acm_user_admin ad WHERE ( a.clazz_id=1 and stu.id = a.user_id and stu.level = 1 and ad.clazz_id=1 )  [ RunTime:0.0007s ]
SQL: SHOW COLUMNS FROM `acm_clazz_work` [ RunTime:0.0008s ]
SQL: SELECT * FROM `acm_clazz_work` WHERE ( clazz_id=1 )  [ RunTime:0.0006s ]
INFO: [ view_parse ] --START--
INFO: [ template_filter ] --START--
INFO: Run Behavior\ContentReplaceBehavior [ RunTime:0.000295s ]
INFO: [ template_filter ] --END-- [ RunTime:0.000563s ]
SQL: SHOW COLUMNS FROM `acm_user` [ RunTime:0.0010s ]
SQL: SELECT COUNT(*) AS tp_count FROM `acm_user` WHERE `is_passed` = 0 LIMIT 1   [ RunTime:0.0004s ]
NOTIC: [8] A non well formed numeric value encountered /Library/WebServer/Documents/sys/Application/Runtime/Cache/Admin/12b9db679feabfac0f049c0ff352ce47.php 第 208 行.
INFO: Run Behavior\ParseTemplateBehavior [ RunTime:0.035524s ]
INFO: [ view_parse ] --END-- [ RunTime:0.035650s ]
INFO: [ view_filter ] --START--
INFO: Run Behavior\WriteHtmlCacheBehavior [ RunTime:0.000370s ]
INFO: [ view_filter ] --END-- [ RunTime:0.000485s ]
INFO: [ app_end ] --START--
INFO: Run Behavior\ShowPageTraceBehavior [ RunTime:0.001055s ]
INFO: [ app_end ] --END-- [ RunTime:0.001517s ]

[ 2017-05-25T20:09:26+08:00 ] ::1 /sys/admin.php/Class/doPermitUser.html
INFO: [ app_init ] --START--
INFO: Run Behavior\BuildLiteBehavior [ RunTime:0.000019s ]
INFO: [ app_init ] --END-- [ RunTime:0.000259s ]
INFO: [ app_begin ] --START--
INFO: Run Behavior\ReadHtmlCacheBehavior [ RunTime:0.000317s ]
INFO: [ app_begin ] --END-- [ RunTime:0.000383s ]
SQL: SHOW COLUMNS FROM `acm_user` [ RunTime:0.0005s ]
SQL: UPDATE `acm_user` SET `level`='1' WHERE ( id=1 ) [ RunTime:0.0011s ]
SQL: SHOW COLUMNS FROM `acm_user_admin` [ RunTime:0.0006s ]
SQL: INSERT INTO `acm_user_admin` (`clazz_id`,`stu_id`) VALUES ('1','1') [ RunTime:0.0005s ]

[ 2017-05-25T20:09:27+08:00 ] ::1 /sys/admin.php/OneClass/1
INFO: [ app_init ] --START--
INFO: Run Behavior\BuildLiteBehavior [ RunTime:0.000018s ]
INFO: [ app_init ] --END-- [ RunTime:0.000255s ]
INFO: [ app_begin ] --START--
INFO: Run Behavior\ReadHtmlCacheBehavior [ RunTime:0.000280s ]
INFO: [ app_begin ] --END-- [ RunTime:0.000358s ]
SQL: SHOW COLUMNS FROM `acm_clazz` [ RunTime:0.0008s ]
SQL: SELECT * FROM `acm_clazz` WHERE `id` = 1  [ RunTime:0.0004s ]
SQL: SHOW COLUMNS FROM `acm_user_clazz` [ RunTime:0.0004s ]
SQL: SELECT COUNT(*) AS tp_count FROM `acm_user_clazz` WHERE ( clazz_id=1 ) LIMIT 1   [ RunTime:0.0002s ]
SQL: SHOW COLUMNS FROM `acm_user_clazz` [ RunTime:0.0004s ]
SQL: SELECT stu.id as id,stu.nickname as nickname FROM acm_user_clazz a,acm_user stu WHERE ( a.clazz_id=1 and stu.id = a.user_id and stu.level = 0 )  [ RunTime:0.0003s ]
SQL: SHOW COLUMNS FROM `acm_user_clazz` [ RunTime:0.0004s ]
SQL: SELECT stu.id as id,stu.nickname as nickname,stu.grade as grade FROM acm_user_clazz a,acm_user stu,acm_user_admin ad WHERE ( a.clazz_id=1 and stu.id = a.user_id and stu.level = 1 and ad.clazz_id=1 )  [ RunTime:0.0003s ]
SQL: SHOW COLUMNS FROM `acm_clazz_work` [ RunTime:0.0004s ]
SQL: SELECT * FROM `acm_clazz_work` WHERE ( clazz_id=1 )  [ RunTime:0.0003s ]
INFO: [ view_parse ] --START--
INFO: [ template_filter ] --START--
INFO: Run Behavior\ContentReplaceBehavior [ RunTime:0.000147s ]
INFO: [ template_filter ] --END-- [ RunTime:0.000302s ]
SQL: SHOW COLUMNS FROM `acm_user` [ RunTime:0.0006s ]
SQL: SELECT COUNT(*) AS tp_count FROM `acm_user` WHERE `is_passed` = 0 LIMIT 1   [ RunTime:0.0003s ]
NOTIC: [8] A non well formed numeric value encountered /Library/WebServer/Documents/sys/Application/Runtime/Cache/Admin/12b9db679feabfac0f049c0ff352ce47.php 第 208 行.
INFO: Run Behavior\ParseTemplateBehavior [ RunTime:0.017143s ]
INFO: [ view_parse ] --END-- [ RunTime:0.017226s ]
INFO: [ view_filter ] --START--
INFO: Run Behavior\WriteHtmlCacheBehavior [ RunTime:0.000153s ]
INFO: [ view_filter ] --END-- [ RunTime:0.000219s ]
INFO: [ app_end ] --START--
INFO: Run Behavior\ShowPageTraceBehavior [ RunTime:0.000665s ]
INFO: [ app_end ] --END-- [ RunTime:0.000824s ]

[ 2017-05-25T20:09:31+08:00 ] ::1 /sys/admin.php/OneClass/1
INFO: [ app_init ] --START--
INFO: Run Behavior\BuildLiteBehavior [ RunTime:0.000019s ]
INFO: [ app_init ] --END-- [ RunTime:0.000270s ]
INFO: [ app_begin ] --START--
INFO: Run Behavior\ReadHtmlCacheBehavior [ RunTime:0.000762s ]
INFO: [ app_begin ] --END-- [ RunTime:0.000925s ]
SQL: SHOW COLUMNS FROM `acm_clazz` [ RunTime:0.0005s ]
SQL: SELECT * FROM `acm_clazz` WHERE `id` = 1  [ RunTime:0.0003s ]
SQL: SHOW COLUMNS FROM `acm_user_clazz` [ RunTime:0.0004s ]
SQL: SELECT COUNT(*) AS tp_count FROM `acm_user_clazz` WHERE ( clazz_id=1 ) LIMIT 1   [ RunTime:0.0003s ]
SQL: SHOW COLUMNS FROM `acm_user_clazz` [ RunTime:0.0005s ]
SQL: SELECT stu.id as id,stu.nickname as nickname FROM acm_user_clazz a,acm_user stu WHERE ( a.clazz_id=1 and stu.id = a.user_id and stu.level = 0 )  [ RunTime:0.0003s ]
SQL: SHOW COLUMNS FROM `acm_user_clazz` [ RunTime:0.0004s ]
SQL: SELECT stu.id as id,stu.nickname as nickname,stu.grade as grade FROM acm_user_clazz a,acm_user stu,acm_user_admin ad WHERE ( a.clazz_id=1 and stu.id = a.user_id and stu.level = 1 and ad.clazz_id=1 )  [ RunTime:0.0004s ]
SQL: SHOW COLUMNS FROM `acm_clazz_work` [ RunTime:0.0005s ]
SQL: SELECT * FROM `acm_clazz_work` WHERE ( clazz_id=1 )  [ RunTime:0.0003s ]
INFO: [ view_parse ] --START--
INFO: [ template_filter ] --START--
INFO: Run Behavior\ContentReplaceBehavior [ RunTime:0.000090s ]
INFO: [ template_filter ] --END-- [ RunTime:0.000174s ]
SQL: SHOW COLUMNS FROM `acm_user` [ RunTime:0.0006s ]
SQL: SELECT COUNT(*) AS tp_count FROM `acm_user` WHERE `is_passed` = 0 LIMIT 1   [ RunTime:0.0003s ]
NOTIC: [8] A non well formed numeric value encountered /Library/WebServer/Documents/sys/Application/Runtime/Cache/Admin/12b9db679feabfac0f049c0ff352ce47.php 第 208 行.
INFO: Run Behavior\ParseTemplateBehavior [ RunTime:0.017710s ]
INFO: [ view_parse ] --END-- [ RunTime:0.017799s ]
INFO: [ view_filter ] --START--
INFO: Run Behavior\WriteHtmlCacheBehavior [ RunTime:0.000301s ]
INFO: [ view_filter ] --END-- [ RunTime:0.000413s ]
INFO: [ app_end ] --START--
INFO: Run Behavior\ShowPageTraceBehavior [ RunTime:0.000589s ]
INFO: [ app_end ] --END-- [ RunTime:0.000860s ]

[ 2017-05-25T23:56:55+08:00 ] ::1 /sys/admin.php/Check/CheckStuSign.html
INFO: [ app_init ] --START--
INFO: Run Behavior\BuildLiteBehavior [ RunTime:0.000019s ]
INFO: [ app_init ] --END-- [ RunTime:0.000270s ]
INFO: [ app_begin ] --START--
INFO: Run Behavior\ReadHtmlCacheBehavior [ RunTime:0.000471s ]
INFO: [ app_begin ] --END-- [ RunTime:0.000587s ]
INFO: [ view_parse ] --START--
INFO: [ template_filter ] --START--
INFO: Run Behavior\ContentReplaceBehavior [ RunTime:0.000052s ]
INFO: [ template_filter ] --END-- [ RunTime:0.000134s ]
INFO: Run Behavior\ParseTemplateBehavior [ RunTime:0.004015s ]
INFO: [ view_parse ] --END-- [ RunTime:0.004097s ]
INFO: [ view_filter ] --START--
INFO: Run Behavior\WriteHtmlCacheBehavior [ RunTime:0.000139s ]
INFO: [ view_filter ] --END-- [ RunTime:0.000205s ]

[ 2017-05-25T23:56:56+08:00 ] ::1 /sys/admin.php/Check/CheckStuSign.html
INFO: [ app_init ] --START--
INFO: Run Behavior\BuildLiteBehavior [ RunTime:0.000020s ]
INFO: [ app_init ] --END-- [ RunTime:0.000283s ]
INFO: [ app_begin ] --START--
INFO: Run Behavior\ReadHtmlCacheBehavior [ RunTime:0.000285s ]
INFO: [ app_begin ] --END-- [ RunTime:0.000361s ]
INFO: [ view_parse ] --START--
INFO: [ template_filter ] --START--
INFO: Run Behavior\ContentReplaceBehavior [ RunTime:0.000055s ]
INFO: [ template_filter ] --END-- [ RunTime:0.000139s ]
INFO: Run Behavior\ParseTemplateBehavior [ RunTime:0.004792s ]
INFO: [ view_parse ] --END-- [ RunTime:0.004873s ]
INFO: [ view_filter ] --START--
INFO: Run Behavior\WriteHtmlCacheBehavior [ RunTime:0.000125s ]
INFO: [ view_filter ] --END-- [ RunTime:0.000194s ]

[ 2017-05-25T23:56:57+08:00 ] ::1 /sys/admin.php/User/login.html
INFO: [ app_init ] --START--
INFO: Run Behavior\BuildLiteBehavior [ RunTime:0.000019s ]
INFO: [ app_init ] --END-- [ RunTime:0.000275s ]
INFO: [ app_begin ] --START--
INFO: Run Behavior\ReadHtmlCacheBehavior [ RunTime:0.000307s ]
INFO: [ app_begin ] --END-- [ RunTime:0.000385s ]
INFO: [ view_parse ] --START--
INFO: [ template_filter ] --START--
INFO: Run Behavior\ContentReplaceBehavior [ RunTime:0.000053s ]
INFO: [ template_filter ] --END-- [ RunTime:0.000129s ]
INFO: Run Behavior\ParseTemplateBehavior [ RunTime:0.004397s ]
INFO: [ view_parse ] --END-- [ RunTime:0.004502s ]
INFO: [ view_filter ] --START--
INFO: Run Behavior\WriteHtmlCacheBehavior [ RunTime:0.000149s ]
INFO: [ view_filter ] --END-- [ RunTime:0.000229s ]
INFO: [ app_end ] --START--
INFO: Run Behavior\ShowPageTraceBehavior [ RunTime:0.000749s ]
INFO: [ app_end ] --END-- [ RunTime:0.000890s ]

[ 2017-05-25T23:56:57+08:00 ] ::1 /sys/admin.php/User/css/master.css
INFO: [ app_init ] --START--
INFO: Run Behavior\BuildLiteBehavior [ RunTime:0.000093s ]
INFO: [ app_init ] --END-- [ RunTime:0.000996s ]
INFO: [ app_begin ] --START--
INFO: Run Behavior\ReadHtmlCacheBehavior [ RunTime:0.001499s ]
INFO: [ app_begin ] --END-- [ RunTime:0.001677s ]
ERR: 非法操作:css

[ 2017-05-25T23:57:03+08:00 ] ::1 /sys/admin.php/User/doLogin.html
INFO: [ app_init ] --START--
INFO: Run Behavior\BuildLiteBehavior [ RunTime:0.000035s ]
INFO: [ app_init ] --END-- [ RunTime:0.000571s ]
INFO: [ app_begin ] --START--
INFO: Run Behavior\ReadHtmlCacheBehavior [ RunTime:0.000316s ]
INFO: [ app_begin ] --END-- [ RunTime:0.000401s ]
SQL: SHOW COLUMNS FROM `acm_admin` [ RunTime:0.0015s ]
SQL: SELECT * FROM `acm_admin` WHERE `username` = 'admin1'  [ RunTime:0.0005s ]
SQL: UPDATE `acm_admin` SET `lastLoginTime`='2017-05-25 23:57:03' WHERE `username` = 'admin1' [ RunTime:0.0010s ]
INFO: [ view_parse ] --START--
INFO: [ template_filter ] --START--
INFO: Run Behavior\ContentReplaceBehavior [ RunTime:0.000052s ]
INFO: [ template_filter ] --END-- [ RunTime:0.000124s ]
INFO: Run Behavior\ParseTemplateBehavior [ RunTime:0.009681s ]
INFO: [ view_parse ] --END-- [ RunTime:0.009789s ]
INFO: [ view_filter ] --START--
INFO: Run Behavior\WriteHtmlCacheBehavior [ RunTime:0.000158s ]
INFO: [ view_filter ] --END-- [ RunTime:0.000237s ]
INFO: [ app_end ] --START--
INFO: Run Behavior\ShowPageTraceBehavior [ RunTime:0.000365s ]
INFO: [ app_end ] --END-- [ RunTime:0.000448s ]

[ 2017-05-25T23:57:05+08:00 ] ::1 /sys/admin.php/Index/index.html
INFO: [ app_init ] --START--
INFO: Run Behavior\BuildLiteBehavior [ RunTime:0.000019s ]
INFO: [ app_init ] --END-- [ RunTime:0.000270s ]
INFO: [ app_begin ] --START--
INFO: Run Behavior\ReadHtmlCacheBehavior [ RunTime:0.000282s ]
INFO: [ app_begin ] --END-- [ RunTime:0.000355s ]
SQL: SHOW COLUMNS FROM `acm_user` [ RunTime:0.0006s ]
SQL: SELECT COUNT(*) AS tp_count FROM `acm_user` LIMIT 1   [ RunTime:0.0002s ]
SQL: SHOW COLUMNS FROM `acm_clazz` [ RunTime:0.0005s ]
SQL: SELECT COUNT(*) AS tp_count FROM `acm_user` LIMIT 1   [ RunTime:0.0002s ]
SQL: SHOW COLUMNS FROM `acm_admin` [ RunTime:0.0005s ]
SQL: SELECT COUNT(*) AS tp_count FROM `acm_admin` LIMIT 1   [ RunTime:0.0009s ]
SQL: SHOW COLUMNS FROM `acm_todaylogin` [ RunTime:0.0013s ]
SQL: SELECT COUNT(*) AS tp_count FROM `acm_todaylogin` LIMIT 1   [ RunTime:0.0003s ]
SQL: SHOW COLUMNS FROM `acm_inform` [ RunTime:0.0004s ]
SQL: SELECT * FROM `acm_inform`  [ RunTime:0.0003s ]
INFO: [ view_parse ] --START--
INFO: [ template_filter ] --START--
INFO: Run Behavior\ContentReplaceBehavior [ RunTime:0.000063s ]
INFO: [ template_filter ] --END-- [ RunTime:0.000149s ]
SQL: SELECT COUNT(*) AS tp_count FROM `acm_user` WHERE `is_passed` = 0 LIMIT 1   [ RunTime:0.0004s ]
INFO: Run Behavior\ParseTemplateBehavior [ RunTime:0.014027s ]
INFO: [ view_parse ] --END-- [ RunTime:0.014129s ]
INFO: [ view_filter ] --START--
INFO: Run Behavior\WriteHtmlCacheBehavior [ RunTime:0.000280s ]
INFO: [ view_filter ] --END-- [ RunTime:0.000362s ]
INFO: [ app_end ] --START--
INFO: Run Behavior\ShowPageTraceBehavior [ RunTime:0.000890s ]
INFO: [ app_end ] --END-- [ RunTime:0.001176s ]

[ 2017-05-25T23:58:24+08:00 ] ::1 /sys/admin.php/Index/index.html
INFO: [ app_init ] --START--
INFO: Run Behavior\BuildLiteBehavior [ RunTime:0.000024s ]
INFO: [ app_init ] --END-- [ RunTime:0.000601s ]
INFO: [ app_begin ] --START--
INFO: Run Behavior\ReadHtmlCacheBehavior [ RunTime:0.000802s ]
INFO: [ app_begin ] --END-- [ RunTime:0.000922s ]
SQL: SHOW COLUMNS FROM `acm_user` [ RunTime:0.0006s ]
SQL: SELECT COUNT(*) AS tp_count FROM `acm_user` LIMIT 1   [ RunTime:0.0003s ]
SQL: SHOW COLUMNS FROM `acm_clazz` [ RunTime:0.0007s ]
SQL: SELECT COUNT(*) AS tp_count FROM `acm_user` LIMIT 1   [ RunTime:0.0002s ]
SQL: SHOW COLUMNS FROM `acm_admin` [ RunTime:0.0005s ]
SQL: SELECT COUNT(*) AS tp_count FROM `acm_admin` LIMIT 1   [ RunTime:0.0002s ]
SQL: SHOW COLUMNS FROM `acm_todaylogin` [ RunTime:0.0004s ]
SQL: SELECT COUNT(*) AS tp_count FROM `acm_todaylogin` LIMIT 1   [ RunTime:0.0002s ]
SQL: SHOW COLUMNS FROM `acm_inform` [ RunTime:0.0004s ]
SQL: SELECT * FROM `acm_inform`  [ RunTime:0.0002s ]
INFO: [ view_parse ] --START--
INFO: [ template_filter ] --START--
INFO: Run Behavior\ContentReplaceBehavior [ RunTime:0.000085s ]
INFO: [ template_filter ] --END-- [ RunTime:0.000185s ]
SQL: SELECT COUNT(*) AS tp_count FROM `acm_user` WHERE `is_passed` = 0 LIMIT 1   [ RunTime:0.0004s ]
INFO: Run Behavior\ParseTemplateBehavior [ RunTime:0.015345s ]
INFO: [ view_parse ] --END-- [ RunTime:0.015434s ]
INFO: [ view_filter ] --START--
INFO: Run Behavior\WriteHtmlCacheBehavior [ RunTime:0.000532s ]
INFO: [ view_filter ] --END-- [ RunTime:0.000632s ]
INFO: [ app_end ] --START--
INFO: Run Behavior\ShowPageTraceBehavior [ RunTime:0.001013s ]
INFO: [ app_end ] --END-- [ RunTime:0.001235s ]

[ 2017-05-25T23:58:25+08:00 ] ::1 /sys/admin.php/Check/CheckStuSign.html
INFO: [ app_init ] --START--
INFO: Run Behavior\BuildLiteBehavior [ RunTime:0.000018s ]
INFO: [ app_init ] --END-- [ RunTime:0.000260s ]
INFO: [ app_begin ] --START--
INFO: Run Behavior\ReadHtmlCacheBehavior [ RunTime:0.000278s ]
INFO: [ app_begin ] --END-- [ RunTime:0.000349s ]
SQL: SHOW COLUMNS FROM `acm_user` [ RunTime:0.0005s ]
SQL: SELECT COUNT(*) AS tp_count FROM `acm_user` WHERE ( is_passed=0 ) LIMIT 1   [ RunTime:0.0002s ]
SQL: SELECT `id`,`nickname`,`institude`,`grade` FROM `acm_user` WHERE `is_passed` = 0 LIMIT 0,8   [ RunTime:0.0003s ]
INFO: [ view_parse ] --START--
INFO: [ template_filter ] --START--
INFO: Run Behavior\ContentReplaceBehavior [ RunTime:0.000067s ]
INFO: [ template_filter ] --END-- [ RunTime:0.000150s ]
SQL: SELECT COUNT(*) AS tp_count FROM `acm_user` WHERE `is_passed` = 0 LIMIT 1   [ RunTime:0.0003s ]
INFO: Run Behavior\ParseTemplateBehavior [ RunTime:0.010758s ]
INFO: [ view_parse ] --END-- [ RunTime:0.010848s ]
INFO: [ view_filter ] --START--
INFO: Run Behavior\WriteHtmlCacheBehavior [ RunTime:0.000130s ]
INFO: [ view_filter ] --END-- [ RunTime:0.000194s ]
INFO: [ app_end ] --START--
INFO: Run Behavior\ShowPageTraceBehavior [ RunTime:0.000546s ]
INFO: [ app_end ] --END-- [ RunTime:0.000722s ]

